2024-09-12 07:42:14.641 [info] [main] Log level: Info
2024-09-12 07:42:14.641 [info] [main] Validating found git in: "git"
2024-09-12 07:42:14.641 [info] [main] Using git "2.40.1" from "git"
2024-09-12 07:42:14.641 [info] [Model][doInitialScan] Initial repository scan started
2024-09-12 07:42:14.641 [info] > git rev-parse --show-toplevel [16ms]
2024-09-12 07:42:14.641 [info] > git rev-parse --git-dir --git-common-dir [1ms]
2024-09-12 07:42:14.641 [info] [Model][openRepository] Opened repository: /home/ec2-user/devops
2024-09-12 07:42:14.641 [info] > git config --get commit.template [5ms]
2024-09-12 07:42:14.641 [info] > git rev-parse --show-toplevel [7ms]
2024-09-12 07:42:14.641 [info] > git for-each-ref --format=%(refname)%00%(upstream:short)%00%(objectname)%00%(upstream:track)%00%(upstream:remotename)%00%(upstream:remoteref) refs/heads/main refs/remotes/main [4ms]
2024-09-12 07:42:14.641 [info] > git rev-parse --show-toplevel [4ms]
2024-09-12 07:42:14.641 [info] > git rev-parse --show-toplevel [1ms]
2024-09-12 07:42:14.641 [info] > git status -z -uall [7ms]
2024-09-12 07:42:14.641 [info] > git for-each-ref --format=%(refname)%00%(upstream:short)%00%(objectname)%00%(upstream:track)%00%(upstream:remotename)%00%(upstream:remoteref) refs/heads/main refs/remotes/main [11ms]
2024-09-12 07:42:14.641 [info] > git rev-parse --show-toplevel [19ms]
2024-09-12 07:42:14.641 [info] [Model][doInitialScan] Initial repository scan completed - repositories (1), closed repositories (0), parent repositories (0), unsafe repositories (0)
2024-09-12 07:42:14.641 [info] > git config --local branch.main.vscode-merge-base [12ms]
2024-09-12 07:42:14.641 [info] > git config --get commit.template [16ms]
2024-09-12 07:42:14.641 [info] > git for-each-ref --format=%(refname)%00%(upstream:short)%00%(objectname)%00%(upstream:track)%00%(upstream:remotename)%00%(upstream:remoteref) refs/heads/origin/main refs/remotes/origin/main [5ms]
2024-09-12 07:42:14.641 [info] > git for-each-ref --format=%(refname)%00%(upstream:short)%00%(objectname)%00%(upstream:track)%00%(upstream:remotename)%00%(upstream:remoteref) refs/heads/main refs/remotes/main [6ms]
2024-09-12 07:42:14.641 [info] > git merge-base refs/heads/main refs/remotes/origin/main [9ms]
2024-09-12 07:42:14.641 [info] > git status -z -uall [3ms]
2024-09-12 07:42:14.641 [info] > git for-each-ref --format=%(refname)%00%(upstream:short)%00%(objectname)%00%(upstream:track)%00%(upstream:remotename)%00%(upstream:remoteref) refs/heads/main refs/remotes/main [3ms]
2024-09-12 07:42:14.641 [info] > git rev-list --count --left-right refs/heads/main...refs/remotes/origin/main [10ms]
2024-09-12 07:42:14.641 [info] > git diff --name-status -z --diff-filter=ADMR 6a11c06f6991ea9a7b953dfde01df0116c70dd8f...refs/remotes/origin/main [32ms]
2024-09-12 07:42:14.641 [info] > git config --local branch.main.vscode-merge-base [39ms]
2024-09-12 07:42:14.642 [info] > git for-each-ref --format=%(refname)%00%(upstream:short)%00%(objectname)%00%(upstream:track)%00%(upstream:remotename)%00%(upstream:remoteref) refs/heads/origin/main refs/remotes/origin/main [2ms]
2024-09-12 07:42:15.079 [info] > git fetch [569ms]
2024-09-12 07:42:15.099 [info] > git config --get commit.template [6ms]
2024-09-12 07:42:15.101 [info] > git for-each-ref --format=%(refname)%00%(upstream:short)%00%(objectname)%00%(upstream:track)%00%(upstream:remotename)%00%(upstream:remoteref) refs/heads/main refs/remotes/main [1ms]
2024-09-12 07:42:15.105 [info] > git status -z -uall [2ms]
2024-09-12 07:42:15.111 [info] > git for-each-ref --format=%(refname)%00%(upstream:short)%00%(objectname)%00%(upstream:track)%00%(upstream:remotename)%00%(upstream:remoteref) refs/heads/main refs/remotes/main [4ms]
2024-09-12 07:42:15.113 [info] > git config --local branch.main.vscode-merge-base [1ms]
2024-09-12 07:42:15.116 [info] > git for-each-ref --format=%(refname)%00%(upstream:short)%00%(objectname)%00%(upstream:track)%00%(upstream:remotename)%00%(upstream:remoteref) refs/heads/origin/main refs/remotes/origin/main [2ms]
2024-09-12 07:42:15.173 [info] > git check-ignore -v -z --stdin [2ms]
2024-09-12 07:42:16.371 [info] > git config --get commit.template [2ms]
2024-09-12 07:42:16.373 [info] > git for-each-ref --format=%(refname)%00%(upstream:short)%00%(objectname)%00%(upstream:track)%00%(upstream:remotename)%00%(upstream:remoteref) refs/heads/main refs/remotes/main [1ms]
2024-09-12 07:42:16.375 [info] > git status -z -uall [1ms]
2024-09-12 07:42:16.380 [info] > git for-each-ref --format=%(refname)%00%(upstream:short)%00%(objectname)%00%(upstream:track)%00%(upstream:remotename)%00%(upstream:remoteref) refs/heads/main refs/remotes/main [2ms]
2024-09-12 07:42:16.383 [info] > git config --local branch.main.vscode-merge-base [1ms]
2024-09-12 07:42:16.385 [info] > git for-each-ref --format=%(refname)%00%(upstream:short)%00%(objectname)%00%(upstream:track)%00%(upstream:remotename)%00%(upstream:remoteref) refs/heads/origin/main refs/remotes/origin/main [1ms]
2024-09-12 07:42:21.601 [info] > git log --format=%H%n%aN%n%aE%n%at%n%ct%n%P%n%D%n%B -z --shortstat --diff-merges=first-parent -n50 --skip=0 --topo-order --decorate=full 6a11c06f6991ea9a7b953dfde01df0116c70dd8f [29ms]
2024-09-12 07:42:21.994 [info] > git log --format=%H%n%aN%n%aE%n%at%n%ct%n%P%n%D%n%B -z --shortstat --diff-merges=first-parent -n50 --skip=0 --topo-order --decorate=full 6a11c06f6991ea9a7b953dfde01df0116c70dd8f [3ms]
2024-09-12 07:42:22.080 [info] > git check-ignore -v -z --stdin [1ms]
2024-09-12 07:42:25.223 [info] > git check-ignore -v -z --stdin [2ms]
2024-09-12 07:42:30.677 [info] > git show --textconv HEAD:ansible/role.yml [61ms]
2024-09-12 07:42:30.677 [info] > git show --textconv HEAD:ansible/sample.yml [59ms]
2024-09-12 07:42:30.677 [info] > git show --textconv HEAD:ansible/roles/README.md [56ms]
2024-09-12 07:42:30.677 [info] > git show --textconv HEAD:ansible/roles/defaults/main.yml [54ms]
2024-09-12 07:42:30.677 [info] > git show --textconv HEAD:ansible/roles/handlers/main.yml [52ms]
2024-09-12 07:42:30.677 [info] > git show --textconv HEAD:ansible/roles/meta/main.yml [50ms]
2024-09-12 07:42:30.677 [info] > git show --textconv HEAD:ansible/roles/tasks/main.yml [48ms]
2024-09-12 07:42:30.677 [info] > git show --textconv HEAD:ansible/roles/tests/inventory [46ms]
2024-09-12 07:42:30.677 [info] > git show --textconv HEAD:ansible/roles/tests/test.yml [44ms]
2024-09-12 07:42:30.677 [info] > git show --textconv HEAD:ansible/roles/vars/main.yml [41ms]
2024-09-12 07:42:30.677 [info] > git ls-tree -l HEAD -- /home/ec2-user/devops/ansible/roles/tests/test.yml [7ms]
2024-09-12 07:42:30.677 [info] > git ls-tree -l HEAD -- /home/ec2-user/devops/ansible/roles/tests/inventory [9ms]
2024-09-12 07:42:30.678 [info] > git ls-tree -l HEAD -- /home/ec2-user/devops/ansible/roles/tasks/main.yml [11ms]
2024-09-12 07:42:30.678 [info] > git ls-tree -l HEAD -- /home/ec2-user/devops/ansible/roles/meta/main.yml [28ms]
2024-09-12 07:42:30.678 [info] > git ls-tree -l HEAD -- /home/ec2-user/devops/ansible/roles/handlers/main.yml [30ms]
2024-09-12 07:42:30.678 [info] > git ls-tree -l HEAD -- /home/ec2-user/devops/ansible/roles/defaults/main.yml [32ms]
2024-09-12 07:42:30.678 [info] > git ls-tree -l HEAD -- /home/ec2-user/devops/ansible/roles/README.md [34ms]
2024-09-12 07:42:30.680 [info] > git ls-tree -l HEAD -- /home/ec2-user/devops/ansible/sample.yml [36ms]
2024-09-12 07:42:30.680 [info] > git ls-tree -l HEAD -- /home/ec2-user/devops/ansible/role.yml [41ms]
2024-09-12 07:42:30.683 [info] > git ls-tree -l HEAD -- /home/ec2-user/devops/ansible/roles/vars/main.yml [11ms]
2024-09-12 07:42:38.948 [info] > git add -A -- /home/ec2-user/devops/ansible/sample.yml /home/ec2-user/devops/ansible/role.yml /home/ec2-user/devops/ansible/roles/README.md /home/ec2-user/devops/ansible/roles/defaults/main.yml /home/ec2-user/devops/ansible/roles/handlers/main.yml /home/ec2-user/devops/ansible/roles/meta/main.yml /home/ec2-user/devops/ansible/roles/tasks/main.yml /home/ec2-user/devops/ansible/roles/tests/inventory /home/ec2-user/devops/ansible/roles/tests/test.yml /home/ec2-user/devops/ansible/roles/vars/main.yml [5ms]
2024-09-12 07:42:38.953 [info] > git config --get commit.template [3ms]
2024-09-12 07:42:38.956 [info] > git for-each-ref --format=%(refname)%00%(upstream:short)%00%(objectname)%00%(upstream:track)%00%(upstream:remotename)%00%(upstream:remoteref) refs/heads/main refs/remotes/main [4ms]
2024-09-12 07:42:38.959 [info] > git status -z -uall [1ms]
2024-09-12 07:42:38.964 [info] > git for-each-ref --format=%(refname)%00%(upstream:short)%00%(objectname)%00%(upstream:track)%00%(upstream:remotename)%00%(upstream:remoteref) refs/heads/main refs/remotes/main [2ms]
2024-09-12 07:42:38.968 [info] > git config --local branch.main.vscode-merge-base [2ms]
2024-09-12 07:42:38.970 [info] > git for-each-ref --format=%(refname)%00%(upstream:short)%00%(objectname)%00%(upstream:track)%00%(upstream:remotename)%00%(upstream:remoteref) refs/heads/origin/main refs/remotes/origin/main [1ms]
2024-09-12 07:42:40.187 [info] > git config --get commit.template [3ms]
2024-09-12 07:42:40.189 [info] > git for-each-ref --format=%(refname)%00%(upstream:short)%00%(objectname)%00%(upstream:track)%00%(upstream:remotename)%00%(upstream:remoteref) refs/heads/main refs/remotes/main [2ms]
2024-09-12 07:42:40.192 [info] > git status -z -uall [2ms]
2024-09-12 07:42:40.198 [info] > git for-each-ref --format=%(refname)%00%(upstream:short)%00%(objectname)%00%(upstream:track)%00%(upstream:remotename)%00%(upstream:remoteref) refs/heads/main refs/remotes/main [5ms]
2024-09-12 07:42:40.200 [info] > git config --local branch.main.vscode-merge-base [1ms]
2024-09-12 07:42:40.202 [info] > git for-each-ref --format=%(refname)%00%(upstream:short)%00%(objectname)%00%(upstream:track)%00%(upstream:remotename)%00%(upstream:remoteref) refs/heads/origin/main refs/remotes/origin/main [1ms]
2024-09-12 07:42:45.199 [info] > git config --get commit.template [3ms]
2024-09-12 07:42:45.201 [info] > git for-each-ref --format=%(refname)%00%(upstream:short)%00%(objectname)%00%(upstream:track)%00%(upstream:remotename)%00%(upstream:remoteref) refs/heads/main refs/remotes/main [3ms]
2024-09-12 07:42:45.204 [info] > git status -z -uall [2ms]
2024-09-12 07:42:45.208 [info] > git for-each-ref --format=%(refname)%00%(upstream:short)%00%(objectname)%00%(upstream:track)%00%(upstream:remotename)%00%(upstream:remoteref) refs/heads/main refs/remotes/main [2ms]
2024-09-12 07:42:45.211 [info] > git config --local branch.main.vscode-merge-base [2ms]
2024-09-12 07:42:45.214 [info] > git for-each-ref --format=%(refname)%00%(upstream:short)%00%(objectname)%00%(upstream:track)%00%(upstream:remotename)%00%(upstream:remoteref) refs/heads/origin/main refs/remotes/origin/main [2ms]
2024-09-12 07:42:51.423 [info] > git show --textconv HEAD:ansible/role.yml [89ms]
2024-09-12 07:42:51.423 [info] > git show --textconv :ansible/role.yml [86ms]
2024-09-12 07:42:51.423 [info] > git show --textconv HEAD:ansible/sample.yml [84ms]
2024-09-12 07:42:51.423 [info] > git show --textconv :ansible/sample.yml [82ms]
2024-09-12 07:42:51.423 [info] > git show --textconv HEAD:ansible/roles/README.md [80ms]
2024-09-12 07:42:51.423 [info] > git show --textconv :ansible/roles/README.md [77ms]
2024-09-12 07:42:51.423 [info] > git show --textconv HEAD:ansible/roles/defaults/main.yml [75ms]
2024-09-12 07:42:51.423 [info] > git show --textconv :ansible/roles/defaults/main.yml [73ms]
2024-09-12 07:42:51.423 [info] > git show --textconv HEAD:ansible/roles/handlers/main.yml [70ms]
2024-09-12 07:42:51.423 [info] > git show --textconv :ansible/roles/handlers/main.yml [68ms]
2024-09-12 07:42:51.423 [info] > git show --textconv HEAD:ansible/roles/meta/main.yml [65ms]
2024-09-12 07:42:51.423 [info] > git show --textconv :ansible/roles/meta/main.yml [63ms]
2024-09-12 07:42:51.423 [info] > git show --textconv HEAD:ansible/roles/tasks/main.yml [61ms]
2024-09-12 07:42:51.423 [info] > git show --textconv :ansible/roles/tasks/main.yml [59ms]
2024-09-12 07:42:51.423 [info] > git show --textconv HEAD:ansible/roles/tests/inventory [57ms]
2024-09-12 07:42:51.423 [info] > git show --textconv :ansible/roles/tests/inventory [55ms]
2024-09-12 07:42:51.423 [info] > git show --textconv HEAD:ansible/roles/tests/test.yml [53ms]
2024-09-12 07:42:51.423 [info] > git show --textconv :ansible/roles/tests/test.yml [51ms]
2024-09-12 07:42:51.423 [info] > git show --textconv HEAD:ansible/roles/vars/main.yml [49ms]
2024-09-12 07:42:51.423 [info] > git show --textconv :ansible/roles/vars/main.yml [46ms]
2024-09-12 07:42:51.428 [info] > git ls-tree -l HEAD -- /home/ec2-user/devops/ansible/roles/vars/main.yml [12ms]
2024-09-12 07:42:51.428 [info] > git ls-files --stage -- /home/ec2-user/devops/ansible/roles/tests/test.yml [13ms]
2024-09-12 07:42:51.429 [info] > git ls-tree -l HEAD -- /home/ec2-user/devops/ansible/roles/tests/test.yml [16ms]
2024-09-12 07:42:51.430 [info] > git ls-files --stage -- /home/ec2-user/devops/ansible/roles/tests/inventory [19ms]
2024-09-12 07:42:51.432 [info] > git ls-tree -l HEAD -- /home/ec2-user/devops/ansible/roles/tests/inventory [24ms]
2024-09-12 07:42:51.432 [info] > git ls-files --stage -- /home/ec2-user/devops/ansible/roles/tasks/main.yml [26ms]
2024-09-12 07:42:51.434 [info] > git ls-tree -l HEAD -- /home/ec2-user/devops/ansible/roles/tasks/main.yml [31ms]
2024-09-12 07:42:51.434 [info] > git ls-files --stage -- /home/ec2-user/devops/ansible/roles/meta/main.yml [33ms]
2024-09-12 07:42:51.436 [info] > git ls-tree -l HEAD -- /home/ec2-user/devops/ansible/roles/meta/main.yml [37ms]
2024-09-12 07:42:51.436 [info] > git ls-files --stage -- /home/ec2-user/devops/ansible/roles/handlers/main.yml [39ms]
2024-09-12 07:42:51.438 [info] > git ls-tree -l HEAD -- /home/ec2-user/devops/ansible/roles/handlers/main.yml [43ms]
2024-09-12 07:42:51.439 [info] > git ls-files --stage -- /home/ec2-user/devops/ansible/roles/defaults/main.yml [46ms]
2024-09-12 07:42:51.442 [info] > git ls-tree -l HEAD -- /home/ec2-user/devops/ansible/roles/defaults/main.yml [51ms]
2024-09-12 07:42:51.442 [info] > git ls-files --stage -- /home/ec2-user/devops/ansible/roles/README.md [53ms]
2024-09-12 07:42:51.444 [info] > git ls-tree -l HEAD -- /home/ec2-user/devops/ansible/roles/README.md [57ms]
2024-09-12 07:42:51.444 [info] > git ls-files --stage -- /home/ec2-user/devops/ansible/sample.yml [59ms]
2024-09-12 07:42:51.446 [info] > git ls-tree -l HEAD -- /home/ec2-user/devops/ansible/sample.yml [63ms]
2024-09-12 07:42:51.447 [info] > git ls-files --stage -- /home/ec2-user/devops/ansible/role.yml [65ms]
2024-09-12 07:42:51.448 [info] > git ls-tree -l HEAD -- /home/ec2-user/devops/ansible/role.yml [69ms]
2024-09-12 07:42:51.456 [info] > git cat-file -s 723b9972346fb584bc49cc277888d1e249a49ef6 [8ms]
2024-09-12 07:42:51.459 [info] > git cat-file -s d8095a55deca9f8fd765b3d7a3055edb76cc6de5 [13ms]
2024-09-12 07:42:51.459 [info] > git cat-file -s 225dd44b9fc5b3abff7e9c68ff9e91d505cdd5f0 [15ms]
2024-09-12 07:42:51.460 [info] > git cat-file -s e583ff49d1d5bdeeddb63646984c273e2492d80f [18ms]
2024-09-12 07:42:51.460 [info] > git cat-file -s ee253cf2fd5183d0f91fa9eb6c860a8ed3795bb6 [22ms]
2024-09-12 07:42:51.460 [info] > git cat-file -s c572acc9f8b466bea50f2799b0ca1956418b862c [24ms]
2024-09-12 07:42:51.460 [info] > git cat-file -s 7a22972dda11412d25e66fa858c8a49d95430399 [26ms]
2024-09-12 07:42:51.460 [info] > git cat-file -s 878877b0776c44f55fc4e458f70840f31da5bb01 [28ms]
2024-09-12 07:42:51.460 [info] > git cat-file -s d1b0deaf78789b7a668d833385b441286a2e5547 [31ms]
2024-09-12 07:42:51.461 [info] > git ls-files --stage -- /home/ec2-user/devops/ansible/roles/vars/main.yml [43ms]
2024-09-12 07:42:51.463 [info] > git cat-file -s 50ec86eb97459a38b15449790afa3709540fa547 [1ms]
2024-09-12 07:42:59.254 [info] > git show --textconv :.git/COMMIT_EDITMSG [3ms]
2024-09-12 07:42:59.255 [info] > git ls-files --stage -- /home/ec2-user/devops/.git/COMMIT_EDITMSG [2ms]
2024-09-12 07:42:59.523 [info] > git check-ignore -v -z --stdin [2ms]
2024-09-12 07:42:59.937 [info] > git ls-files --stage -- /home/ec2-user/devops/ansible/roles/vars/main.yml [4ms]
2024-09-12 07:42:59.939 [info] > git ls-tree -l HEAD -- /home/ec2-user/devops/ansible/roles/vars/main.yml [8ms]
2024-09-12 07:42:59.939 [info] > git ls-files --stage -- /home/ec2-user/devops/ansible/roles/tests/test.yml [9ms]
2024-09-12 07:42:59.941 [info] > git ls-tree -l HEAD -- /home/ec2-user/devops/ansible/roles/tests/test.yml [13ms]
2024-09-12 07:42:59.941 [info] > git ls-files --stage -- /home/ec2-user/devops/ansible/roles/tests/inventory [16ms]
2024-09-12 07:42:59.943 [info] > git ls-tree -l HEAD -- /home/ec2-user/devops/ansible/roles/tests/inventory [20ms]
2024-09-12 07:42:59.943 [info] > git ls-files --stage -- /home/ec2-user/devops/ansible/roles/tasks/main.yml [26ms]
2024-09-12 07:42:59.946 [info] > git ls-tree -l HEAD -- /home/ec2-user/devops/ansible/roles/tasks/main.yml [37ms]
2024-09-12 07:42:59.946 [info] > git ls-files --stage -- /home/ec2-user/devops/ansible/roles/meta/main.yml [38ms]
2024-09-12 07:42:59.948 [info] > git ls-tree -l HEAD -- /home/ec2-user/devops/ansible/roles/meta/main.yml [42ms]
2024-09-12 07:42:59.949 [info] > git ls-files --stage -- /home/ec2-user/devops/ansible/roles/handlers/main.yml [45ms]
2024-09-12 07:42:59.950 [info] > git ls-tree -l HEAD -- /home/ec2-user/devops/ansible/roles/handlers/main.yml [48ms]
2024-09-12 07:42:59.951 [info] > git ls-files --stage -- /home/ec2-user/devops/ansible/roles/defaults/main.yml [51ms]
2024-09-12 07:42:59.956 [info] > git ls-tree -l HEAD -- /home/ec2-user/devops/ansible/roles/defaults/main.yml [58ms]
2024-09-12 07:42:59.956 [info] > git ls-files --stage -- /home/ec2-user/devops/ansible/roles/README.md [61ms]
2024-09-12 07:42:59.958 [info] > git ls-tree -l HEAD -- /home/ec2-user/devops/ansible/roles/README.md [65ms]
2024-09-12 07:42:59.958 [info] > git ls-files --stage -- /home/ec2-user/devops/ansible/sample.yml [67ms]
2024-09-12 07:42:59.960 [info] > git ls-tree -l HEAD -- /home/ec2-user/devops/ansible/sample.yml [71ms]
2024-09-12 07:42:59.961 [info] > git ls-files --stage -- /home/ec2-user/devops/ansible/role.yml [74ms]
2024-09-12 07:42:59.963 [info] > git ls-tree -l HEAD -- /home/ec2-user/devops/ansible/role.yml [79ms]
2024-09-12 07:42:59.964 [info] > git cat-file -s d8095a55deca9f8fd765b3d7a3055edb76cc6de5 [4ms]
2024-09-12 07:42:59.964 [info] > git cat-file -s 225dd44b9fc5b3abff7e9c68ff9e91d505cdd5f0 [6ms]
2024-09-12 07:42:59.965 [info] > git cat-file -s e583ff49d1d5bdeeddb63646984c273e2492d80f [9ms]
2024-09-12 07:42:59.965 [info] > git cat-file -s ee253cf2fd5183d0f91fa9eb6c860a8ed3795bb6 [15ms]
2024-09-12 07:42:59.965 [info] > git cat-file -s c572acc9f8b466bea50f2799b0ca1956418b862c [17ms]
2024-09-12 07:42:59.965 [info] > git cat-file -s 7a22972dda11412d25e66fa858c8a49d95430399 [19ms]
2024-09-12 07:42:59.966 [info] > git cat-file -s 878877b0776c44f55fc4e458f70840f31da5bb01 [23ms]
2024-09-12 07:42:59.966 [info] > git cat-file -s d1b0deaf78789b7a668d833385b441286a2e5547 [25ms]
2024-09-12 07:42:59.966 [info] > git cat-file -s 50ec86eb97459a38b15449790afa3709540fa547 [27ms]
2024-09-12 07:42:59.966 [info] > git ls-files --stage -- /home/ec2-user/devops/.git/COMMIT_EDITMSG [31ms]
2024-09-12 07:42:59.968 [info] > git cat-file -s 723b9972346fb584bc49cc277888d1e249a49ef6 [6ms]
2024-09-12 07:43:00.094 [info] > git show --textconv HEAD:ansible/roles/vars/main.yml [32ms]
2024-09-12 07:43:00.094 [info] > git show --textconv HEAD:ansible/roles/tests/test.yml [30ms]
2024-09-12 07:43:00.094 [info] > git show --textconv HEAD:ansible/roles/tests/inventory [28ms]
2024-09-12 07:43:00.094 [info] > git show --textconv HEAD:ansible/roles/tasks/main.yml [26ms]
2024-09-12 07:43:00.094 [info] > git show --textconv HEAD:ansible/roles/meta/main.yml [24ms]
2024-09-12 07:43:00.094 [info] > git show --textconv HEAD:ansible/roles/handlers/main.yml [22ms]
2024-09-12 07:43:00.094 [info] > git show --textconv HEAD:ansible/roles/defaults/main.yml [19ms]
2024-09-12 07:43:00.094 [info] > git show --textconv HEAD:ansible/roles/README.md [17ms]
2024-09-12 07:43:00.094 [info] > git show --textconv HEAD:ansible/sample.yml [15ms]
2024-09-12 07:43:00.094 [info] > git show --textconv HEAD:ansible/role.yml [13ms]
2024-09-12 07:43:00.094 [info] > git show --textconv :ansible/sample.yml [11ms]
2024-09-12 07:43:00.094 [info] > git show --textconv :ansible/roles/README.md [9ms]
2024-09-12 07:43:00.098 [info] > git show --textconv :ansible/roles/defaults/main.yml [11ms]
2024-09-12 07:43:00.158 [info] > git show --textconv :ansible/roles/handlers/main.yml [16ms]
2024-09-12 07:43:00.158 [info] > git show --textconv :ansible/roles/meta/main.yml [14ms]
2024-09-12 07:43:00.158 [info] > git show --textconv :ansible/roles/tasks/main.yml [12ms]
2024-09-12 07:43:00.158 [info] > git show --textconv :ansible/roles/tests/inventory [10ms]
2024-09-12 07:43:00.158 [info] > git show --textconv :ansible/roles/tests/test.yml [7ms]
2024-09-12 07:43:00.158 [info] > git show --textconv :ansible/roles/vars/main.yml [5ms]
2024-09-12 07:43:00.158 [info] > git show --textconv :.git/COMMIT_EDITMSG [3ms]
2024-09-12 07:43:00.162 [info] > git show --textconv :ansible/role.yml [5ms]
2024-09-12 07:43:53.058 [info] > git ls-tree -l HEAD -- /home/ec2-user/devops/ansible/roles/README.md [2ms]
2024-09-12 07:43:53.059 [info] > git ls-files --stage -- /home/ec2-user/devops/ansible/sample.yml [5ms]
2024-09-12 07:43:53.061 [info] > git ls-tree -l HEAD -- /home/ec2-user/devops/ansible/sample.yml [10ms]
2024-09-12 07:43:53.061 [info] > git ls-files --stage -- /home/ec2-user/devops/ansible/role.yml [12ms]
2024-09-12 07:43:53.064 [info] > git ls-tree -l HEAD -- /home/ec2-user/devops/ansible/role.yml [18ms]
2024-09-12 07:43:53.064 [info] > git cat-file -s d8095a55deca9f8fd765b3d7a3055edb76cc6de5 [4ms]
2024-09-12 07:43:53.064 [info] > git ls-files --stage -- /home/ec2-user/devops/ansible/roles/README.md [6ms]
2024-09-12 07:43:53.067 [info] > git cat-file -s 723b9972346fb584bc49cc277888d1e249a49ef6 [3ms]
2024-09-12 07:43:53.068 [info] > git cat-file -s 225dd44b9fc5b3abff7e9c68ff9e91d505cdd5f0 [2ms]
2024-09-12 07:43:57.953 [info] > git ls-tree -l HEAD -- /home/ec2-user/devops/ansible/roles/README.md [3ms]
2024-09-12 07:43:57.953 [info] > git ls-files --stage -- /home/ec2-user/devops/ansible/sample.yml [4ms]
2024-09-12 07:43:57.955 [info] > git ls-tree -l HEAD -- /home/ec2-user/devops/ansible/sample.yml [8ms]
2024-09-12 07:43:57.955 [info] > git ls-files --stage -- /home/ec2-user/devops/ansible/role.yml [10ms]
2024-09-12 07:43:57.958 [info] > git ls-tree -l HEAD -- /home/ec2-user/devops/ansible/role.yml [16ms]
2024-09-12 07:43:57.959 [info] > git cat-file -s d8095a55deca9f8fd765b3d7a3055edb76cc6de5 [4ms]
2024-09-12 07:43:57.959 [info] > git ls-files --stage -- /home/ec2-user/devops/ansible/roles/README.md [7ms]
2024-09-12 07:43:57.961 [info] > git cat-file -s 723b9972346fb584bc49cc277888d1e249a49ef6 [3ms]
2024-09-12 07:43:57.963 [info] > git cat-file -s 225dd44b9fc5b3abff7e9c68ff9e91d505cdd5f0 [2ms]
2024-09-12 07:44:05.997 [info] > git ls-tree -l HEAD -- /home/ec2-user/devops/ansible/roles/README.md [3ms]
2024-09-12 07:44:05.997 [info] > git ls-files --stage -- /home/ec2-user/devops/ansible/sample.yml [5ms]
2024-09-12 07:44:05.999 [info] > git ls-tree -l HEAD -- /home/ec2-user/devops/ansible/sample.yml [9ms]
2024-09-12 07:44:06.000 [info] > git ls-files --stage -- /home/ec2-user/devops/ansible/role.yml [12ms]
2024-09-12 07:44:06.002 [info] > git ls-tree -l HEAD -- /home/ec2-user/devops/ansible/role.yml [15ms]
2024-09-12 07:44:06.002 [info] > git cat-file -s d8095a55deca9f8fd765b3d7a3055edb76cc6de5 [3ms]
2024-09-12 07:44:06.002 [info] > git ls-files --stage -- /home/ec2-user/devops/ansible/roles/README.md [6ms]
2024-09-12 07:44:06.004 [info] > git cat-file -s 723b9972346fb584bc49cc277888d1e249a49ef6 [3ms]
2024-09-12 07:44:06.006 [info] > git cat-file -s 225dd44b9fc5b3abff7e9c68ff9e91d505cdd5f0 [2ms]
2024-09-12 07:44:42.553 [info] > git ls-tree -l HEAD -- /home/ec2-user/devops/ansible/roles/README.md [3ms]
2024-09-12 07:44:42.553 [info] > git ls-files --stage -- /home/ec2-user/devops/ansible/sample.yml [5ms]
2024-09-12 07:44:42.555 [info] > git ls-tree -l HEAD -- /home/ec2-user/devops/ansible/sample.yml [9ms]
2024-09-12 07:44:42.555 [info] > git ls-files --stage -- /home/ec2-user/devops/ansible/role.yml [11ms]
2024-09-12 07:44:42.557 [info] > git ls-tree -l HEAD -- /home/ec2-user/devops/ansible/role.yml [15ms]
2024-09-12 07:44:42.558 [info] > git cat-file -s d8095a55deca9f8fd765b3d7a3055edb76cc6de5 [3ms]
2024-09-12 07:44:42.559 [info] > git ls-files --stage -- /home/ec2-user/devops/ansible/roles/README.md [7ms]
2024-09-12 07:44:42.561 [info] > git cat-file -s 723b9972346fb584bc49cc277888d1e249a49ef6 [4ms]
2024-09-12 07:44:42.562 [info] > git cat-file -s 225dd44b9fc5b3abff7e9c68ff9e91d505cdd5f0 [2ms]
2024-09-12 07:44:50.655 [info] > git ls-tree -l HEAD -- /home/ec2-user/devops/ansible/roles/README.md [2ms]
2024-09-12 07:44:50.656 [info] > git ls-files --stage -- /home/ec2-user/devops/ansible/sample.yml [5ms]
2024-09-12 07:44:50.658 [info] > git ls-tree -l HEAD -- /home/ec2-user/devops/ansible/sample.yml [11ms]
2024-09-12 07:44:50.658 [info] > git ls-files --stage -- /home/ec2-user/devops/ansible/role.yml [13ms]
2024-09-12 07:44:50.660 [info] > git ls-tree -l HEAD -- /home/ec2-user/devops/ansible/role.yml [17ms]
2024-09-12 07:44:50.661 [info] > git cat-file -s d8095a55deca9f8fd765b3d7a3055edb76cc6de5 [4ms]
2024-09-12 07:44:50.661 [info] > git ls-files --stage -- /home/ec2-user/devops/ansible/roles/README.md [6ms]
2024-09-12 07:44:50.663 [info] > git cat-file -s 723b9972346fb584bc49cc277888d1e249a49ef6 [3ms]
2024-09-12 07:44:50.665 [info] > git cat-file -s 225dd44b9fc5b3abff7e9c68ff9e91d505cdd5f0 [2ms]
2024-09-12 07:45:14.070 [info] > git config --get commit.template [3ms]
2024-09-12 07:45:14.076 [info] > git for-each-ref --format=%(refname)%00%(upstream:short)%00%(objectname)%00%(upstream:track)%00%(upstream:remotename)%00%(upstream:remoteref) refs/heads/main refs/remotes/main [6ms]
2024-09-12 07:45:14.079 [info] > git status -z -uall [2ms]
2024-09-12 07:45:14.086 [info] > git for-each-ref --format=%(refname)%00%(upstream:short)%00%(objectname)%00%(upstream:track)%00%(upstream:remotename)%00%(upstream:remoteref) refs/heads/main refs/remotes/main [6ms]
2024-09-12 07:45:14.089 [info] > git config --local branch.main.vscode-merge-base [1ms]
2024-09-12 07:45:14.091 [info] > git for-each-ref --format=%(refname)%00%(upstream:short)%00%(objectname)%00%(upstream:track)%00%(upstream:remotename)%00%(upstream:remoteref) refs/heads/origin/main refs/remotes/origin/main [1ms]
2024-09-12 07:45:14.094 [info] > git merge-base refs/heads/main refs/remotes/origin/main [2ms]
2024-09-12 07:45:14.096 [info] > git rev-list --count --left-right refs/heads/main...refs/remotes/origin/main [1ms]
2024-09-12 07:45:14.100 [info] > git diff --name-status -z --diff-filter=ADMR 6a11c06f6991ea9a7b953dfde01df0116c70dd8f...refs/remotes/origin/main [1ms]
2024-09-12 07:45:14.330 [info] > git log --format=%H%n%aN%n%aE%n%at%n%ct%n%P%n%D%n%B -z --shortstat --diff-merges=first-parent -n50 --skip=0 --topo-order --decorate=full c0050f5f1d5df16171b4d22d8365d4eb5d703ecb 6a11c06f6991ea9a7b953dfde01df0116c70dd8f [3ms]
2024-09-12 07:45:15.340 [info] > git ls-files --stage -- /home/ec2-user/devops/.git/COMMIT_EDITMSG [2ms]
2024-09-12 07:45:15.568 [info] > git show --textconv :.git/COMMIT_EDITMSG [2ms]
2024-09-12 07:45:30.415 [info] > git config --get commit.template [2ms]
2024-09-12 07:45:30.417 [info] > git for-each-ref --format=%(refname)%00%(upstream:short)%00%(objectname)%00%(upstream:track)%00%(upstream:remotename)%00%(upstream:remoteref) refs/heads/main refs/remotes/main [1ms]
2024-09-12 07:45:30.421 [info] > git status -z -uall [1ms]
2024-09-12 07:45:30.426 [info] > git for-each-ref --format=%(refname)%00%(upstream:short)%00%(objectname)%00%(upstream:track)%00%(upstream:remotename)%00%(upstream:remoteref) refs/heads/main refs/remotes/main [3ms]
2024-09-12 07:45:30.429 [info] > git config --local branch.main.vscode-merge-base [2ms]
2024-09-12 07:45:30.432 [info] > git for-each-ref --format=%(refname)%00%(upstream:short)%00%(objectname)%00%(upstream:track)%00%(upstream:remotename)%00%(upstream:remoteref) refs/heads/origin/main refs/remotes/origin/main [1ms]
2024-09-12 07:45:34.956 [info] > git config --get commit.template [2ms]
2024-09-12 07:45:34.957 [info] > git for-each-ref --format=%(refname)%00%(upstream:short)%00%(objectname)%00%(upstream:track)%00%(upstream:remotename)%00%(upstream:remoteref) refs/heads/main refs/remotes/main [2ms]
2024-09-12 07:45:34.961 [info] > git status -z -uall [3ms]
2024-09-12 07:45:34.967 [info] > git for-each-ref --format=%(refname)%00%(upstream:short)%00%(objectname)%00%(upstream:track)%00%(upstream:remotename)%00%(upstream:remoteref) refs/heads/main refs/remotes/main [2ms]
2024-09-12 07:45:34.969 [info] > git config --local branch.main.vscode-merge-base [1ms]
2024-09-12 07:45:34.972 [info] > git for-each-ref --format=%(refname)%00%(upstream:short)%00%(objectname)%00%(upstream:track)%00%(upstream:remotename)%00%(upstream:remoteref) refs/heads/origin/main refs/remotes/origin/main [1ms]
2024-09-12 07:45:56.091 [info] > git config --get commit.template [2ms]
2024-09-12 07:45:56.092 [info] > git for-each-ref --format=%(refname)%00%(upstream:short)%00%(objectname)%00%(upstream:track)%00%(upstream:remotename)%00%(upstream:remoteref) refs/heads/main refs/remotes/main [1ms]
2024-09-12 07:45:56.097 [info] > git status -z -uall [3ms]
2024-09-12 07:45:56.101 [info] > git for-each-ref --format=%(refname)%00%(upstream:short)%00%(objectname)%00%(upstream:track)%00%(upstream:remotename)%00%(upstream:remoteref) refs/heads/main refs/remotes/main [2ms]
2024-09-12 07:45:56.104 [info] > git config --local branch.main.vscode-merge-base [1ms]
2024-09-12 07:45:56.106 [info] > git for-each-ref --format=%(refname)%00%(upstream:short)%00%(objectname)%00%(upstream:track)%00%(upstream:remotename)%00%(upstream:remoteref) refs/heads/origin/main refs/remotes/origin/main [1ms]
2024-09-12 07:45:57.651 [info] > git ls-files --stage -- /home/ec2-user/devops/.git/COMMIT_EDITMSG [1ms]
2024-09-12 07:45:57.808 [info] > git show --textconv :.git/COMMIT_EDITMSG [2ms]
2024-09-12 07:46:03.570 [info] > git config --get commit.template [2ms]
2024-09-12 07:46:03.572 [info] > git for-each-ref --format=%(refname)%00%(upstream:short)%00%(objectname)%00%(upstream:track)%00%(upstream:remotename)%00%(upstream:remoteref) refs/heads/main refs/remotes/main [2ms]
2024-09-12 07:46:03.575 [info] > git status -z -uall [2ms]
2024-09-12 07:46:03.580 [info] > git for-each-ref --format=%(refname)%00%(upstream:short)%00%(objectname)%00%(upstream:track)%00%(upstream:remotename)%00%(upstream:remoteref) refs/heads/main refs/remotes/main [4ms]
2024-09-12 07:46:03.582 [info] > git config --local branch.main.vscode-merge-base [1ms]
2024-09-12 07:46:03.584 [info] > git for-each-ref --format=%(refname)%00%(upstream:short)%00%(objectname)%00%(upstream:track)%00%(upstream:remotename)%00%(upstream:remoteref) refs/heads/origin/main refs/remotes/origin/main [1ms]
2024-09-12 07:46:03.587 [info] > git merge-base refs/heads/main refs/remotes/origin/main [1ms]
2024-09-12 07:46:03.590 [info] > git rev-list --count --left-right refs/heads/main...refs/remotes/origin/main [2ms]
2024-09-12 07:46:03.592 [info] > git diff --name-status -z --diff-filter=ADMR c0050f5f1d5df16171b4d22d8365d4eb5d703ecb...refs/remotes/origin/main [1ms]
2024-09-12 07:46:03.785 [info] > git log --format=%H%n%aN%n%aE%n%at%n%ct%n%P%n%D%n%B -z --shortstat --diff-merges=first-parent -n50 --skip=0 --topo-order --decorate=full c0050f5f1d5df16171b4d22d8365d4eb5d703ecb [7ms]
2024-09-12 07:46:05.010 [info] > git ls-files --stage -- /home/ec2-user/devops/.git/COMMIT_EDITMSG [1ms]
2024-09-12 07:46:05.168 [info] > git show --textconv :.git/COMMIT_EDITMSG [1ms]
2024-09-12 07:46:50.720 [info] > git -c user.useConfigOnly=true commit --quiet [232524ms]
2024-09-12 07:46:50.720 [info] fatal: cannot lock ref 'HEAD': is at c0050f5f1d5df16171b4d22d8365d4eb5d703ecb but expected 6a11c06f6991ea9a7b953dfde01df0116c70dd8f
2024-09-12 07:46:50.722 [info] > git config --get-all user.name [1ms]
2024-09-12 07:46:50.724 [info] > git config --get-all user.email [1ms]
2024-09-12 07:46:50.728 [info] > git config --get commit.template [2ms]
2024-09-12 07:46:50.730 [info] > git for-each-ref --format=%(refname)%00%(upstream:short)%00%(objectname)%00%(upstream:track)%00%(upstream:remotename)%00%(upstream:remoteref) refs/heads/main refs/remotes/main [2ms]
2024-09-12 07:46:50.732 [info] > git status -z -uall [1ms]
2024-09-12 07:46:50.742 [info] > git for-each-ref --format=%(refname)%00%(upstream:short)%00%(objectname)%00%(upstream:track)%00%(upstream:remotename)%00%(upstream:remoteref) refs/heads/main refs/remotes/main [8ms]
2024-09-12 07:46:50.746 [info] > git config --local branch.main.vscode-merge-base [2ms]
2024-09-12 07:46:50.752 [info] > git for-each-ref --format=%(refname)%00%(upstream:short)%00%(objectname)%00%(upstream:track)%00%(upstream:remotename)%00%(upstream:remoteref) refs/heads/origin/main refs/remotes/origin/main [4ms]
2024-09-12 07:46:51.268 [info] > git fetch [530ms]
2024-09-12 07:46:51.272 [info] > git config --get commit.template [2ms]
2024-09-12 07:46:51.273 [info] > git for-each-ref --format=%(refname)%00%(upstream:short)%00%(objectname)%00%(upstream:track)%00%(upstream:remotename)%00%(upstream:remoteref) refs/heads/main refs/remotes/main [1ms]
2024-09-12 07:46:51.276 [info] > git status -z -uall [2ms]
2024-09-12 07:46:51.280 [info] > git for-each-ref --format=%(refname)%00%(upstream:short)%00%(objectname)%00%(upstream:track)%00%(upstream:remotename)%00%(upstream:remoteref) refs/heads/main refs/remotes/main [2ms]
2024-09-12 07:46:51.283 [info] > git config --local branch.main.vscode-merge-base [1ms]
2024-09-12 07:46:51.286 [info] > git for-each-ref --format=%(refname)%00%(upstream:short)%00%(objectname)%00%(upstream:track)%00%(upstream:remotename)%00%(upstream:remoteref) refs/heads/origin/main refs/remotes/origin/main [1ms]
2024-09-12 07:47:01.516 [info] > git config --get commit.template [3ms]
2024-09-12 07:47:01.518 [info] > git for-each-ref --format=%(refname)%00%(upstream:short)%00%(objectname)%00%(upstream:track)%00%(upstream:remotename)%00%(upstream:remoteref) refs/heads/main refs/remotes/main [3ms]
2024-09-12 07:47:01.520 [info] > git status -z -uall [1ms]
2024-09-12 07:47:01.524 [info] > git for-each-ref --format=%(refname)%00%(upstream:short)%00%(objectname)%00%(upstream:track)%00%(upstream:remotename)%00%(upstream:remoteref) refs/heads/main refs/remotes/main [2ms]
2024-09-12 07:47:01.526 [info] > git config --local branch.main.vscode-merge-base [1ms]
2024-09-12 07:47:01.528 [info] > git for-each-ref --format=%(refname)%00%(upstream:short)%00%(objectname)%00%(upstream:track)%00%(upstream:remotename)%00%(upstream:remoteref) refs/heads/origin/main refs/remotes/origin/main [1ms]
2024-09-12 07:47:06.529 [info] > git config --get commit.template [3ms]
2024-09-12 07:47:06.530 [info] > git for-each-ref --format=%(refname)%00%(upstream:short)%00%(objectname)%00%(upstream:track)%00%(upstream:remotename)%00%(upstream:remoteref) refs/heads/main refs/remotes/main [2ms]
2024-09-12 07:47:06.533 [info] > git status -z -uall [2ms]
2024-09-12 07:47:06.536 [info] > git for-each-ref --format=%(refname)%00%(upstream:short)%00%(objectname)%00%(upstream:track)%00%(upstream:remotename)%00%(upstream:remoteref) refs/heads/main refs/remotes/main [2ms]
2024-09-12 07:47:06.539 [info] > git config --local branch.main.vscode-merge-base [2ms]
2024-09-12 07:47:06.541 [info] > git for-each-ref --format=%(refname)%00%(upstream:short)%00%(objectname)%00%(upstream:track)%00%(upstream:remotename)%00%(upstream:remoteref) refs/heads/origin/main refs/remotes/origin/main [1ms]
2024-09-12 07:48:28.869 [info] > git check-ignore -v -z --stdin [1ms]
2024-09-12 07:48:31.807 [info] > git check-ignore -v -z --stdin [2ms]
2024-09-12 07:49:42.070 [info] > git show --textconv :ansible/playbook.yml [2ms]
2024-09-12 07:49:42.072 [info] > git ls-files --stage -- /home/ec2-user/devops/ansible/playbook.yml [2ms]
2024-09-12 07:49:42.074 [info] > git cat-file -s 7806ab0eb78af3a04e9e24833bb0bda79234e1e8 [1ms]
2024-09-12 07:49:45.035 [info] > git show --textconv :ansible/practice.yml [3ms]
2024-09-12 07:49:45.037 [info] > git ls-files --stage -- /home/ec2-user/devops/ansible/practice.yml [3ms]
2024-09-12 07:49:45.039 [info] > git cat-file -s 22c5a7ccb0835e66186e0481de57d763ee7a1cde [1ms]
2024-09-12 07:49:45.762 [info] > git show --textconv :ansible/role.yml [3ms]
2024-09-12 07:49:45.764 [info] > git ls-files --stage -- /home/ec2-user/devops/ansible/role.yml [2ms]
2024-09-12 07:49:45.767 [info] > git cat-file -s 723b9972346fb584bc49cc277888d1e249a49ef6 [2ms]
2024-09-12 07:49:47.174 [info] > git show --textconv :ansible/sample.yml [2ms]
2024-09-12 07:49:47.177 [info] > git ls-files --stage -- /home/ec2-user/devops/ansible/sample.yml [3ms]
2024-09-12 07:49:47.179 [info] > git cat-file -s d8095a55deca9f8fd765b3d7a3055edb76cc6de5 [1ms]
2024-09-12 07:49:47.960 [info] > git show --textconv :ansible/svariable.yml [3ms]
2024-09-12 07:49:47.961 [info] > git ls-files --stage -- /home/ec2-user/devops/ansible/svariable.yml [2ms]
2024-09-12 07:49:47.963 [info] > git cat-file -s 50ce9ab3c4704752e9247027148d63cb5a2adbd6 [1ms]
2024-09-12 07:49:51.774 [info] > git fetch [491ms]
2024-09-12 07:49:51.778 [info] > git config --get commit.template [3ms]
2024-09-12 07:49:51.779 [info] > git for-each-ref --format=%(refname)%00%(upstream:short)%00%(objectname)%00%(upstream:track)%00%(upstream:remotename)%00%(upstream:remoteref) refs/heads/main refs/remotes/main [2ms]
2024-09-12 07:49:51.782 [info] > git status -z -uall [2ms]
2024-09-12 07:49:51.785 [info] > git for-each-ref --format=%(refname)%00%(upstream:short)%00%(objectname)%00%(upstream:track)%00%(upstream:remotename)%00%(upstream:remoteref) refs/heads/main refs/remotes/main [2ms]
2024-09-12 07:49:51.787 [info] > git config --local branch.main.vscode-merge-base [1ms]
2024-09-12 07:49:51.791 [info] > git for-each-ref --format=%(refname)%00%(upstream:short)%00%(objectname)%00%(upstream:track)%00%(upstream:remotename)%00%(upstream:remoteref) refs/heads/origin/main refs/remotes/origin/main [2ms]
2024-09-12 07:49:53.097 [info] > git config --get commit.template [4ms]
2024-09-12 07:49:53.098 [info] > git for-each-ref --format=%(refname)%00%(upstream:short)%00%(objectname)%00%(upstream:track)%00%(upstream:remotename)%00%(upstream:remoteref) refs/heads/main refs/remotes/main [3ms]
2024-09-12 07:49:53.101 [info] > git status -z -uall [2ms]
2024-09-12 07:49:53.105 [info] > git for-each-ref --format=%(refname)%00%(upstream:short)%00%(objectname)%00%(upstream:track)%00%(upstream:remotename)%00%(upstream:remoteref) refs/heads/main refs/remotes/main [2ms]
2024-09-12 07:49:53.110 [info] > git config --local branch.main.vscode-merge-base [3ms]
2024-09-12 07:49:53.112 [info] > git for-each-ref --format=%(refname)%00%(upstream:short)%00%(objectname)%00%(upstream:track)%00%(upstream:remotename)%00%(upstream:remoteref) refs/heads/origin/main refs/remotes/origin/main [1ms]
2024-09-12 07:49:53.320 [info] > git ls-files --stage -- /home/ec2-user/devops/ansible/svariable.yml [1ms]
2024-09-12 07:49:53.322 [info] > git cat-file -s 50ce9ab3c4704752e9247027148d63cb5a2adbd6 [1ms]
2024-09-12 07:49:53.588 [info] > git show --textconv :ansible/svariable.yml [2ms]
2024-09-12 07:52:52.280 [info] > git fetch [493ms]
2024-09-12 07:52:52.284 [info] > git config --get commit.template [2ms]
2024-09-12 07:52:52.285 [info] > git for-each-ref --format=%(refname)%00%(upstream:short)%00%(objectname)%00%(upstream:track)%00%(upstream:remotename)%00%(upstream:remoteref) refs/heads/main refs/remotes/main [1ms]
2024-09-12 07:52:52.288 [info] > git status -z -uall [2ms]
2024-09-12 07:52:52.292 [info] > git for-each-ref --format=%(refname)%00%(upstream:short)%00%(objectname)%00%(upstream:track)%00%(upstream:remotename)%00%(upstream:remoteref) refs/heads/main refs/remotes/main [3ms]
2024-09-12 07:52:52.294 [info] > git config --local branch.main.vscode-merge-base [1ms]
2024-09-12 07:52:52.297 [info] > git for-each-ref --format=%(refname)%00%(upstream:short)%00%(objectname)%00%(upstream:track)%00%(upstream:remotename)%00%(upstream:remoteref) refs/heads/origin/main refs/remotes/origin/main [1ms]
2024-09-12 07:52:53.571 [info] > git config --get commit.template [3ms]
2024-09-12 07:52:53.572 [info] > git for-each-ref --format=%(refname)%00%(upstream:short)%00%(objectname)%00%(upstream:track)%00%(upstream:remotename)%00%(upstream:remoteref) refs/heads/main refs/remotes/main [1ms]
2024-09-12 07:52:53.575 [info] > git status -z -uall [1ms]
2024-09-12 07:52:53.579 [info] > git for-each-ref --format=%(refname)%00%(upstream:short)%00%(objectname)%00%(upstream:track)%00%(upstream:remotename)%00%(upstream:remoteref) refs/heads/main refs/remotes/main [2ms]
2024-09-12 07:52:53.582 [info] > git config --local branch.main.vscode-merge-base [1ms]
2024-09-12 07:52:53.585 [info] > git for-each-ref --format=%(refname)%00%(upstream:short)%00%(objectname)%00%(upstream:track)%00%(upstream:remotename)%00%(upstream:remoteref) refs/heads/origin/main refs/remotes/origin/main [2ms]
2024-09-12 07:52:53.758 [info] > git ls-files --stage -- /home/ec2-user/devops/ansible/svariable.yml [1ms]
2024-09-12 07:52:53.760 [info] > git cat-file -s 50ce9ab3c4704752e9247027148d63cb5a2adbd6 [2ms]
2024-09-12 07:52:54.009 [info] > git show --textconv :ansible/svariable.yml [2ms]
2024-09-12 07:52:58.582 [info] > git config --get commit.template [2ms]
2024-09-12 07:52:58.584 [info] > git for-each-ref --format=%(refname)%00%(upstream:short)%00%(objectname)%00%(upstream:track)%00%(upstream:remotename)%00%(upstream:remoteref) refs/heads/main refs/remotes/main [2ms]
2024-09-12 07:52:58.587 [info] > git status -z -uall [2ms]
2024-09-12 07:52:58.593 [info] > git for-each-ref --format=%(refname)%00%(upstream:short)%00%(objectname)%00%(upstream:track)%00%(upstream:remotename)%00%(upstream:remoteref) refs/heads/main refs/remotes/main [5ms]
2024-09-12 07:52:58.596 [info] > git config --local branch.main.vscode-merge-base [1ms]
2024-09-12 07:52:58.598 [info] > git for-each-ref --format=%(refname)%00%(upstream:short)%00%(objectname)%00%(upstream:track)%00%(upstream:remotename)%00%(upstream:remoteref) refs/heads/origin/main refs/remotes/origin/main [1ms]
2024-09-12 07:53:05.251 [info] > git config --get commit.template [2ms]
2024-09-12 07:53:05.253 [info] > git for-each-ref --format=%(refname)%00%(upstream:short)%00%(objectname)%00%(upstream:track)%00%(upstream:remotename)%00%(upstream:remoteref) refs/heads/main refs/remotes/main [2ms]
2024-09-12 07:53:05.256 [info] > git status -z -uall [1ms]
2024-09-12 07:53:05.260 [info] > git for-each-ref --format=%(refname)%00%(upstream:short)%00%(objectname)%00%(upstream:track)%00%(upstream:remotename)%00%(upstream:remoteref) refs/heads/main refs/remotes/main [2ms]
2024-09-12 07:53:05.263 [info] > git config --local branch.main.vscode-merge-base [2ms]
2024-09-12 07:53:05.265 [info] > git for-each-ref --format=%(refname)%00%(upstream:short)%00%(objectname)%00%(upstream:track)%00%(upstream:remotename)%00%(upstream:remoteref) refs/heads/origin/main refs/remotes/origin/main [1ms]
2024-09-12 07:54:17.911 [info] > git config --get commit.template [2ms]
2024-09-12 07:54:17.913 [info] > git for-each-ref --format=%(refname)%00%(upstream:short)%00%(objectname)%00%(upstream:track)%00%(upstream:remotename)%00%(upstream:remoteref) refs/heads/main refs/remotes/main [2ms]
2024-09-12 07:54:17.916 [info] > git status -z -uall [2ms]
2024-09-12 07:54:17.920 [info] > git for-each-ref --format=%(refname)%00%(upstream:short)%00%(objectname)%00%(upstream:track)%00%(upstream:remotename)%00%(upstream:remoteref) refs/heads/main refs/remotes/main [2ms]
2024-09-12 07:54:17.922 [info] > git config --local branch.main.vscode-merge-base [1ms]
2024-09-12 07:54:17.924 [info] > git for-each-ref --format=%(refname)%00%(upstream:short)%00%(objectname)%00%(upstream:track)%00%(upstream:remotename)%00%(upstream:remoteref) refs/heads/origin/main refs/remotes/origin/main [1ms]
2024-09-12 07:54:44.617 [info] > git config --get commit.template [11ms]
2024-09-12 07:54:44.618 [info] > git for-each-ref --format=%(refname)%00%(upstream:short)%00%(objectname)%00%(upstream:track)%00%(upstream:remotename)%00%(upstream:remoteref) refs/heads/main refs/remotes/main [1ms]
2024-09-12 07:54:44.627 [info] > git status -z -uall [1ms]
2024-09-12 07:54:44.638 [info] > git for-each-ref --format=%(refname)%00%(upstream:short)%00%(objectname)%00%(upstream:track)%00%(upstream:remotename)%00%(upstream:remoteref) refs/heads/main refs/remotes/main [2ms]
2024-09-12 07:54:44.647 [info] > git config --local branch.main.vscode-merge-base [1ms]
2024-09-12 07:54:44.657 [info] > git for-each-ref --format=%(refname)%00%(upstream:short)%00%(objectname)%00%(upstream:track)%00%(upstream:remotename)%00%(upstream:remoteref) refs/heads/origin/main refs/remotes/origin/main [1ms]
2024-09-12 07:55:27.534 [info] > git config --get commit.template [3ms]
2024-09-12 07:55:27.536 [info] > git for-each-ref --format=%(refname)%00%(upstream:short)%00%(objectname)%00%(upstream:track)%00%(upstream:remotename)%00%(upstream:remoteref) refs/heads/main refs/remotes/main [3ms]
2024-09-12 07:55:27.540 [info] > git status -z -uall [2ms]
2024-09-12 07:55:27.543 [info] > git for-each-ref --format=%(refname)%00%(upstream:short)%00%(objectname)%00%(upstream:track)%00%(upstream:remotename)%00%(upstream:remoteref) refs/heads/main refs/remotes/main [2ms]
2024-09-12 07:55:27.546 [info] > git config --local branch.main.vscode-merge-base [1ms]
2024-09-12 07:55:27.548 [info] > git for-each-ref --format=%(refname)%00%(upstream:short)%00%(objectname)%00%(upstream:track)%00%(upstream:remotename)%00%(upstream:remoteref) refs/heads/origin/main refs/remotes/origin/main [1ms]
2024-09-12 07:55:52.803 [info] > git fetch [510ms]
2024-09-12 07:55:52.808 [info] > git config --get commit.template [3ms]
2024-09-12 07:55:52.810 [info] > git for-each-ref --format=%(refname)%00%(upstream:short)%00%(objectname)%00%(upstream:track)%00%(upstream:remotename)%00%(upstream:remoteref) refs/heads/main refs/remotes/main [2ms]
2024-09-12 07:55:52.812 [info] > git status -z -uall [1ms]
2024-09-12 07:55:52.817 [info] > git for-each-ref --format=%(refname)%00%(upstream:short)%00%(objectname)%00%(upstream:track)%00%(upstream:remotename)%00%(upstream:remoteref) refs/heads/main refs/remotes/main [3ms]
2024-09-12 07:55:52.819 [info] > git config --local branch.main.vscode-merge-base [1ms]
2024-09-12 07:55:52.822 [info] > git for-each-ref --format=%(refname)%00%(upstream:short)%00%(objectname)%00%(upstream:track)%00%(upstream:remotename)%00%(upstream:remoteref) refs/heads/origin/main refs/remotes/origin/main [1ms]
2024-09-12 07:55:54.030 [info] > git config --get commit.template [3ms]
2024-09-12 07:55:54.031 [info] > git for-each-ref --format=%(refname)%00%(upstream:short)%00%(objectname)%00%(upstream:track)%00%(upstream:remotename)%00%(upstream:remoteref) refs/heads/main refs/remotes/main [1ms]
2024-09-12 07:55:54.034 [info] > git status -z -uall [1ms]
2024-09-12 07:55:54.038 [info] > git for-each-ref --format=%(refname)%00%(upstream:short)%00%(objectname)%00%(upstream:track)%00%(upstream:remotename)%00%(upstream:remoteref) refs/heads/main refs/remotes/main [2ms]
2024-09-12 07:55:54.041 [info] > git config --local branch.main.vscode-merge-base [1ms]
2024-09-12 07:55:54.043 [info] > git for-each-ref --format=%(refname)%00%(upstream:short)%00%(objectname)%00%(upstream:track)%00%(upstream:remotename)%00%(upstream:remoteref) refs/heads/origin/main refs/remotes/origin/main [1ms]
2024-09-12 07:55:54.450 [info] > git ls-files --stage -- /home/ec2-user/devops/ansible/svariable.yml [2ms]
2024-09-12 07:55:54.452 [info] > git cat-file -s 50ce9ab3c4704752e9247027148d63cb5a2adbd6 [1ms]
2024-09-12 07:55:54.640 [info] > git show --textconv :ansible/svariable.yml [2ms]
2024-09-12 07:56:09.152 [info] > git config --get commit.template [2ms]
2024-09-12 07:56:09.153 [info] > git for-each-ref --format=%(refname)%00%(upstream:short)%00%(objectname)%00%(upstream:track)%00%(upstream:remotename)%00%(upstream:remoteref) refs/heads/main refs/remotes/main [2ms]
2024-09-12 07:56:09.156 [info] > git status -z -uall [2ms]
2024-09-12 07:56:09.159 [info] > git for-each-ref --format=%(refname)%00%(upstream:short)%00%(objectname)%00%(upstream:track)%00%(upstream:remotename)%00%(upstream:remoteref) refs/heads/main refs/remotes/main [2ms]
2024-09-12 07:56:09.162 [info] > git config --local branch.main.vscode-merge-base [1ms]
2024-09-12 07:56:09.165 [info] > git for-each-ref --format=%(refname)%00%(upstream:short)%00%(objectname)%00%(upstream:track)%00%(upstream:remotename)%00%(upstream:remoteref) refs/heads/origin/main refs/remotes/origin/main [2ms]
2024-09-12 07:56:44.942 [info] > git config --get commit.template [2ms]
2024-09-12 07:56:44.944 [info] > git for-each-ref --format=%(refname)%00%(upstream:short)%00%(objectname)%00%(upstream:track)%00%(upstream:remotename)%00%(upstream:remoteref) refs/heads/main refs/remotes/main [3ms]
2024-09-12 07:56:44.947 [info] > git status -z -uall [2ms]
2024-09-12 07:56:44.950 [info] > git for-each-ref --format=%(refname)%00%(upstream:short)%00%(objectname)%00%(upstream:track)%00%(upstream:remotename)%00%(upstream:remoteref) refs/heads/main refs/remotes/main [2ms]
2024-09-12 07:56:44.959 [info] > git config --local branch.main.vscode-merge-base [1ms]
2024-09-12 07:56:44.962 [info] > git for-each-ref --format=%(refname)%00%(upstream:short)%00%(objectname)%00%(upstream:track)%00%(upstream:remotename)%00%(upstream:remoteref) refs/heads/origin/main refs/remotes/origin/main [1ms]
2024-09-12 07:56:50.266 [info] > git config --get commit.template [2ms]
2024-09-12 07:56:50.267 [info] > git for-each-ref --format=%(refname)%00%(upstream:short)%00%(objectname)%00%(upstream:track)%00%(upstream:remotename)%00%(upstream:remoteref) refs/heads/main refs/remotes/main [2ms]
2024-09-12 07:56:50.270 [info] > git status -z -uall [2ms]
2024-09-12 07:56:50.273 [info] > git for-each-ref --format=%(refname)%00%(upstream:short)%00%(objectname)%00%(upstream:track)%00%(upstream:remotename)%00%(upstream:remoteref) refs/heads/main refs/remotes/main [2ms]
2024-09-12 07:56:50.276 [info] > git config --local branch.main.vscode-merge-base [2ms]
2024-09-12 07:56:50.281 [info] > git for-each-ref --format=%(refname)%00%(upstream:short)%00%(objectname)%00%(upstream:track)%00%(upstream:remotename)%00%(upstream:remoteref) refs/heads/origin/main refs/remotes/origin/main [1ms]
2024-09-12 07:58:26.821 [info] > git config --get commit.template [3ms]
2024-09-12 07:58:26.822 [info] > git for-each-ref --format=%(refname)%00%(upstream:short)%00%(objectname)%00%(upstream:track)%00%(upstream:remotename)%00%(upstream:remoteref) refs/heads/main refs/remotes/main [2ms]
2024-09-12 07:58:26.825 [info] > git status -z -uall [1ms]
2024-09-12 07:58:26.830 [info] > git for-each-ref --format=%(refname)%00%(upstream:short)%00%(objectname)%00%(upstream:track)%00%(upstream:remotename)%00%(upstream:remoteref) refs/heads/main refs/remotes/main [2ms]
2024-09-12 07:58:26.832 [info] > git config --local branch.main.vscode-merge-base [1ms]
2024-09-12 07:58:26.835 [info] > git for-each-ref --format=%(refname)%00%(upstream:short)%00%(objectname)%00%(upstream:track)%00%(upstream:remotename)%00%(upstream:remoteref) refs/heads/origin/main refs/remotes/origin/main [2ms]
2024-09-12 07:58:53.318 [info] > git fetch [501ms]
2024-09-12 07:58:53.322 [info] > git config --get commit.template [2ms]
2024-09-12 07:58:53.323 [info] > git for-each-ref --format=%(refname)%00%(upstream:short)%00%(objectname)%00%(upstream:track)%00%(upstream:remotename)%00%(upstream:remoteref) refs/heads/main refs/remotes/main [1ms]
2024-09-12 07:58:53.328 [info] > git status -z -uall [3ms]
2024-09-12 07:58:53.337 [info] > git for-each-ref --format=%(refname)%00%(upstream:short)%00%(objectname)%00%(upstream:track)%00%(upstream:remotename)%00%(upstream:remoteref) refs/heads/main refs/remotes/main [7ms]
2024-09-12 07:58:53.346 [info] > git config --local branch.main.vscode-merge-base [1ms]
2024-09-12 07:58:53.349 [info] > git for-each-ref --format=%(refname)%00%(upstream:short)%00%(objectname)%00%(upstream:track)%00%(upstream:remotename)%00%(upstream:remoteref) refs/heads/origin/main refs/remotes/origin/main [2ms]
2024-09-12 07:58:54.818 [info] > git ls-files --stage -- /home/ec2-user/devops/ansible/svariable.yml [1ms]
2024-09-12 07:58:54.827 [info] > git cat-file -s 50ce9ab3c4704752e9247027148d63cb5a2adbd6 [1ms]
2024-09-12 07:58:55.266 [info] > git config --get commit.template [4ms]
2024-09-12 07:58:55.269 [info] > git for-each-ref --format=%(refname)%00%(upstream:short)%00%(objectname)%00%(upstream:track)%00%(upstream:remotename)%00%(upstream:remoteref) refs/heads/main refs/remotes/main [3ms]
2024-09-12 07:58:55.278 [info] > git status -z -uall [4ms]
2024-09-12 07:58:55.285 [info] > git for-each-ref --format=%(refname)%00%(upstream:short)%00%(objectname)%00%(upstream:track)%00%(upstream:remotename)%00%(upstream:remoteref) refs/heads/main refs/remotes/main [4ms]
2024-09-12 07:58:55.292 [info] > git config --local branch.main.vscode-merge-base [3ms]
2024-09-12 07:58:55.297 [info] > git for-each-ref --format=%(refname)%00%(upstream:short)%00%(objectname)%00%(upstream:track)%00%(upstream:remotename)%00%(upstream:remoteref) refs/heads/origin/main refs/remotes/origin/main [1ms]
2024-09-12 07:58:56.106 [info] > git show --textconv :ansible/svariable.yml [3ms]
2024-09-12 07:59:03.384 [info] > git config --get commit.template [3ms]
2024-09-12 07:59:03.385 [info] > git for-each-ref --format=%(refname)%00%(upstream:short)%00%(objectname)%00%(upstream:track)%00%(upstream:remotename)%00%(upstream:remoteref) refs/heads/main refs/remotes/main [1ms]
2024-09-12 07:59:03.388 [info] > git status -z -uall [1ms]
2024-09-12 07:59:03.397 [info] > git for-each-ref --format=%(refname)%00%(upstream:short)%00%(objectname)%00%(upstream:track)%00%(upstream:remotename)%00%(upstream:remoteref) refs/heads/main refs/remotes/main [6ms]
2024-09-12 07:59:03.407 [info] > git config --local branch.main.vscode-merge-base [1ms]
2024-09-12 07:59:03.410 [info] > git for-each-ref --format=%(refname)%00%(upstream:short)%00%(objectname)%00%(upstream:track)%00%(upstream:remotename)%00%(upstream:remoteref) refs/heads/origin/main refs/remotes/origin/main [2ms]
2024-09-12 07:59:08.396 [info] > git config --get commit.template [3ms]
2024-09-12 07:59:08.400 [info] > git for-each-ref --format=%(refname)%00%(upstream:short)%00%(objectname)%00%(upstream:track)%00%(upstream:remotename)%00%(upstream:remoteref) refs/heads/main refs/remotes/main [3ms]
2024-09-12 07:59:08.403 [info] > git status -z -uall [2ms]
2024-09-12 07:59:08.406 [info] > git for-each-ref --format=%(refname)%00%(upstream:short)%00%(objectname)%00%(upstream:track)%00%(upstream:remotename)%00%(upstream:remoteref) refs/heads/main refs/remotes/main [2ms]
2024-09-12 07:59:08.410 [info] > git config --local branch.main.vscode-merge-base [2ms]
2024-09-12 07:59:08.413 [info] > git for-each-ref --format=%(refname)%00%(upstream:short)%00%(objectname)%00%(upstream:track)%00%(upstream:remotename)%00%(upstream:remoteref) refs/heads/origin/main refs/remotes/origin/main [2ms]
2024-09-12 07:59:17.645 [info] > git config --get commit.template [3ms]
2024-09-12 07:59:17.646 [info] > git for-each-ref --format=%(refname)%00%(upstream:short)%00%(objectname)%00%(upstream:track)%00%(upstream:remotename)%00%(upstream:remoteref) refs/heads/main refs/remotes/main [2ms]
2024-09-12 07:59:17.649 [info] > git status -z -uall [2ms]
2024-09-12 07:59:17.652 [info] > git for-each-ref --format=%(refname)%00%(upstream:short)%00%(objectname)%00%(upstream:track)%00%(upstream:remotename)%00%(upstream:remoteref) refs/heads/main refs/remotes/main [2ms]
2024-09-12 07:59:17.655 [info] > git config --local branch.main.vscode-merge-base [2ms]
2024-09-12 07:59:17.657 [info] > git for-each-ref --format=%(refname)%00%(upstream:short)%00%(objectname)%00%(upstream:track)%00%(upstream:remotename)%00%(upstream:remoteref) refs/heads/origin/main refs/remotes/origin/main [1ms]
2024-09-12 07:59:22.663 [info] > git config --get commit.template [9ms]
2024-09-12 07:59:22.666 [info] > git for-each-ref --format=%(refname)%00%(upstream:short)%00%(objectname)%00%(upstream:track)%00%(upstream:remotename)%00%(upstream:remoteref) refs/heads/main refs/remotes/main [4ms]
2024-09-12 07:59:22.672 [info] > git status -z -uall [3ms]
2024-09-12 07:59:22.681 [info] > git for-each-ref --format=%(refname)%00%(upstream:short)%00%(objectname)%00%(upstream:track)%00%(upstream:remotename)%00%(upstream:remoteref) refs/heads/main refs/remotes/main [5ms]
2024-09-12 07:59:22.684 [info] > git config --local branch.main.vscode-merge-base [1ms]
2024-09-12 07:59:22.687 [info] > git for-each-ref --format=%(refname)%00%(upstream:short)%00%(objectname)%00%(upstream:track)%00%(upstream:remotename)%00%(upstream:remoteref) refs/heads/origin/main refs/remotes/origin/main [1ms]
2024-09-12 08:01:53.833 [info] > git fetch [500ms]
2024-09-12 08:01:53.839 [info] > git config --get commit.template [2ms]
2024-09-12 08:01:53.841 [info] > git for-each-ref --format=%(refname)%00%(upstream:short)%00%(objectname)%00%(upstream:track)%00%(upstream:remotename)%00%(upstream:remoteref) refs/heads/main refs/remotes/main [2ms]
2024-09-12 08:01:53.844 [info] > git status -z -uall [1ms]
2024-09-12 08:01:53.850 [info] > git for-each-ref --format=%(refname)%00%(upstream:short)%00%(objectname)%00%(upstream:track)%00%(upstream:remotename)%00%(upstream:remoteref) refs/heads/main refs/remotes/main [5ms]
2024-09-12 08:01:53.855 [info] > git config --local branch.main.vscode-merge-base [2ms]
2024-09-12 08:01:53.857 [info] > git for-each-ref --format=%(refname)%00%(upstream:short)%00%(objectname)%00%(upstream:track)%00%(upstream:remotename)%00%(upstream:remoteref) refs/heads/origin/main refs/remotes/origin/main [1ms]
2024-09-12 08:01:55.106 [info] > git config --get commit.template [3ms]
2024-09-12 08:01:55.108 [info] > git for-each-ref --format=%(refname)%00%(upstream:short)%00%(objectname)%00%(upstream:track)%00%(upstream:remotename)%00%(upstream:remoteref) refs/heads/main refs/remotes/main [3ms]
2024-09-12 08:01:55.111 [info] > git status -z -uall [2ms]
2024-09-12 08:01:55.114 [info] > git for-each-ref --format=%(refname)%00%(upstream:short)%00%(objectname)%00%(upstream:track)%00%(upstream:remotename)%00%(upstream:remoteref) refs/heads/main refs/remotes/main [2ms]
2024-09-12 08:01:55.120 [info] > git config --local branch.main.vscode-merge-base [1ms]
2024-09-12 08:01:55.122 [info] > git for-each-ref --format=%(refname)%00%(upstream:short)%00%(objectname)%00%(upstream:track)%00%(upstream:remotename)%00%(upstream:remoteref) refs/heads/origin/main refs/remotes/origin/main [1ms]
2024-09-12 08:01:55.339 [info] > git ls-files --stage -- /home/ec2-user/devops/ansible/svariable.yml [1ms]
2024-09-12 08:01:55.342 [info] > git cat-file -s 50ce9ab3c4704752e9247027148d63cb5a2adbd6 [1ms]
2024-09-12 08:01:55.413 [info] > git show --textconv :ansible/svariable.yml [2ms]
2024-09-12 08:04:54.363 [info] > git fetch [515ms]
2024-09-12 08:04:54.367 [info] > git config --get commit.template [2ms]
2024-09-12 08:04:54.368 [info] > git for-each-ref --format=%(refname)%00%(upstream:short)%00%(objectname)%00%(upstream:track)%00%(upstream:remotename)%00%(upstream:remoteref) refs/heads/main refs/remotes/main [1ms]
2024-09-12 08:04:54.371 [info] > git status -z -uall [1ms]
2024-09-12 08:04:54.376 [info] > git for-each-ref --format=%(refname)%00%(upstream:short)%00%(objectname)%00%(upstream:track)%00%(upstream:remotename)%00%(upstream:remoteref) refs/heads/main refs/remotes/main [3ms]
2024-09-12 08:04:54.379 [info] > git config --local branch.main.vscode-merge-base [2ms]
2024-09-12 08:04:54.383 [info] > git for-each-ref --format=%(refname)%00%(upstream:short)%00%(objectname)%00%(upstream:track)%00%(upstream:remotename)%00%(upstream:remoteref) refs/heads/origin/main refs/remotes/origin/main [1ms]
2024-09-12 08:04:55.518 [info] > git config --get commit.template [2ms]
2024-09-12 08:04:55.520 [info] > git for-each-ref --format=%(refname)%00%(upstream:short)%00%(objectname)%00%(upstream:track)%00%(upstream:remotename)%00%(upstream:remoteref) refs/heads/main refs/remotes/main [2ms]
2024-09-12 08:04:55.522 [info] > git status -z -uall [1ms]
2024-09-12 08:04:55.528 [info] > git for-each-ref --format=%(refname)%00%(upstream:short)%00%(objectname)%00%(upstream:track)%00%(upstream:remotename)%00%(upstream:remoteref) refs/heads/main refs/remotes/main [4ms]
2024-09-12 08:04:55.531 [info] > git config --local branch.main.vscode-merge-base [1ms]
2024-09-12 08:04:55.534 [info] > git for-each-ref --format=%(refname)%00%(upstream:short)%00%(objectname)%00%(upstream:track)%00%(upstream:remotename)%00%(upstream:remoteref) refs/heads/origin/main refs/remotes/origin/main [2ms]
2024-09-12 08:04:55.864 [info] > git ls-files --stage -- /home/ec2-user/devops/ansible/svariable.yml [1ms]
2024-09-12 08:04:55.866 [info] > git cat-file -s 50ce9ab3c4704752e9247027148d63cb5a2adbd6 [1ms]
2024-09-12 08:04:56.064 [info] > git show --textconv :ansible/svariable.yml [1ms]
2024-09-12 08:15:32.965 [info] > git fetch [503ms]
2024-09-12 08:15:32.970 [info] > git config --get commit.template [3ms]
2024-09-12 08:15:32.971 [info] > git for-each-ref --format=%(refname)%00%(upstream:short)%00%(objectname)%00%(upstream:track)%00%(upstream:remotename)%00%(upstream:remoteref) refs/heads/main refs/remotes/main [2ms]
2024-09-12 08:15:32.974 [info] > git status -z -uall [2ms]
2024-09-12 08:15:32.977 [info] > git for-each-ref --format=%(refname)%00%(upstream:short)%00%(objectname)%00%(upstream:track)%00%(upstream:remotename)%00%(upstream:remoteref) refs/heads/main refs/remotes/main [2ms]
2024-09-12 08:15:32.980 [info] > git config --local branch.main.vscode-merge-base [1ms]
2024-09-12 08:15:32.983 [info] > git for-each-ref --format=%(refname)%00%(upstream:short)%00%(objectname)%00%(upstream:track)%00%(upstream:remotename)%00%(upstream:remoteref) refs/heads/origin/main refs/remotes/origin/main [2ms]
2024-09-12 08:15:41.555 [info] > git ls-files --stage -- /home/ec2-user/devops/ansible/svariable.yml [2ms]
2024-09-12 08:15:41.557 [info] > git cat-file -s 50ce9ab3c4704752e9247027148d63cb5a2adbd6 [1ms]
2024-09-12 08:15:41.824 [info] > git show --textconv :ansible/svariable.yml [2ms]
2024-09-12 08:15:42.556 [info] > git config --get commit.template [2ms]
2024-09-12 08:15:42.557 [info] > git for-each-ref --format=%(refname)%00%(upstream:short)%00%(objectname)%00%(upstream:track)%00%(upstream:remotename)%00%(upstream:remoteref) refs/heads/main refs/remotes/main [2ms]
2024-09-12 08:15:42.560 [info] > git status -z -uall [2ms]
2024-09-12 08:15:42.564 [info] > git for-each-ref --format=%(refname)%00%(upstream:short)%00%(objectname)%00%(upstream:track)%00%(upstream:remotename)%00%(upstream:remoteref) refs/heads/main refs/remotes/main [2ms]
2024-09-12 08:15:42.567 [info] > git config --local branch.main.vscode-merge-base [1ms]
2024-09-12 08:15:42.570 [info] > git for-each-ref --format=%(refname)%00%(upstream:short)%00%(objectname)%00%(upstream:track)%00%(upstream:remotename)%00%(upstream:remoteref) refs/heads/origin/main refs/remotes/origin/main [2ms]
2024-09-12 08:15:43.050 [info] > git ls-files --stage -- /home/ec2-user/devops/ansible/svariable.yml [2ms]
2024-09-12 08:15:43.053 [info] > git cat-file -s 50ce9ab3c4704752e9247027148d63cb5a2adbd6 [2ms]
2024-09-12 08:15:43.194 [info] > git show --textconv :ansible/svariable.yml [2ms]
