2024-09-12 07:42:12.239 [info] Extension host with pid 2678 started
2024-09-12 07:42:12.250 [info] Lock '/home/ec2-user/.vscode-server/data/User/workspaceStorage/64133eb153d7ad78c081e01b273e8091/vscode.lock': Lock acquired.
2024-09-12 07:42:12.641 [info] ExtensionService#_doActivateExtension vscode.git-base, startup: false, activationEvent: '*'
2024-09-12 07:42:12.972 [info] ExtensionService#_doActivateExtension vscode.github, startup: false, activationEvent: '*'
2024-09-12 07:42:13.163 [info] Eager extensions activated
2024-09-12 07:42:13.163 [info] ExtensionService#_doActivateExtension vscode.debug-auto-launch, startup: false, activationEvent: 'onStartupFinished'
2024-09-12 07:42:13.163 [info] ExtensionService#_doActivateExtension vscode.merge-conflict, startup: false, activationEvent: 'onStartupFinished'
2024-09-12 07:42:14.280 [info] ExtensionService#_doActivateExtension vscode.git, startup: false, activationEvent: 'api', root cause: vscode.github
2024-09-12 07:42:14.670 [info] ExtensionService#_doActivateExtension vscode.emmet, startup: false, activationEvent: 'onLanguage'
2024-09-12 07:42:30.846 [info] ExtensionService#_doActivateExtension vscode.extension-editing, startup: false, activationEvent: 'onLanguage:markdown'
2024-09-12 07:42:30.846 [info] ExtensionService#_doActivateExtension vscode.markdown-language-features, startup: false, activationEvent: 'onLanguage:markdown'
2024-09-12 07:42:32.018 [info] ExtensionService#_doActivateExtension vscode.markdown-math, startup: false, activationEvent: 'api', root cause: vscode.markdown-language-features
2024-09-12 07:44:20.640 [info] ExtensionService#_doActivateExtension vscode.npm, startup: false, activationEvent: 'onTerminalQuickFixRequest:ms-vscode.npm-command'
2024-09-12 08:33:03.690 [info] Extension host terminating: renderer disconnected for too long (2)
2024-09-12 08:33:03.690 [info] Lock '/home/ec2-user/.vscode-server/data/User/workspaceStorage/64133eb153d7ad78c081e01b273e8091/vscode.lock': Marking the lockfile as scheduled to be released in 6000 ms.
2024-09-12 08:33:03.725 [error] Canceled: Canceled
	at new D (/home/ec2-user/.vscode-server/cli/servers/Stable-4849ca9bdf9666755eb463db297b69e5385090e3/server/out/vs/workbench/api/node/extensionHostProcess.js:151:35235)
	at y.U (/home/ec2-user/.vscode-server/cli/servers/Stable-4849ca9bdf9666755eb463db297b69e5385090e3/server/out/vs/workbench/api/node/extensionHostProcess.js:158:6005)
	at V.<computed>.F.charCodeAt.A.CharCode.DollarSign.V.<computed> (/home/ec2-user/.vscode-server/cli/servers/Stable-4849ca9bdf9666755eb463db297b69e5385090e3/server/out/vs/workbench/api/node/extensionHostProcess.js:158:3107)
	at h.g (/home/ec2-user/.vscode-server/cli/servers/Stable-4849ca9bdf9666755eb463db297b69e5385090e3/server/out/vs/workbench/api/node/extensionHostProcess.js:161:210015)
	at h.executeCommand (/home/ec2-user/.vscode-server/cli/servers/Stable-4849ca9bdf9666755eb463db297b69e5385090e3/server/out/vs/workbench/api/node/extensionHostProcess.js:161:209453)
	at C.registerCommand.description (/home/ec2-user/.vscode-server/cli/servers/Stable-4849ca9bdf9666755eb463db297b69e5385090e3/server/out/vs/workbench/api/node/extensionHostProcess.js:161:208777)
	at h (/home/ec2-user/.vscode-server/cli/servers/Stable-4849ca9bdf9666755eb463db297b69e5385090e3/server/out/vs/workbench/api/node/extensionHostProcess.js:161:210554)
	at h.g (/home/ec2-user/.vscode-server/cli/servers/Stable-4849ca9bdf9666755eb463db297b69e5385090e3/server/out/vs/workbench/api/node/extensionHostProcess.js:161:209546)
	at h.executeCommand (/home/ec2-user/.vscode-server/cli/servers/Stable-4849ca9bdf9666755eb463db297b69e5385090e3/server/out/vs/workbench/api/node/extensionHostProcess.js:161:209453)
	at Object.executeCommand (/home/ec2-user/.vscode-server/cli/servers/Stable-4849ca9bdf9666755eb463db297b69e5385090e3/server/out/vs/workbench/api/node/extensionHostProcess.js:171:30683)
	at i.O [as value] (/home/ec2-user/.vscode-server/cli/servers/Stable-4849ca9bdf9666755eb463db297b69e5385090e3/server/extensions/git/dist/main.js:2:952009)
	at r.B (/home/ec2-user/.vscode-server/cli/servers/Stable-4849ca9bdf9666755eb463db297b69e5385090e3/server/out/vs/workbench/api/node/extensionHostProcess.js:90:732)
	at r.C (/home/ec2-user/.vscode-server/cli/servers/Stable-4849ca9bdf9666755eb463db297b69e5385090e3/server/out/vs/workbench/api/node/extensionHostProcess.js:90:802)
	at r.fire (/home/ec2-user/.vscode-server/cli/servers/Stable-4849ca9bdf9666755eb463db297b69e5385090e3/server/out/vs/workbench/api/node/extensionHostProcess.js:90:1018)
	at Object.p [as dispose] (/home/ec2-user/.vscode-server/cli/servers/Stable-4849ca9bdf9666755eb463db297b69e5385090e3/server/extensions/git/dist/main.js:2:972587)
	at /home/ec2-user/.vscode-server/cli/servers/Stable-4849ca9bdf9666755eb463db297b69e5385090e3/server/extensions/git/dist/main.js:2:978709
	at Array.forEach (<anonymous>)
	at f.dispose (/home/ec2-user/.vscode-server/cli/servers/Stable-4849ca9bdf9666755eb463db297b69e5385090e3/server/extensions/git/dist/main.js:2:978695)
	at o.<anonymous> (/home/ec2-user/.vscode-server/cli/servers/Stable-4849ca9bdf9666755eb463db297b69e5385090e3/server/out/vs/workbench/api/node/extensionHostProcess.js:159:4176)
	at o.dispose (/home/ec2-user/.vscode-server/cli/servers/Stable-4849ca9bdf9666755eb463db297b69e5385090e3/server/out/vs/workbench/api/node/extensionHostProcess.js:159:4273)
	at o.<anonymous> (/home/ec2-user/.vscode-server/cli/servers/Stable-4849ca9bdf9666755eb463db297b69e5385090e3/server/extensions/git/dist/main.js:2:954307)
	at o.dispose (/home/ec2-user/.vscode-server/cli/servers/Stable-4849ca9bdf9666755eb463db297b69e5385090e3/server/out/vs/workbench/api/node/extensionHostProcess.js:159:4273)
	at $ (/home/ec2-user/.vscode-server/cli/servers/Stable-4849ca9bdf9666755eb463db297b69e5385090e3/server/out/vs/workbench/api/node/extensionHostProcess.js:30:744)
	at /home/ec2-user/.vscode-server/cli/servers/Stable-4849ca9bdf9666755eb463db297b69e5385090e3/server/out/vs/workbench/api/node/extensionHostProcess.js:167:13607
	at /home/ec2-user/.vscode-server/cli/servers/Stable-4849ca9bdf9666755eb463db297b69e5385090e3/server/out/vs/workbench/api/node/extensionHostProcess.js:30:1112
	at Object.dispose (/home/ec2-user/.vscode-server/cli/servers/Stable-4849ca9bdf9666755eb463db297b69e5385090e3/server/out/vs/workbench/api/node/extensionHostProcess.js:11:11463)
	at m.eb (/home/ec2-user/.vscode-server/cli/servers/Stable-4849ca9bdf9666755eb463db297b69e5385090e3/server/out/vs/workbench/api/node/extensionHostProcess.js:167:10282)
	at /home/ec2-user/.vscode-server/cli/servers/Stable-4849ca9bdf9666755eb463db297b69e5385090e3/server/out/vs/workbench/api/node/extensionHostProcess.js:167:8153
	at Array.map (<anonymous>)
	at m.$ (/home/ec2-user/.vscode-server/cli/servers/Stable-4849ca9bdf9666755eb463db297b69e5385090e3/server/out/vs/workbench/api/node/extensionHostProcess.js:167:8140)
	at m.terminate (/home/ec2-user/.vscode-server/cli/servers/Stable-4849ca9bdf9666755eb463db297b69e5385090e3/server/out/vs/workbench/api/node/extensionHostProcess.js:167:8413)
	at $.terminate (/home/ec2-user/.vscode-server/cli/servers/Stable-4849ca9bdf9666755eb463db297b69e5385090e3/server/out/vs/workbench/api/node/extensionHostProcess.js:171:1513)
	at n (/home/ec2-user/.vscode-server/cli/servers/Stable-4849ca9bdf9666755eb463db297b69e5385090e3/server/out/vs/workbench/api/node/extensionHostProcess.js:184:10613)
	at F.a (/home/ec2-user/.vscode-server/cli/servers/Stable-4849ca9bdf9666755eb463db297b69e5385090e3/server/out/vs/workbench/api/node/extensionHostProcess.js:184:7281)
	at F.h (/home/ec2-user/.vscode-server/cli/servers/Stable-4849ca9bdf9666755eb463db297b69e5385090e3/server/out/vs/workbench/api/node/extensionHostProcess.js:107:22030)
	at listOnTimeout (node:internal/timers:573:17)
	at process.processTimers (node:internal/timers:514:7) setContext undefined
2024-09-12 08:33:03.726 [error] Canceled: Canceled
	at new D (/home/ec2-user/.vscode-server/cli/servers/Stable-4849ca9bdf9666755eb463db297b69e5385090e3/server/out/vs/workbench/api/node/extensionHostProcess.js:151:35235)
	at y.U (/home/ec2-user/.vscode-server/cli/servers/Stable-4849ca9bdf9666755eb463db297b69e5385090e3/server/out/vs/workbench/api/node/extensionHostProcess.js:158:6005)
	at V.<computed>.F.charCodeAt.A.CharCode.DollarSign.V.<computed> (/home/ec2-user/.vscode-server/cli/servers/Stable-4849ca9bdf9666755eb463db297b69e5385090e3/server/out/vs/workbench/api/node/extensionHostProcess.js:158:3107)
	at h.g (/home/ec2-user/.vscode-server/cli/servers/Stable-4849ca9bdf9666755eb463db297b69e5385090e3/server/out/vs/workbench/api/node/extensionHostProcess.js:161:210015)
	at h.executeCommand (/home/ec2-user/.vscode-server/cli/servers/Stable-4849ca9bdf9666755eb463db297b69e5385090e3/server/out/vs/workbench/api/node/extensionHostProcess.js:161:209453)
	at C.registerCommand.description (/home/ec2-user/.vscode-server/cli/servers/Stable-4849ca9bdf9666755eb463db297b69e5385090e3/server/out/vs/workbench/api/node/extensionHostProcess.js:161:208777)
	at h (/home/ec2-user/.vscode-server/cli/servers/Stable-4849ca9bdf9666755eb463db297b69e5385090e3/server/out/vs/workbench/api/node/extensionHostProcess.js:161:210554)
	at h.g (/home/ec2-user/.vscode-server/cli/servers/Stable-4849ca9bdf9666755eb463db297b69e5385090e3/server/out/vs/workbench/api/node/extensionHostProcess.js:161:209546)
	at h.executeCommand (/home/ec2-user/.vscode-server/cli/servers/Stable-4849ca9bdf9666755eb463db297b69e5385090e3/server/out/vs/workbench/api/node/extensionHostProcess.js:161:209453)
	at Object.executeCommand (/home/ec2-user/.vscode-server/cli/servers/Stable-4849ca9bdf9666755eb463db297b69e5385090e3/server/out/vs/workbench/api/node/extensionHostProcess.js:171:30683)
	at set hasGitHubRepositories [as hasGitHubRepositories] (/home/ec2-user/.vscode-server/cli/servers/Stable-4849ca9bdf9666755eb463db297b69e5385090e3/server/extensions/github/dist/extension.js:2:322969)
	at /home/ec2-user/.vscode-server/cli/servers/Stable-4849ca9bdf9666755eb463db297b69e5385090e3/server/extensions/github/dist/extension.js:2:323928
	at i.value (/home/ec2-user/.vscode-server/cli/servers/Stable-4849ca9bdf9666755eb463db297b69e5385090e3/server/extensions/git/dist/main.js:2:1060944)
	at r.B (/home/ec2-user/.vscode-server/cli/servers/Stable-4849ca9bdf9666755eb463db297b69e5385090e3/server/out/vs/workbench/api/node/extensionHostProcess.js:90:732)
	at r.C (/home/ec2-user/.vscode-server/cli/servers/Stable-4849ca9bdf9666755eb463db297b69e5385090e3/server/out/vs/workbench/api/node/extensionHostProcess.js:90:802)
	at r.fire (/home/ec2-user/.vscode-server/cli/servers/Stable-4849ca9bdf9666755eb463db297b69e5385090e3/server/out/vs/workbench/api/node/extensionHostProcess.js:90:1018)
	at Object.p [as dispose] (/home/ec2-user/.vscode-server/cli/servers/Stable-4849ca9bdf9666755eb463db297b69e5385090e3/server/extensions/git/dist/main.js:2:972587)
	at /home/ec2-user/.vscode-server/cli/servers/Stable-4849ca9bdf9666755eb463db297b69e5385090e3/server/extensions/git/dist/main.js:2:978709
	at Array.forEach (<anonymous>)
	at f.dispose (/home/ec2-user/.vscode-server/cli/servers/Stable-4849ca9bdf9666755eb463db297b69e5385090e3/server/extensions/git/dist/main.js:2:978695)
	at o.<anonymous> (/home/ec2-user/.vscode-server/cli/servers/Stable-4849ca9bdf9666755eb463db297b69e5385090e3/server/out/vs/workbench/api/node/extensionHostProcess.js:159:4176)
	at o.dispose (/home/ec2-user/.vscode-server/cli/servers/Stable-4849ca9bdf9666755eb463db297b69e5385090e3/server/out/vs/workbench/api/node/extensionHostProcess.js:159:4273)
	at o.<anonymous> (/home/ec2-user/.vscode-server/cli/servers/Stable-4849ca9bdf9666755eb463db297b69e5385090e3/server/extensions/git/dist/main.js:2:954307)
	at o.dispose (/home/ec2-user/.vscode-server/cli/servers/Stable-4849ca9bdf9666755eb463db297b69e5385090e3/server/out/vs/workbench/api/node/extensionHostProcess.js:159:4273)
	at $ (/home/ec2-user/.vscode-server/cli/servers/Stable-4849ca9bdf9666755eb463db297b69e5385090e3/server/out/vs/workbench/api/node/extensionHostProcess.js:30:744)
	at /home/ec2-user/.vscode-server/cli/servers/Stable-4849ca9bdf9666755eb463db297b69e5385090e3/server/out/vs/workbench/api/node/extensionHostProcess.js:167:13607
	at /home/ec2-user/.vscode-server/cli/servers/Stable-4849ca9bdf9666755eb463db297b69e5385090e3/server/out/vs/workbench/api/node/extensionHostProcess.js:30:1112
	at Object.dispose (/home/ec2-user/.vscode-server/cli/servers/Stable-4849ca9bdf9666755eb463db297b69e5385090e3/server/out/vs/workbench/api/node/extensionHostProcess.js:11:11463)
	at m.eb (/home/ec2-user/.vscode-server/cli/servers/Stable-4849ca9bdf9666755eb463db297b69e5385090e3/server/out/vs/workbench/api/node/extensionHostProcess.js:167:10282)
	at /home/ec2-user/.vscode-server/cli/servers/Stable-4849ca9bdf9666755eb463db297b69e5385090e3/server/out/vs/workbench/api/node/extensionHostProcess.js:167:8153
	at Array.map (<anonymous>)
	at m.$ (/home/ec2-user/.vscode-server/cli/servers/Stable-4849ca9bdf9666755eb463db297b69e5385090e3/server/out/vs/workbench/api/node/extensionHostProcess.js:167:8140)
	at m.terminate (/home/ec2-user/.vscode-server/cli/servers/Stable-4849ca9bdf9666755eb463db297b69e5385090e3/server/out/vs/workbench/api/node/extensionHostProcess.js:167:8413)
	at $.terminate (/home/ec2-user/.vscode-server/cli/servers/Stable-4849ca9bdf9666755eb463db297b69e5385090e3/server/out/vs/workbench/api/node/extensionHostProcess.js:171:1513)
	at n (/home/ec2-user/.vscode-server/cli/servers/Stable-4849ca9bdf9666755eb463db297b69e5385090e3/server/out/vs/workbench/api/node/extensionHostProcess.js:184:10613)
	at F.a (/home/ec2-user/.vscode-server/cli/servers/Stable-4849ca9bdf9666755eb463db297b69e5385090e3/server/out/vs/workbench/api/node/extensionHostProcess.js:184:7281)
	at F.h (/home/ec2-user/.vscode-server/cli/servers/Stable-4849ca9bdf9666755eb463db297b69e5385090e3/server/out/vs/workbench/api/node/extensionHostProcess.js:107:22030)
	at listOnTimeout (node:internal/timers:573:17)
	at process.processTimers (node:internal/timers:514:7) setContext undefined
2024-09-12 08:33:03.726 [info] Extension host with pid 2678 exiting with code 0
