2024-09-11 17:36:41.203 [info] [main] Log level: Info
2024-09-11 17:36:41.203 [info] [main] Validating found git in: "git"
2024-09-11 17:36:41.203 [info] [main] Using git "2.40.1" from "git"
2024-09-11 17:36:41.204 [info] [Model][doInitialScan] Initial repository scan started
2024-09-11 17:36:41.204 [info] > git rev-parse --show-toplevel [23ms]
2024-09-11 17:36:41.204 [info] > git rev-parse --git-dir --git-common-dir [1ms]
2024-09-11 17:36:41.204 [info] [Model][openRepository] Opened repository: /home/ec2-user/devops
2024-09-11 17:36:41.204 [info] > git config --get commit.template [3ms]
2024-09-11 17:36:41.204 [info] > git rev-parse --show-toplevel [3ms]
2024-09-11 17:36:41.204 [info] > git for-each-ref --format=%(refname)%00%(upstream:short)%00%(objectname)%00%(upstream:track)%00%(upstream:remotename)%00%(upstream:remoteref) refs/heads/main refs/remotes/main [3ms]
2024-09-11 17:36:41.204 [info] > git rev-parse --show-toplevel [4ms]
2024-09-11 17:36:41.204 [info] > git status -z -uall [3ms]
2024-09-11 17:36:41.204 [info] > git for-each-ref --format=%(refname)%00%(upstream:short)%00%(objectname)%00%(upstream:track)%00%(upstream:remotename)%00%(upstream:remoteref) refs/heads/main refs/remotes/main [13ms]
2024-09-11 17:36:41.204 [info] > git rev-parse --show-toplevel [19ms]
2024-09-11 17:36:41.204 [info] > git config --get commit.template [9ms]
2024-09-11 17:36:41.204 [info] > git config --local branch.main.vscode-merge-base [4ms]
2024-09-11 17:36:41.204 [info] > git rev-parse --show-toplevel [5ms]
2024-09-11 17:36:41.204 [info] > git for-each-ref --format=%(refname)%00%(upstream:short)%00%(objectname)%00%(upstream:track)%00%(upstream:remotename)%00%(upstream:remoteref) refs/heads/origin/main refs/remotes/origin/main [3ms]
2024-09-11 17:36:41.204 [info] > git for-each-ref --format=%(refname)%00%(upstream:short)%00%(objectname)%00%(upstream:track)%00%(upstream:remotename)%00%(upstream:remoteref) refs/heads/main refs/remotes/main [6ms]
2024-09-11 17:36:41.204 [info] > git merge-base refs/heads/main refs/remotes/origin/main [3ms]
2024-09-11 17:36:41.204 [info] > git rev-parse --show-toplevel [3ms]
2024-09-11 17:36:41.204 [info] [Model][doInitialScan] Initial repository scan completed - repositories (1), closed repositories (0), parent repositories (0), unsafe repositories (0)
2024-09-11 17:36:41.204 [info] > git rev-list --count --left-right refs/heads/main...refs/remotes/origin/main [5ms]
2024-09-11 17:36:41.204 [info] > git diff --name-status -z --diff-filter=ADMR e4090a618636247de5865bab8c9df217752ce005...refs/remotes/origin/main [3ms]
2024-09-11 17:36:41.204 [info] > git status -z -uall [2ms]
2024-09-11 17:36:41.204 [info] > git for-each-ref --format=%(refname)%00%(upstream:short)%00%(objectname)%00%(upstream:track)%00%(upstream:remotename)%00%(upstream:remoteref) refs/heads/main refs/remotes/main [3ms]
2024-09-11 17:36:41.204 [info] > git config --local branch.main.vscode-merge-base [2ms]
2024-09-11 17:36:41.204 [info] > git for-each-ref --format=%(refname)%00%(upstream:short)%00%(objectname)%00%(upstream:track)%00%(upstream:remotename)%00%(upstream:remoteref) refs/heads/origin/main refs/remotes/origin/main [1ms]
2024-09-11 17:36:41.562 [info] > git show --textconv :ansible/svariable.yml [8ms]
2024-09-11 17:36:41.563 [info] > git ls-files --stage -- /home/ec2-user/devops/ansible/svariable.yml [6ms]
2024-09-11 17:36:41.567 [info] > git cat-file -s 1dbf98b8e4028332bbadcedc9319e1451d04badd [3ms]
2024-09-11 17:36:41.738 [info] > git check-ignore -v -z --stdin [1ms]
2024-09-11 17:37:06.497 [info] > git config --get commit.template [3ms]
2024-09-11 17:37:06.498 [info] > git for-each-ref --format=%(refname)%00%(upstream:short)%00%(objectname)%00%(upstream:track)%00%(upstream:remotename)%00%(upstream:remoteref) refs/heads/main refs/remotes/main [2ms]
2024-09-11 17:37:06.501 [info] > git status -z -uall [1ms]
2024-09-11 17:37:06.511 [info] > git for-each-ref --format=%(refname)%00%(upstream:short)%00%(objectname)%00%(upstream:track)%00%(upstream:remotename)%00%(upstream:remoteref) refs/heads/main refs/remotes/main [7ms]
2024-09-11 17:37:06.514 [info] > git config --local branch.main.vscode-merge-base [2ms]
2024-09-11 17:37:06.516 [info] > git for-each-ref --format=%(refname)%00%(upstream:short)%00%(objectname)%00%(upstream:track)%00%(upstream:remotename)%00%(upstream:remoteref) refs/heads/origin/main refs/remotes/origin/main [1ms]
2024-09-11 17:47:49.375 [info] > git show --textconv :ansible/inventory [3ms]
2024-09-11 17:47:49.379 [info] > git ls-files --stage -- /home/ec2-user/devops/ansible/inventory [4ms]
2024-09-11 17:47:49.382 [info] > git cat-file -s 3a5e2abf4c3e7b681a2af43f160ae892d2e28f52 [2ms]
2024-09-11 17:47:50.604 [info] > git show --textconv :ansible/practice.yml [3ms]
2024-09-11 17:47:50.606 [info] > git ls-files --stage -- /home/ec2-user/devops/ansible/practice.yml [2ms]
2024-09-11 17:47:50.609 [info] > git cat-file -s 28ca4058fb2b15d261621fe6d6fbaf3f91b30c8f [2ms]
2024-09-11 17:49:38.544 [info] > git show --textconv :ansible/svariable.yml [3ms]
2024-09-11 17:49:38.546 [info] > git ls-files --stage -- /home/ec2-user/devops/ansible/svariable.yml [2ms]
2024-09-11 17:49:38.548 [info] > git cat-file -s 1dbf98b8e4028332bbadcedc9319e1451d04badd [1ms]
2024-09-11 17:51:26.593 [info] > git config --get commit.template [3ms]
2024-09-11 17:51:26.595 [info] > git for-each-ref --format=%(refname)%00%(upstream:short)%00%(objectname)%00%(upstream:track)%00%(upstream:remotename)%00%(upstream:remoteref) refs/heads/main refs/remotes/main [2ms]
2024-09-11 17:51:26.598 [info] > git status -z -uall [2ms]
2024-09-11 17:51:26.602 [info] > git for-each-ref --format=%(refname)%00%(upstream:short)%00%(objectname)%00%(upstream:track)%00%(upstream:remotename)%00%(upstream:remoteref) refs/heads/main refs/remotes/main [3ms]
2024-09-11 17:51:26.605 [info] > git config --local branch.main.vscode-merge-base [1ms]
2024-09-11 17:51:26.608 [info] > git for-each-ref --format=%(refname)%00%(upstream:short)%00%(objectname)%00%(upstream:track)%00%(upstream:remotename)%00%(upstream:remoteref) refs/heads/origin/main refs/remotes/origin/main [1ms]
2024-09-11 17:54:50.422 [info] > git config --get commit.template [3ms]
2024-09-11 17:54:50.424 [info] > git for-each-ref --format=%(refname)%00%(upstream:short)%00%(objectname)%00%(upstream:track)%00%(upstream:remotename)%00%(upstream:remoteref) refs/heads/main refs/remotes/main [2ms]
2024-09-11 17:54:50.427 [info] > git status -z -uall [1ms]
2024-09-11 17:54:50.431 [info] > git for-each-ref --format=%(refname)%00%(upstream:short)%00%(objectname)%00%(upstream:track)%00%(upstream:remotename)%00%(upstream:remoteref) refs/heads/main refs/remotes/main [2ms]
2024-09-11 17:54:50.434 [info] > git config --local branch.main.vscode-merge-base [2ms]
2024-09-11 17:54:50.437 [info] > git for-each-ref --format=%(refname)%00%(upstream:short)%00%(objectname)%00%(upstream:track)%00%(upstream:remotename)%00%(upstream:remoteref) refs/heads/origin/main refs/remotes/origin/main [1ms]
2024-09-11 18:00:24.249 [info] > git config --get commit.template [3ms]
2024-09-11 18:00:24.250 [info] > git for-each-ref --format=%(refname)%00%(upstream:short)%00%(objectname)%00%(upstream:track)%00%(upstream:remotename)%00%(upstream:remoteref) refs/heads/main refs/remotes/main [2ms]
2024-09-11 18:00:24.253 [info] > git status -z -uall [2ms]
2024-09-11 18:00:24.257 [info] > git for-each-ref --format=%(refname)%00%(upstream:short)%00%(objectname)%00%(upstream:track)%00%(upstream:remotename)%00%(upstream:remoteref) refs/heads/main refs/remotes/main [3ms]
2024-09-11 18:00:24.260 [info] > git config --local branch.main.vscode-merge-base [2ms]
2024-09-11 18:00:24.262 [info] > git for-each-ref --format=%(refname)%00%(upstream:short)%00%(objectname)%00%(upstream:track)%00%(upstream:remotename)%00%(upstream:remoteref) refs/heads/origin/main refs/remotes/origin/main [1ms]
2024-09-11 18:00:31.190 [info] > git config --get commit.template [2ms]
2024-09-11 18:00:31.193 [info] > git for-each-ref --format=%(refname)%00%(upstream:short)%00%(objectname)%00%(upstream:track)%00%(upstream:remotename)%00%(upstream:remoteref) refs/heads/main refs/remotes/main [3ms]
2024-09-11 18:00:31.208 [info] > git status -z -uall [11ms]
2024-09-11 18:00:31.220 [info] > git for-each-ref --format=%(refname)%00%(upstream:short)%00%(objectname)%00%(upstream:track)%00%(upstream:remotename)%00%(upstream:remoteref) refs/heads/main refs/remotes/main [3ms]
2024-09-11 18:00:31.229 [info] > git config --local branch.main.vscode-merge-base [2ms]
2024-09-11 18:00:31.239 [info] > git for-each-ref --format=%(refname)%00%(upstream:short)%00%(objectname)%00%(upstream:track)%00%(upstream:remotename)%00%(upstream:remoteref) refs/heads/origin/main refs/remotes/origin/main [2ms]
2024-09-11 18:05:04.205 [info] > git config --get commit.template [3ms]
2024-09-11 18:05:04.207 [info] > git for-each-ref --format=%(refname)%00%(upstream:short)%00%(objectname)%00%(upstream:track)%00%(upstream:remotename)%00%(upstream:remoteref) refs/heads/main refs/remotes/main [2ms]
2024-09-11 18:05:04.210 [info] > git status -z -uall [1ms]
2024-09-11 18:05:04.213 [info] > git for-each-ref --format=%(refname)%00%(upstream:short)%00%(objectname)%00%(upstream:track)%00%(upstream:remotename)%00%(upstream:remoteref) refs/heads/main refs/remotes/main [2ms]
2024-09-11 18:05:04.216 [info] > git config --local branch.main.vscode-merge-base [2ms]
2024-09-11 18:05:04.218 [info] > git for-each-ref --format=%(refname)%00%(upstream:short)%00%(objectname)%00%(upstream:track)%00%(upstream:remotename)%00%(upstream:remoteref) refs/heads/origin/main refs/remotes/origin/main [1ms]
2024-09-11 18:06:36.985 [info] > git config --get commit.template [3ms]
2024-09-11 18:06:36.987 [info] > git for-each-ref --format=%(refname)%00%(upstream:short)%00%(objectname)%00%(upstream:track)%00%(upstream:remotename)%00%(upstream:remoteref) refs/heads/main refs/remotes/main [2ms]
2024-09-11 18:06:36.990 [info] > git status -z -uall [2ms]
2024-09-11 18:06:36.994 [info] > git for-each-ref --format=%(refname)%00%(upstream:short)%00%(objectname)%00%(upstream:track)%00%(upstream:remotename)%00%(upstream:remoteref) refs/heads/main refs/remotes/main [2ms]
2024-09-11 18:06:36.997 [info] > git config --local branch.main.vscode-merge-base [2ms]
2024-09-11 18:06:36.999 [info] > git for-each-ref --format=%(refname)%00%(upstream:short)%00%(objectname)%00%(upstream:track)%00%(upstream:remotename)%00%(upstream:remoteref) refs/heads/origin/main refs/remotes/origin/main [1ms]
2024-09-11 18:07:22.674 [info] > git config --get commit.template [3ms]
2024-09-11 18:07:22.677 [info] > git for-each-ref --format=%(refname)%00%(upstream:short)%00%(objectname)%00%(upstream:track)%00%(upstream:remotename)%00%(upstream:remoteref) refs/heads/main refs/remotes/main [2ms]
2024-09-11 18:07:22.679 [info] > git status -z -uall [1ms]
2024-09-11 18:07:22.683 [info] > git for-each-ref --format=%(refname)%00%(upstream:short)%00%(objectname)%00%(upstream:track)%00%(upstream:remotename)%00%(upstream:remoteref) refs/heads/main refs/remotes/main [2ms]
2024-09-11 18:07:22.686 [info] > git config --local branch.main.vscode-merge-base [2ms]
2024-09-11 18:07:22.688 [info] > git for-each-ref --format=%(refname)%00%(upstream:short)%00%(objectname)%00%(upstream:track)%00%(upstream:remotename)%00%(upstream:remoteref) refs/heads/origin/main refs/remotes/origin/main [1ms]
2024-09-11 18:08:51.550 [info] > git show --textconv :ansible/inventory [4ms]
2024-09-11 18:08:51.552 [info] > git ls-files --stage -- /home/ec2-user/devops/ansible/inventory [4ms]
2024-09-11 18:08:51.554 [info] > git cat-file -s 3a5e2abf4c3e7b681a2af43f160ae892d2e28f52 [1ms]
2024-09-11 18:08:54.173 [info] > git show --textconv :ansible/svariable.yml [3ms]
2024-09-11 18:08:54.174 [info] > git ls-files --stage -- /home/ec2-user/devops/ansible/svariable.yml [2ms]
2024-09-11 18:08:54.177 [info] > git cat-file -s 1dbf98b8e4028332bbadcedc9319e1451d04badd [1ms]
2024-09-11 18:15:24.105 [info] > git config --get commit.template [3ms]
2024-09-11 18:15:24.106 [info] > git for-each-ref --format=%(refname)%00%(upstream:short)%00%(objectname)%00%(upstream:track)%00%(upstream:remotename)%00%(upstream:remoteref) refs/heads/main refs/remotes/main [1ms]
2024-09-11 18:15:24.109 [info] > git status -z -uall [1ms]
2024-09-11 18:15:24.118 [info] > git for-each-ref --format=%(refname)%00%(upstream:short)%00%(objectname)%00%(upstream:track)%00%(upstream:remotename)%00%(upstream:remoteref) refs/heads/main refs/remotes/main [2ms]
2024-09-11 18:15:24.121 [info] > git config --local branch.main.vscode-merge-base [1ms]
2024-09-11 18:15:24.123 [info] > git for-each-ref --format=%(refname)%00%(upstream:short)%00%(objectname)%00%(upstream:track)%00%(upstream:remotename)%00%(upstream:remoteref) refs/heads/origin/main refs/remotes/origin/main [1ms]
2024-09-11 18:15:45.375 [info] > git config --get commit.template [3ms]
2024-09-11 18:15:45.376 [info] > git for-each-ref --format=%(refname)%00%(upstream:short)%00%(objectname)%00%(upstream:track)%00%(upstream:remotename)%00%(upstream:remoteref) refs/heads/main refs/remotes/main [1ms]
2024-09-11 18:15:45.379 [info] > git status -z -uall [1ms]
2024-09-11 18:15:45.383 [info] > git for-each-ref --format=%(refname)%00%(upstream:short)%00%(objectname)%00%(upstream:track)%00%(upstream:remotename)%00%(upstream:remoteref) refs/heads/main refs/remotes/main [2ms]
2024-09-11 18:15:45.385 [info] > git config --local branch.main.vscode-merge-base [1ms]
2024-09-11 18:15:45.389 [info] > git for-each-ref --format=%(refname)%00%(upstream:short)%00%(objectname)%00%(upstream:track)%00%(upstream:remotename)%00%(upstream:remoteref) refs/heads/origin/main refs/remotes/origin/main [2ms]
2024-09-11 18:18:44.670 [info] > git config --get commit.template [4ms]
2024-09-11 18:18:44.671 [info] > git for-each-ref --format=%(refname)%00%(upstream:short)%00%(objectname)%00%(upstream:track)%00%(upstream:remotename)%00%(upstream:remoteref) refs/heads/main refs/remotes/main [2ms]
2024-09-11 18:18:44.674 [info] > git status -z -uall [1ms]
2024-09-11 18:18:44.678 [info] > git for-each-ref --format=%(refname)%00%(upstream:short)%00%(objectname)%00%(upstream:track)%00%(upstream:remotename)%00%(upstream:remoteref) refs/heads/main refs/remotes/main [2ms]
2024-09-11 18:18:44.680 [info] > git config --local branch.main.vscode-merge-base [1ms]
2024-09-11 18:18:44.683 [info] > git for-each-ref --format=%(refname)%00%(upstream:short)%00%(objectname)%00%(upstream:track)%00%(upstream:remotename)%00%(upstream:remoteref) refs/heads/origin/main refs/remotes/origin/main [2ms]
2024-09-11 18:20:18.019 [info] > git config --get commit.template [3ms]
2024-09-11 18:20:18.020 [info] > git for-each-ref --format=%(refname)%00%(upstream:short)%00%(objectname)%00%(upstream:track)%00%(upstream:remotename)%00%(upstream:remoteref) refs/heads/main refs/remotes/main [1ms]
2024-09-11 18:20:18.024 [info] > git status -z -uall [2ms]
2024-09-11 18:20:18.029 [info] > git for-each-ref --format=%(refname)%00%(upstream:short)%00%(objectname)%00%(upstream:track)%00%(upstream:remotename)%00%(upstream:remoteref) refs/heads/main refs/remotes/main [2ms]
2024-09-11 18:20:18.031 [info] > git config --local branch.main.vscode-merge-base [1ms]
2024-09-11 18:20:18.034 [info] > git for-each-ref --format=%(refname)%00%(upstream:short)%00%(objectname)%00%(upstream:track)%00%(upstream:remotename)%00%(upstream:remoteref) refs/heads/origin/main refs/remotes/origin/main [2ms]
2024-09-11 18:23:50.599 [info] > git config --get commit.template [3ms]
2024-09-11 18:23:50.600 [info] > git for-each-ref --format=%(refname)%00%(upstream:short)%00%(objectname)%00%(upstream:track)%00%(upstream:remotename)%00%(upstream:remoteref) refs/heads/main refs/remotes/main [1ms]
2024-09-11 18:23:50.604 [info] > git status -z -uall [2ms]
2024-09-11 18:23:50.616 [info] > git for-each-ref --format=%(refname)%00%(upstream:short)%00%(objectname)%00%(upstream:track)%00%(upstream:remotename)%00%(upstream:remoteref) refs/heads/main refs/remotes/main [2ms]
2024-09-11 18:23:50.620 [info] > git config --local branch.main.vscode-merge-base [1ms]
2024-09-11 18:23:50.622 [info] > git for-each-ref --format=%(refname)%00%(upstream:short)%00%(objectname)%00%(upstream:track)%00%(upstream:remotename)%00%(upstream:remoteref) refs/heads/origin/main refs/remotes/origin/main [1ms]
2024-09-11 18:28:22.190 [info] > git show --textconv :ansible/practice.yml [3ms]
2024-09-11 18:28:22.192 [info] > git ls-files --stage -- /home/ec2-user/devops/ansible/practice.yml [3ms]
2024-09-11 18:28:22.194 [info] > git cat-file -s 28ca4058fb2b15d261621fe6d6fbaf3f91b30c8f [1ms]
2024-09-11 18:28:30.099 [info] > git show --textconv :ansible/svariable.yml [3ms]
2024-09-11 18:28:30.100 [info] > git ls-files --stage -- /home/ec2-user/devops/ansible/svariable.yml [2ms]
2024-09-11 18:28:30.102 [info] > git cat-file -s 1dbf98b8e4028332bbadcedc9319e1451d04badd [1ms]
2024-09-11 18:31:50.049 [info] > git config --get commit.template [3ms]
2024-09-11 18:31:50.051 [info] > git for-each-ref --format=%(refname)%00%(upstream:short)%00%(objectname)%00%(upstream:track)%00%(upstream:remotename)%00%(upstream:remoteref) refs/heads/main refs/remotes/main [2ms]
2024-09-11 18:31:50.054 [info] > git status -z -uall [2ms]
2024-09-11 18:31:50.057 [info] > git for-each-ref --format=%(refname)%00%(upstream:short)%00%(objectname)%00%(upstream:track)%00%(upstream:remotename)%00%(upstream:remoteref) refs/heads/main refs/remotes/main [2ms]
2024-09-11 18:31:50.060 [info] > git config --local branch.main.vscode-merge-base [1ms]
2024-09-11 18:31:50.063 [info] > git for-each-ref --format=%(refname)%00%(upstream:short)%00%(objectname)%00%(upstream:track)%00%(upstream:remotename)%00%(upstream:remoteref) refs/heads/origin/main refs/remotes/origin/main [1ms]
2024-09-11 18:32:25.044 [info] > git config --get commit.template [2ms]
2024-09-11 18:32:25.046 [info] > git for-each-ref --format=%(refname)%00%(upstream:short)%00%(objectname)%00%(upstream:track)%00%(upstream:remotename)%00%(upstream:remoteref) refs/heads/main refs/remotes/main [2ms]
2024-09-11 18:32:25.048 [info] > git status -z -uall [1ms]
2024-09-11 18:32:25.053 [info] > git for-each-ref --format=%(refname)%00%(upstream:short)%00%(objectname)%00%(upstream:track)%00%(upstream:remotename)%00%(upstream:remoteref) refs/heads/main refs/remotes/main [3ms]
2024-09-11 18:32:25.055 [info] > git config --local branch.main.vscode-merge-base [1ms]
2024-09-11 18:32:25.058 [info] > git for-each-ref --format=%(refname)%00%(upstream:short)%00%(objectname)%00%(upstream:track)%00%(upstream:remotename)%00%(upstream:remoteref) refs/heads/origin/main refs/remotes/origin/main [2ms]
2024-09-11 18:32:44.094 [info] > git config --get commit.template [2ms]
2024-09-11 18:32:44.096 [info] > git for-each-ref --format=%(refname)%00%(upstream:short)%00%(objectname)%00%(upstream:track)%00%(upstream:remotename)%00%(upstream:remoteref) refs/heads/main refs/remotes/main [2ms]
2024-09-11 18:32:44.100 [info] > git status -z -uall [2ms]
2024-09-11 18:32:44.103 [info] > git for-each-ref --format=%(refname)%00%(upstream:short)%00%(objectname)%00%(upstream:track)%00%(upstream:remotename)%00%(upstream:remoteref) refs/heads/main refs/remotes/main [2ms]
2024-09-11 18:32:44.106 [info] > git config --local branch.main.vscode-merge-base [2ms]
2024-09-11 18:32:44.109 [info] > git for-each-ref --format=%(refname)%00%(upstream:short)%00%(objectname)%00%(upstream:track)%00%(upstream:remotename)%00%(upstream:remoteref) refs/heads/origin/main refs/remotes/origin/main [2ms]
2024-09-11 18:33:38.169 [info] > git config --get commit.template [3ms]
2024-09-11 18:33:38.170 [info] > git for-each-ref --format=%(refname)%00%(upstream:short)%00%(objectname)%00%(upstream:track)%00%(upstream:remotename)%00%(upstream:remoteref) refs/heads/main refs/remotes/main [2ms]
2024-09-11 18:33:38.173 [info] > git status -z -uall [2ms]
2024-09-11 18:33:38.177 [info] > git for-each-ref --format=%(refname)%00%(upstream:short)%00%(objectname)%00%(upstream:track)%00%(upstream:remotename)%00%(upstream:remoteref) refs/heads/main refs/remotes/main [3ms]
2024-09-11 18:33:38.179 [info] > git config --local branch.main.vscode-merge-base [1ms]
2024-09-11 18:33:38.182 [info] > git for-each-ref --format=%(refname)%00%(upstream:short)%00%(objectname)%00%(upstream:track)%00%(upstream:remotename)%00%(upstream:remoteref) refs/heads/origin/main refs/remotes/origin/main [1ms]
2024-09-11 18:33:56.811 [info] > git config --get commit.template [3ms]
2024-09-11 18:33:56.817 [info] > git for-each-ref --format=%(refname)%00%(upstream:short)%00%(objectname)%00%(upstream:track)%00%(upstream:remotename)%00%(upstream:remoteref) refs/heads/main refs/remotes/main [6ms]
2024-09-11 18:33:56.829 [info] > git status -z -uall [2ms]
2024-09-11 18:33:56.840 [info] > git for-each-ref --format=%(refname)%00%(upstream:short)%00%(objectname)%00%(upstream:track)%00%(upstream:remotename)%00%(upstream:remoteref) refs/heads/main refs/remotes/main [3ms]
2024-09-11 18:33:56.849 [info] > git config --local branch.main.vscode-merge-base [2ms]
2024-09-11 18:33:56.859 [info] > git for-each-ref --format=%(refname)%00%(upstream:short)%00%(objectname)%00%(upstream:track)%00%(upstream:remotename)%00%(upstream:remoteref) refs/heads/origin/main refs/remotes/origin/main [2ms]
2024-09-11 18:34:21.971 [info] > git config --get commit.template [3ms]
2024-09-11 18:34:21.972 [info] > git for-each-ref --format=%(refname)%00%(upstream:short)%00%(objectname)%00%(upstream:track)%00%(upstream:remotename)%00%(upstream:remoteref) refs/heads/main refs/remotes/main [2ms]
2024-09-11 18:34:21.975 [info] > git status -z -uall [1ms]
2024-09-11 18:34:21.979 [info] > git for-each-ref --format=%(refname)%00%(upstream:short)%00%(objectname)%00%(upstream:track)%00%(upstream:remotename)%00%(upstream:remoteref) refs/heads/main refs/remotes/main [2ms]
2024-09-11 18:34:21.981 [info] > git config --local branch.main.vscode-merge-base [1ms]
2024-09-11 18:34:21.985 [info] > git for-each-ref --format=%(refname)%00%(upstream:short)%00%(objectname)%00%(upstream:track)%00%(upstream:remotename)%00%(upstream:remoteref) refs/heads/origin/main refs/remotes/origin/main [1ms]
2024-09-11 18:36:39.769 [info] > git config --get commit.template [2ms]
2024-09-11 18:36:39.770 [info] > git for-each-ref --format=%(refname)%00%(upstream:short)%00%(objectname)%00%(upstream:track)%00%(upstream:remotename)%00%(upstream:remoteref) refs/heads/main refs/remotes/main [1ms]
2024-09-11 18:36:39.773 [info] > git status -z -uall [1ms]
2024-09-11 18:36:39.777 [info] > git for-each-ref --format=%(refname)%00%(upstream:short)%00%(objectname)%00%(upstream:track)%00%(upstream:remotename)%00%(upstream:remoteref) refs/heads/main refs/remotes/main [2ms]
2024-09-11 18:36:39.779 [info] > git config --local branch.main.vscode-merge-base [1ms]
2024-09-11 18:36:39.782 [info] > git for-each-ref --format=%(refname)%00%(upstream:short)%00%(objectname)%00%(upstream:track)%00%(upstream:remotename)%00%(upstream:remoteref) refs/heads/origin/main refs/remotes/origin/main [2ms]
2024-09-11 18:37:15.014 [info] > git config --get commit.template [2ms]
2024-09-11 18:37:15.015 [info] > git for-each-ref --format=%(refname)%00%(upstream:short)%00%(objectname)%00%(upstream:track)%00%(upstream:remotename)%00%(upstream:remoteref) refs/heads/main refs/remotes/main [1ms]
2024-09-11 18:37:15.018 [info] > git status -z -uall [1ms]
2024-09-11 18:37:15.023 [info] > git for-each-ref --format=%(refname)%00%(upstream:short)%00%(objectname)%00%(upstream:track)%00%(upstream:remotename)%00%(upstream:remoteref) refs/heads/main refs/remotes/main [3ms]
2024-09-11 18:37:15.026 [info] > git config --local branch.main.vscode-merge-base [1ms]
2024-09-11 18:37:15.028 [info] > git for-each-ref --format=%(refname)%00%(upstream:short)%00%(objectname)%00%(upstream:track)%00%(upstream:remotename)%00%(upstream:remoteref) refs/heads/origin/main refs/remotes/origin/main [1ms]
2024-09-11 18:40:42.556 [info] > git config --get commit.template [4ms]
2024-09-11 18:40:42.557 [info] > git for-each-ref --format=%(refname)%00%(upstream:short)%00%(objectname)%00%(upstream:track)%00%(upstream:remotename)%00%(upstream:remoteref) refs/heads/main refs/remotes/main [2ms]
2024-09-11 18:40:42.560 [info] > git status -z -uall [1ms]
2024-09-11 18:40:42.566 [info] > git for-each-ref --format=%(refname)%00%(upstream:short)%00%(objectname)%00%(upstream:track)%00%(upstream:remotename)%00%(upstream:remoteref) refs/heads/main refs/remotes/main [4ms]
2024-09-11 18:40:42.569 [info] > git config --local branch.main.vscode-merge-base [1ms]
2024-09-11 18:40:42.571 [info] > git for-each-ref --format=%(refname)%00%(upstream:short)%00%(objectname)%00%(upstream:track)%00%(upstream:remotename)%00%(upstream:remoteref) refs/heads/origin/main refs/remotes/origin/main [1ms]
2024-09-11 18:41:40.778 [info] > git show --textconv :ansible/practice.yml [3ms]
2024-09-11 18:41:40.779 [info] > git ls-files --stage -- /home/ec2-user/devops/ansible/practice.yml [1ms]
2024-09-11 18:41:40.782 [info] > git cat-file -s 28ca4058fb2b15d261621fe6d6fbaf3f91b30c8f [2ms]
2024-09-11 18:42:33.114 [info] > git config --get commit.template [3ms]
2024-09-11 18:42:33.116 [info] > git for-each-ref --format=%(refname)%00%(upstream:short)%00%(objectname)%00%(upstream:track)%00%(upstream:remotename)%00%(upstream:remoteref) refs/heads/main refs/remotes/main [2ms]
2024-09-11 18:42:33.119 [info] > git status -z -uall [2ms]
2024-09-11 18:42:33.124 [info] > git for-each-ref --format=%(refname)%00%(upstream:short)%00%(objectname)%00%(upstream:track)%00%(upstream:remotename)%00%(upstream:remoteref) refs/heads/main refs/remotes/main [3ms]
2024-09-11 18:42:33.126 [info] > git config --local branch.main.vscode-merge-base [1ms]
2024-09-11 18:42:33.129 [info] > git for-each-ref --format=%(refname)%00%(upstream:short)%00%(objectname)%00%(upstream:track)%00%(upstream:remotename)%00%(upstream:remoteref) refs/heads/origin/main refs/remotes/origin/main [2ms]
2024-09-11 18:43:20.829 [info] > git config --get commit.template [2ms]
2024-09-11 18:43:20.831 [info] > git for-each-ref --format=%(refname)%00%(upstream:short)%00%(objectname)%00%(upstream:track)%00%(upstream:remotename)%00%(upstream:remoteref) refs/heads/main refs/remotes/main [2ms]
2024-09-11 18:43:20.833 [info] > git status -z -uall [1ms]
2024-09-11 18:43:20.838 [info] > git for-each-ref --format=%(refname)%00%(upstream:short)%00%(objectname)%00%(upstream:track)%00%(upstream:remotename)%00%(upstream:remoteref) refs/heads/main refs/remotes/main [2ms]
2024-09-11 18:43:20.840 [info] > git config --local branch.main.vscode-merge-base [1ms]
2024-09-11 18:43:20.843 [info] > git for-each-ref --format=%(refname)%00%(upstream:short)%00%(objectname)%00%(upstream:track)%00%(upstream:remotename)%00%(upstream:remoteref) refs/heads/origin/main refs/remotes/origin/main [2ms]
2024-09-11 18:43:44.508 [info] > git show --textconv :ansible/svariable.yml [3ms]
2024-09-11 18:43:44.510 [info] > git ls-files --stage -- /home/ec2-user/devops/ansible/svariable.yml [2ms]
2024-09-11 18:43:44.513 [info] > git cat-file -s 1dbf98b8e4028332bbadcedc9319e1451d04badd [1ms]
2024-09-11 18:44:27.189 [info] > git config --get commit.template [3ms]
2024-09-11 18:44:27.190 [info] > git for-each-ref --format=%(refname)%00%(upstream:short)%00%(objectname)%00%(upstream:track)%00%(upstream:remotename)%00%(upstream:remoteref) refs/heads/main refs/remotes/main [1ms]
2024-09-11 18:44:27.193 [info] > git status -z -uall [1ms]
2024-09-11 18:44:27.198 [info] > git for-each-ref --format=%(refname)%00%(upstream:short)%00%(objectname)%00%(upstream:track)%00%(upstream:remotename)%00%(upstream:remoteref) refs/heads/main refs/remotes/main [3ms]
2024-09-11 18:44:27.201 [info] > git config --local branch.main.vscode-merge-base [1ms]
2024-09-11 18:44:27.203 [info] > git for-each-ref --format=%(refname)%00%(upstream:short)%00%(objectname)%00%(upstream:track)%00%(upstream:remotename)%00%(upstream:remoteref) refs/heads/origin/main refs/remotes/origin/main [1ms]
2024-09-11 18:47:55.925 [info] > git config --get commit.template [3ms]
2024-09-11 18:47:55.927 [info] > git for-each-ref --format=%(refname)%00%(upstream:short)%00%(objectname)%00%(upstream:track)%00%(upstream:remotename)%00%(upstream:remoteref) refs/heads/main refs/remotes/main [1ms]
2024-09-11 18:47:55.929 [info] > git status -z -uall [1ms]
2024-09-11 18:47:55.935 [info] > git for-each-ref --format=%(refname)%00%(upstream:short)%00%(objectname)%00%(upstream:track)%00%(upstream:remotename)%00%(upstream:remoteref) refs/heads/main refs/remotes/main [3ms]
2024-09-11 18:47:55.938 [info] > git config --local branch.main.vscode-merge-base [1ms]
2024-09-11 18:47:55.940 [info] > git for-each-ref --format=%(refname)%00%(upstream:short)%00%(objectname)%00%(upstream:track)%00%(upstream:remotename)%00%(upstream:remoteref) refs/heads/origin/main refs/remotes/origin/main [1ms]
2024-09-11 18:48:06.130 [info] > git config --get commit.template [2ms]
2024-09-11 18:48:06.132 [info] > git for-each-ref --format=%(refname)%00%(upstream:short)%00%(objectname)%00%(upstream:track)%00%(upstream:remotename)%00%(upstream:remoteref) refs/heads/main refs/remotes/main [2ms]
2024-09-11 18:48:06.139 [info] > git status -z -uall [2ms]
2024-09-11 18:48:06.150 [info] > git for-each-ref --format=%(refname)%00%(upstream:short)%00%(objectname)%00%(upstream:track)%00%(upstream:remotename)%00%(upstream:remoteref) refs/heads/main refs/remotes/main [2ms]
2024-09-11 18:48:06.159 [info] > git config --local branch.main.vscode-merge-base [1ms]
2024-09-11 18:48:06.170 [info] > git for-each-ref --format=%(refname)%00%(upstream:short)%00%(objectname)%00%(upstream:track)%00%(upstream:remotename)%00%(upstream:remoteref) refs/heads/origin/main refs/remotes/origin/main [2ms]
2024-09-11 18:48:21.903 [info] > git show --textconv :ansible/inventory [3ms]
2024-09-11 18:48:21.904 [info] > git ls-files --stage -- /home/ec2-user/devops/ansible/inventory [2ms]
2024-09-11 18:48:21.907 [info] > git cat-file -s 3a5e2abf4c3e7b681a2af43f160ae892d2e28f52 [2ms]
2024-09-11 18:48:23.103 [info] > git show --textconv :ansible/svariable.yml [3ms]
2024-09-11 18:48:23.104 [info] > git ls-files --stage -- /home/ec2-user/devops/ansible/svariable.yml [2ms]
2024-09-11 18:48:23.106 [info] > git cat-file -s 1dbf98b8e4028332bbadcedc9319e1451d04badd [1ms]
2024-09-11 18:48:35.506 [info] > git config --get commit.template [5ms]
2024-09-11 18:48:35.507 [info] > git for-each-ref --format=%(refname)%00%(upstream:short)%00%(objectname)%00%(upstream:track)%00%(upstream:remotename)%00%(upstream:remoteref) refs/heads/main refs/remotes/main [2ms]
2024-09-11 18:48:35.510 [info] > git status -z -uall [1ms]
2024-09-11 18:48:35.516 [info] > git for-each-ref --format=%(refname)%00%(upstream:short)%00%(objectname)%00%(upstream:track)%00%(upstream:remotename)%00%(upstream:remoteref) refs/heads/main refs/remotes/main [4ms]
2024-09-11 18:48:35.519 [info] > git config --local branch.main.vscode-merge-base [2ms]
2024-09-11 18:48:35.522 [info] > git for-each-ref --format=%(refname)%00%(upstream:short)%00%(objectname)%00%(upstream:track)%00%(upstream:remotename)%00%(upstream:remoteref) refs/heads/origin/main refs/remotes/origin/main [2ms]
2024-09-11 18:48:36.673 [info] > git ls-files --stage -- /home/ec2-user/devops/ansible/svariable.yml [3ms]
2024-09-11 18:48:36.675 [info] > git cat-file -s eda70f167e2513074b15ba37a4136837a9db0ebe [1ms]
2024-09-11 18:48:36.737 [info] > git show --textconv :ansible/svariable.yml [2ms]
2024-09-11 18:49:26.728 [info] > git config --get commit.template [3ms]
2024-09-11 18:49:26.730 [info] > git for-each-ref --format=%(refname)%00%(upstream:short)%00%(objectname)%00%(upstream:track)%00%(upstream:remotename)%00%(upstream:remoteref) refs/heads/main refs/remotes/main [1ms]
2024-09-11 18:49:26.733 [info] > git status -z -uall [2ms]
2024-09-11 18:49:26.738 [info] > git for-each-ref --format=%(refname)%00%(upstream:short)%00%(objectname)%00%(upstream:track)%00%(upstream:remotename)%00%(upstream:remoteref) refs/heads/main refs/remotes/main [2ms]
2024-09-11 18:49:26.741 [info] > git config --local branch.main.vscode-merge-base [1ms]
2024-09-11 18:49:26.744 [info] > git for-each-ref --format=%(refname)%00%(upstream:short)%00%(objectname)%00%(upstream:track)%00%(upstream:remotename)%00%(upstream:remoteref) refs/heads/origin/main refs/remotes/origin/main [2ms]
2024-09-11 18:49:26.747 [info] > git merge-base refs/heads/main refs/remotes/origin/main [2ms]
2024-09-11 18:49:26.750 [info] > git rev-list --count --left-right refs/heads/main...refs/remotes/origin/main [2ms]
2024-09-11 18:49:26.756 [info] > git diff --name-status -z --diff-filter=ADMR e4090a618636247de5865bab8c9df217752ce005...refs/remotes/origin/main [2ms]
2024-09-11 18:49:27.654 [info] > git config --get commit.template [2ms]
2024-09-11 18:49:27.656 [info] > git for-each-ref --format=%(refname)%00%(upstream:short)%00%(objectname)%00%(upstream:track)%00%(upstream:remotename)%00%(upstream:remoteref) refs/heads/main refs/remotes/main [2ms]
2024-09-11 18:49:27.658 [info] > git status -z -uall [1ms]
2024-09-11 18:49:27.662 [info] > git for-each-ref --format=%(refname)%00%(upstream:short)%00%(objectname)%00%(upstream:track)%00%(upstream:remotename)%00%(upstream:remoteref) refs/heads/main refs/remotes/main [2ms]
2024-09-11 18:49:27.664 [info] > git config --local branch.main.vscode-merge-base [1ms]
2024-09-11 18:49:27.667 [info] > git for-each-ref --format=%(refname)%00%(upstream:short)%00%(objectname)%00%(upstream:track)%00%(upstream:remotename)%00%(upstream:remoteref) refs/heads/origin/main refs/remotes/origin/main [2ms]
2024-09-11 18:49:27.818 [info] > git ls-files --stage -- /home/ec2-user/devops/ansible/svariable.yml [2ms]
2024-09-11 18:49:27.820 [info] > git cat-file -s eda70f167e2513074b15ba37a4136837a9db0ebe [1ms]
2024-09-11 18:49:27.963 [info] > git show --textconv :ansible/svariable.yml [2ms]
2024-09-11 18:49:38.539 [info] > git config --get commit.template [2ms]
2024-09-11 18:49:38.540 [info] > git for-each-ref --format=%(refname)%00%(upstream:short)%00%(objectname)%00%(upstream:track)%00%(upstream:remotename)%00%(upstream:remoteref) refs/heads/main refs/remotes/main [2ms]
2024-09-11 18:49:38.544 [info] > git status -z -uall [3ms]
2024-09-11 18:49:38.547 [info] > git for-each-ref --format=%(refname)%00%(upstream:short)%00%(objectname)%00%(upstream:track)%00%(upstream:remotename)%00%(upstream:remoteref) refs/heads/main refs/remotes/main [2ms]
2024-09-11 18:49:38.551 [info] > git config --local branch.main.vscode-merge-base [1ms]
2024-09-11 18:49:38.558 [info] > git for-each-ref --format=%(refname)%00%(upstream:short)%00%(objectname)%00%(upstream:track)%00%(upstream:remotename)%00%(upstream:remoteref) refs/heads/origin/main refs/remotes/origin/main [6ms]
2024-09-11 18:49:38.713 [info] > git ls-files --stage -- /home/ec2-user/devops/ansible/svariable.yml [2ms]
2024-09-11 18:49:38.717 [info] > git cat-file -s eda70f167e2513074b15ba37a4136837a9db0ebe [3ms]
2024-09-11 18:49:38.967 [info] > git show --textconv :ansible/svariable.yml [2ms]
2024-09-11 18:49:48.399 [info] > git config --get commit.template [2ms]
2024-09-11 18:49:48.401 [info] > git for-each-ref --format=%(refname)%00%(upstream:short)%00%(objectname)%00%(upstream:track)%00%(upstream:remotename)%00%(upstream:remoteref) refs/heads/main refs/remotes/main [2ms]
2024-09-11 18:49:48.403 [info] > git status -z -uall [1ms]
2024-09-11 18:49:48.407 [info] > git for-each-ref --format=%(refname)%00%(upstream:short)%00%(objectname)%00%(upstream:track)%00%(upstream:remotename)%00%(upstream:remoteref) refs/heads/main refs/remotes/main [2ms]
2024-09-11 18:49:48.409 [info] > git config --local branch.main.vscode-merge-base [1ms]
2024-09-11 18:49:48.411 [info] > git for-each-ref --format=%(refname)%00%(upstream:short)%00%(objectname)%00%(upstream:track)%00%(upstream:remotename)%00%(upstream:remoteref) refs/heads/origin/main refs/remotes/origin/main [1ms]
2024-09-11 18:49:51.594 [info] > git config --get commit.template [3ms]
2024-09-11 18:49:51.596 [info] > git for-each-ref --format=%(refname)%00%(upstream:short)%00%(objectname)%00%(upstream:track)%00%(upstream:remotename)%00%(upstream:remoteref) refs/heads/main refs/remotes/main [3ms]
2024-09-11 18:49:51.599 [info] > git status -z -uall [2ms]
2024-09-11 18:49:51.602 [info] > git for-each-ref --format=%(refname)%00%(upstream:short)%00%(objectname)%00%(upstream:track)%00%(upstream:remotename)%00%(upstream:remoteref) refs/heads/main refs/remotes/main [2ms]
2024-09-11 18:49:51.605 [info] > git config --local branch.main.vscode-merge-base [2ms]
2024-09-11 18:49:51.608 [info] > git for-each-ref --format=%(refname)%00%(upstream:short)%00%(objectname)%00%(upstream:track)%00%(upstream:remotename)%00%(upstream:remoteref) refs/heads/origin/main refs/remotes/origin/main [2ms]
2024-09-11 18:49:51.823 [info] > git ls-files --stage -- /home/ec2-user/devops/ansible/svariable.yml [2ms]
2024-09-11 18:49:51.825 [info] > git cat-file -s eda70f167e2513074b15ba37a4136837a9db0ebe [1ms]
2024-09-11 18:49:52.027 [info] > git show --textconv :ansible/svariable.yml [2ms]
2024-09-11 18:50:48.172 [info] > git config --get commit.template [2ms]
2024-09-11 18:50:48.174 [info] > git for-each-ref --format=%(refname)%00%(upstream:short)%00%(objectname)%00%(upstream:track)%00%(upstream:remotename)%00%(upstream:remoteref) refs/heads/main refs/remotes/main [2ms]
2024-09-11 18:50:48.178 [info] > git status -z -uall [2ms]
2024-09-11 18:50:48.182 [info] > git for-each-ref --format=%(refname)%00%(upstream:short)%00%(objectname)%00%(upstream:track)%00%(upstream:remotename)%00%(upstream:remoteref) refs/heads/main refs/remotes/main [3ms]
2024-09-11 18:50:48.184 [info] > git config --local branch.main.vscode-merge-base [1ms]
2024-09-11 18:50:48.187 [info] > git for-each-ref --format=%(refname)%00%(upstream:short)%00%(objectname)%00%(upstream:track)%00%(upstream:remotename)%00%(upstream:remoteref) refs/heads/origin/main refs/remotes/origin/main [1ms]
2024-09-11 18:50:51.054 [info] > git config --get commit.template [3ms]
2024-09-11 18:50:51.055 [info] > git for-each-ref --format=%(refname)%00%(upstream:short)%00%(objectname)%00%(upstream:track)%00%(upstream:remotename)%00%(upstream:remoteref) refs/heads/main refs/remotes/main [2ms]
2024-09-11 18:50:51.059 [info] > git status -z -uall [2ms]
2024-09-11 18:50:51.062 [info] > git for-each-ref --format=%(refname)%00%(upstream:short)%00%(objectname)%00%(upstream:track)%00%(upstream:remotename)%00%(upstream:remoteref) refs/heads/main refs/remotes/main [2ms]
2024-09-11 18:50:51.065 [info] > git config --local branch.main.vscode-merge-base [2ms]
2024-09-11 18:50:51.068 [info] > git for-each-ref --format=%(refname)%00%(upstream:short)%00%(objectname)%00%(upstream:track)%00%(upstream:remotename)%00%(upstream:remoteref) refs/heads/origin/main refs/remotes/origin/main [1ms]
2024-09-11 18:50:52.228 [info] > git ls-files --stage -- /home/ec2-user/devops/ansible/svariable.yml [2ms]
2024-09-11 18:50:52.230 [info] > git cat-file -s 50ce9ab3c4704752e9247027148d63cb5a2adbd6 [1ms]
2024-09-11 18:50:52.337 [info] > git show --textconv :ansible/svariable.yml [2ms]
2024-09-11 18:51:09.268 [info] > git config --get commit.template [3ms]
2024-09-11 18:51:09.269 [info] > git for-each-ref --format=%(refname)%00%(upstream:short)%00%(objectname)%00%(upstream:track)%00%(upstream:remotename)%00%(upstream:remoteref) refs/heads/main refs/remotes/main [1ms]
2024-09-11 18:51:09.272 [info] > git status -z -uall [1ms]
2024-09-11 18:51:09.279 [info] > git for-each-ref --format=%(refname)%00%(upstream:short)%00%(objectname)%00%(upstream:track)%00%(upstream:remotename)%00%(upstream:remoteref) refs/heads/main refs/remotes/main [2ms]
2024-09-11 18:51:09.281 [info] > git config --local branch.main.vscode-merge-base [1ms]
2024-09-11 18:51:09.285 [info] > git for-each-ref --format=%(refname)%00%(upstream:short)%00%(objectname)%00%(upstream:track)%00%(upstream:remotename)%00%(upstream:remoteref) refs/heads/origin/main refs/remotes/origin/main [1ms]
2024-09-11 18:51:09.288 [info] > git merge-base refs/heads/main refs/remotes/origin/main [2ms]
2024-09-11 18:51:09.290 [info] > git rev-list --count --left-right refs/heads/main...refs/remotes/origin/main [1ms]
2024-09-11 18:51:09.293 [info] > git diff --name-status -z --diff-filter=ADMR e4090a618636247de5865bab8c9df217752ce005...refs/remotes/origin/main [2ms]
2024-09-11 18:51:10.246 [info] > git config --get commit.template [3ms]
2024-09-11 18:51:10.247 [info] > git for-each-ref --format=%(refname)%00%(upstream:short)%00%(objectname)%00%(upstream:track)%00%(upstream:remotename)%00%(upstream:remoteref) refs/heads/main refs/remotes/main [1ms]
2024-09-11 18:51:10.250 [info] > git status -z -uall [1ms]
2024-09-11 18:51:10.254 [info] > git for-each-ref --format=%(refname)%00%(upstream:short)%00%(objectname)%00%(upstream:track)%00%(upstream:remotename)%00%(upstream:remoteref) refs/heads/main refs/remotes/main [2ms]
2024-09-11 18:51:10.257 [info] > git config --local branch.main.vscode-merge-base [1ms]
2024-09-11 18:51:10.259 [info] > git for-each-ref --format=%(refname)%00%(upstream:short)%00%(objectname)%00%(upstream:track)%00%(upstream:remotename)%00%(upstream:remoteref) refs/heads/origin/main refs/remotes/origin/main [1ms]
2024-09-11 18:51:10.853 [info] > git ls-files --stage -- /home/ec2-user/devops/ansible/svariable.yml [1ms]
2024-09-11 18:51:10.856 [info] > git cat-file -s 50ce9ab3c4704752e9247027148d63cb5a2adbd6 [1ms]
2024-09-11 18:51:11.023 [info] > git show --textconv :ansible/svariable.yml [2ms]
2024-09-11 18:52:25.403 [info] > git config --get commit.template [2ms]
2024-09-11 18:52:25.405 [info] > git for-each-ref --format=%(refname)%00%(upstream:short)%00%(objectname)%00%(upstream:track)%00%(upstream:remotename)%00%(upstream:remoteref) refs/heads/main refs/remotes/main [2ms]
2024-09-11 18:52:25.407 [info] > git status -z -uall [1ms]
2024-09-11 18:52:25.411 [info] > git for-each-ref --format=%(refname)%00%(upstream:short)%00%(objectname)%00%(upstream:track)%00%(upstream:remotename)%00%(upstream:remoteref) refs/heads/main refs/remotes/main [2ms]
2024-09-11 18:52:25.414 [info] > git config --local branch.main.vscode-merge-base [1ms]
2024-09-11 18:52:25.416 [info] > git for-each-ref --format=%(refname)%00%(upstream:short)%00%(objectname)%00%(upstream:track)%00%(upstream:remotename)%00%(upstream:remoteref) refs/heads/origin/main refs/remotes/origin/main [1ms]
2024-09-11 18:52:44.435 [info] > git config --get commit.template [2ms]
2024-09-11 18:52:44.437 [info] > git for-each-ref --format=%(refname)%00%(upstream:short)%00%(objectname)%00%(upstream:track)%00%(upstream:remotename)%00%(upstream:remoteref) refs/heads/main refs/remotes/main [2ms]
2024-09-11 18:52:44.440 [info] > git status -z -uall [2ms]
2024-09-11 18:52:44.443 [info] > git for-each-ref --format=%(refname)%00%(upstream:short)%00%(objectname)%00%(upstream:track)%00%(upstream:remotename)%00%(upstream:remoteref) refs/heads/main refs/remotes/main [2ms]
2024-09-11 18:52:44.445 [info] > git config --local branch.main.vscode-merge-base [1ms]
2024-09-11 18:52:44.448 [info] > git for-each-ref --format=%(refname)%00%(upstream:short)%00%(objectname)%00%(upstream:track)%00%(upstream:remotename)%00%(upstream:remoteref) refs/heads/origin/main refs/remotes/origin/main [1ms]
2024-09-11 18:52:44.739 [info] > git ls-files --stage -- /home/ec2-user/devops/ansible/svariable.yml [4ms]
2024-09-11 18:52:44.741 [info] > git cat-file -s 50ce9ab3c4704752e9247027148d63cb5a2adbd6 [1ms]
2024-09-11 18:52:44.872 [info] > git show --textconv :ansible/svariable.yml [1ms]
2024-09-11 18:58:32.876 [info] > git log --format=%H%n%aN%n%aE%n%at%n%ct%n%P%n%D%n%B -z --shortstat --diff-merges=first-parent -n50 --skip=0 --topo-order --decorate=full 0f1e496bdfeeb1d528e5b019433a3ce045cd14b3 e4090a618636247de5865bab8c9df217752ce005 [30ms]
2024-09-11 18:58:33.184 [info] > git log --format=%H%n%aN%n%aE%n%at%n%ct%n%P%n%D%n%B -z --shortstat --diff-merges=first-parent -n50 --skip=0 --topo-order --decorate=full 0f1e496bdfeeb1d528e5b019433a3ce045cd14b3 e4090a618636247de5865bab8c9df217752ce005 [3ms]
2024-09-11 18:58:47.406 [info] > git log --oneline --cherry main...main@{upstream} -- [1ms]
2024-09-11 18:58:47.922 [info] > git pull --tags origin main [514ms]
2024-09-11 18:58:47.922 [info] From https://github.com/Elamurasu/devops
 * branch            main       -> FETCH_HEAD
2024-09-11 18:58:49.363 [info] > git ls-files --stage -- /home/ec2-user/devops/ansible/svariable.yml [2ms]
2024-09-11 18:58:49.365 [info] > git cat-file -s 50ce9ab3c4704752e9247027148d63cb5a2adbd6 [1ms]
2024-09-11 18:58:49.416 [info] > git push origin main:main [1492ms]
2024-09-11 18:58:49.416 [info] To https://github.com/Elamurasu/devops.git
   e4090a6..0f1e496  main -> main
2024-09-11 18:58:49.420 [info] > git config --get commit.template [2ms]
2024-09-11 18:58:49.422 [info] > git for-each-ref --format=%(refname)%00%(upstream:short)%00%(objectname)%00%(upstream:track)%00%(upstream:remotename)%00%(upstream:remoteref) refs/heads/main refs/remotes/main [2ms]
2024-09-11 18:58:49.425 [info] > git status -z -uall [1ms]
2024-09-11 18:58:49.432 [info] > git for-each-ref --format=%(refname)%00%(upstream:short)%00%(objectname)%00%(upstream:track)%00%(upstream:remotename)%00%(upstream:remoteref) refs/heads/main refs/remotes/main [5ms]
2024-09-11 18:58:49.435 [info] > git config --local branch.main.vscode-merge-base [2ms]
2024-09-11 18:58:49.438 [info] > git for-each-ref --format=%(refname)%00%(upstream:short)%00%(objectname)%00%(upstream:track)%00%(upstream:remotename)%00%(upstream:remoteref) refs/heads/origin/main refs/remotes/origin/main [1ms]
2024-09-11 18:58:49.441 [info] > git merge-base refs/heads/main refs/remotes/origin/main [2ms]
2024-09-11 18:58:49.444 [info] > git rev-list --count --left-right refs/heads/main...refs/remotes/origin/main [2ms]
2024-09-11 18:58:49.447 [info] > git diff --name-status -z --diff-filter=ADMR 0f1e496bdfeeb1d528e5b019433a3ce045cd14b3...refs/remotes/origin/main [2ms]
2024-09-11 18:58:49.694 [info] > git show --textconv :ansible/svariable.yml [2ms]
2024-09-11 18:58:49.740 [info] > git log --format=%H%n%aN%n%aE%n%at%n%ct%n%P%n%D%n%B -z --shortstat --diff-merges=first-parent -n50 --skip=0 --topo-order --decorate=full 0f1e496bdfeeb1d528e5b019433a3ce045cd14b3 [4ms]
2024-09-11 18:58:50.742 [info] > git config --get commit.template [2ms]
2024-09-11 18:58:50.743 [info] > git for-each-ref --format=%(refname)%00%(upstream:short)%00%(objectname)%00%(upstream:track)%00%(upstream:remotename)%00%(upstream:remoteref) refs/heads/main refs/remotes/main [2ms]
2024-09-11 18:58:50.746 [info] > git status -z -uall [2ms]
2024-09-11 18:58:50.750 [info] > git for-each-ref --format=%(refname)%00%(upstream:short)%00%(objectname)%00%(upstream:track)%00%(upstream:remotename)%00%(upstream:remoteref) refs/heads/main refs/remotes/main [3ms]
2024-09-11 18:58:50.752 [info] > git config --local branch.main.vscode-merge-base [1ms]
2024-09-11 18:58:50.757 [info] > git for-each-ref --format=%(refname)%00%(upstream:short)%00%(objectname)%00%(upstream:track)%00%(upstream:remotename)%00%(upstream:remoteref) refs/heads/origin/main refs/remotes/origin/main [3ms]
2024-09-11 18:58:50.902 [info] > git ls-files --stage -- /home/ec2-user/devops/ansible/svariable.yml [2ms]
2024-09-11 18:58:50.904 [info] > git cat-file -s 50ce9ab3c4704752e9247027148d63cb5a2adbd6 [1ms]
2024-09-11 18:58:51.027 [info] > git show --textconv :ansible/svariable.yml [2ms]
2024-09-11 18:58:56.109 [info] > git fetch [515ms]
2024-09-11 18:58:56.113 [info] > git config --get commit.template [2ms]
2024-09-11 18:58:56.115 [info] > git for-each-ref --format=%(refname)%00%(upstream:short)%00%(objectname)%00%(upstream:track)%00%(upstream:remotename)%00%(upstream:remoteref) refs/heads/main refs/remotes/main [2ms]
2024-09-11 18:58:56.117 [info] > git status -z -uall [1ms]
2024-09-11 18:58:56.121 [info] > git for-each-ref --format=%(refname)%00%(upstream:short)%00%(objectname)%00%(upstream:track)%00%(upstream:remotename)%00%(upstream:remoteref) refs/heads/main refs/remotes/main [2ms]
2024-09-11 18:58:56.124 [info] > git config --local branch.main.vscode-merge-base [1ms]
2024-09-11 18:58:56.126 [info] > git for-each-ref --format=%(refname)%00%(upstream:short)%00%(objectname)%00%(upstream:track)%00%(upstream:remotename)%00%(upstream:remoteref) refs/heads/origin/main refs/remotes/origin/main [1ms]
2024-09-11 18:58:57.251 [info] > git config --get commit.template [3ms]
2024-09-11 18:58:57.252 [info] > git for-each-ref --format=%(refname)%00%(upstream:short)%00%(objectname)%00%(upstream:track)%00%(upstream:remotename)%00%(upstream:remoteref) refs/heads/main refs/remotes/main [1ms]
2024-09-11 18:58:57.255 [info] > git status -z -uall [1ms]
2024-09-11 18:58:57.258 [info] > git for-each-ref --format=%(refname)%00%(upstream:short)%00%(objectname)%00%(upstream:track)%00%(upstream:remotename)%00%(upstream:remoteref) refs/heads/main refs/remotes/main [1ms]
2024-09-11 18:58:57.261 [info] > git config --local branch.main.vscode-merge-base [1ms]
2024-09-11 18:58:57.263 [info] > git for-each-ref --format=%(refname)%00%(upstream:short)%00%(objectname)%00%(upstream:track)%00%(upstream:remotename)%00%(upstream:remoteref) refs/heads/origin/main refs/remotes/origin/main [1ms]
2024-09-11 18:58:57.423 [info] > git ls-files --stage -- /home/ec2-user/devops/ansible/svariable.yml [2ms]
2024-09-11 18:58:57.425 [info] > git cat-file -s 50ce9ab3c4704752e9247027148d63cb5a2adbd6 [1ms]
2024-09-11 18:58:57.557 [info] > git show --textconv :ansible/svariable.yml [2ms]
2024-09-11 19:00:59.736 [info] > git config --get commit.template [3ms]
2024-09-11 19:00:59.738 [info] > git for-each-ref --format=%(refname)%00%(upstream:short)%00%(objectname)%00%(upstream:track)%00%(upstream:remotename)%00%(upstream:remoteref) refs/heads/main refs/remotes/main [2ms]
2024-09-11 19:00:59.741 [info] > git status -z -uall [2ms]
2024-09-11 19:00:59.749 [info] > git for-each-ref --format=%(refname)%00%(upstream:short)%00%(objectname)%00%(upstream:track)%00%(upstream:remotename)%00%(upstream:remoteref) refs/heads/main refs/remotes/main [5ms]
2024-09-11 19:00:59.751 [info] > git config --local branch.main.vscode-merge-base [1ms]
2024-09-11 19:00:59.754 [info] > git for-each-ref --format=%(refname)%00%(upstream:short)%00%(objectname)%00%(upstream:track)%00%(upstream:remotename)%00%(upstream:remoteref) refs/heads/origin/main refs/remotes/origin/main [2ms]
2024-09-11 19:01:03.389 [info] > git config --get commit.template [3ms]
2024-09-11 19:01:03.391 [info] > git for-each-ref --format=%(refname)%00%(upstream:short)%00%(objectname)%00%(upstream:track)%00%(upstream:remotename)%00%(upstream:remoteref) refs/heads/main refs/remotes/main [3ms]
2024-09-11 19:01:03.394 [info] > git status -z -uall [1ms]
2024-09-11 19:01:03.399 [info] > git for-each-ref --format=%(refname)%00%(upstream:short)%00%(objectname)%00%(upstream:track)%00%(upstream:remotename)%00%(upstream:remoteref) refs/heads/main refs/remotes/main [2ms]
2024-09-11 19:01:03.401 [info] > git config --local branch.main.vscode-merge-base [1ms]
2024-09-11 19:01:03.404 [info] > git for-each-ref --format=%(refname)%00%(upstream:short)%00%(objectname)%00%(upstream:track)%00%(upstream:remotename)%00%(upstream:remoteref) refs/heads/origin/main refs/remotes/origin/main [1ms]
2024-09-11 19:01:04.603 [info] > git ls-files --stage -- /home/ec2-user/devops/ansible/svariable.yml [1ms]
2024-09-11 19:01:04.605 [info] > git cat-file -s 50ce9ab3c4704752e9247027148d63cb5a2adbd6 [1ms]
2024-09-11 19:01:04.719 [info] > git show --textconv :ansible/svariable.yml [2ms]
2024-09-11 19:01:04.753 [info] > git config --get commit.template [3ms]
2024-09-11 19:01:04.755 [info] > git for-each-ref --format=%(refname)%00%(upstream:short)%00%(objectname)%00%(upstream:track)%00%(upstream:remotename)%00%(upstream:remoteref) refs/heads/main refs/remotes/main [2ms]
2024-09-11 19:01:04.758 [info] > git status -z -uall [1ms]
2024-09-11 19:01:04.762 [info] > git for-each-ref --format=%(refname)%00%(upstream:short)%00%(objectname)%00%(upstream:track)%00%(upstream:remotename)%00%(upstream:remoteref) refs/heads/main refs/remotes/main [2ms]
2024-09-11 19:01:04.765 [info] > git config --local branch.main.vscode-merge-base [2ms]
2024-09-11 19:01:04.767 [info] > git for-each-ref --format=%(refname)%00%(upstream:short)%00%(objectname)%00%(upstream:track)%00%(upstream:remotename)%00%(upstream:remoteref) refs/heads/origin/main refs/remotes/origin/main [1ms]
2024-09-11 19:01:23.123 [info] > git config --get commit.template [2ms]
2024-09-11 19:01:23.125 [info] > git for-each-ref --format=%(refname)%00%(upstream:short)%00%(objectname)%00%(upstream:track)%00%(upstream:remotename)%00%(upstream:remoteref) refs/heads/main refs/remotes/main [2ms]
2024-09-11 19:01:23.128 [info] > git status -z -uall [1ms]
2024-09-11 19:01:23.138 [info] > git for-each-ref --format=%(refname)%00%(upstream:short)%00%(objectname)%00%(upstream:track)%00%(upstream:remotename)%00%(upstream:remoteref) refs/heads/main refs/remotes/main [3ms]
2024-09-11 19:01:23.141 [info] > git config --local branch.main.vscode-merge-base [1ms]
2024-09-11 19:01:23.143 [info] > git for-each-ref --format=%(refname)%00%(upstream:short)%00%(objectname)%00%(upstream:track)%00%(upstream:remotename)%00%(upstream:remoteref) refs/heads/origin/main refs/remotes/origin/main [1ms]
2024-09-11 19:01:23.146 [info] > git merge-base refs/heads/main refs/remotes/origin/main [1ms]
2024-09-11 19:01:23.150 [info] > git rev-list --count --left-right refs/heads/main...refs/remotes/origin/main [2ms]
2024-09-11 19:01:23.154 [info] > git diff --name-status -z --diff-filter=ADMR 0f1e496bdfeeb1d528e5b019433a3ce045cd14b3...refs/remotes/origin/main [1ms]
2024-09-11 19:01:23.304 [info] > git log --format=%H%n%aN%n%aE%n%at%n%ct%n%P%n%D%n%B -z --shortstat --diff-merges=first-parent -n50 --skip=0 --topo-order --decorate=full 6a11c06f6991ea9a7b953dfde01df0116c70dd8f 0f1e496bdfeeb1d528e5b019433a3ce045cd14b3 [3ms]
2024-09-11 19:01:24.121 [info] > git config --get commit.template [3ms]
2024-09-11 19:01:24.123 [info] > git for-each-ref --format=%(refname)%00%(upstream:short)%00%(objectname)%00%(upstream:track)%00%(upstream:remotename)%00%(upstream:remoteref) refs/heads/main refs/remotes/main [2ms]
2024-09-11 19:01:24.126 [info] > git status -z -uall [2ms]
2024-09-11 19:01:24.133 [info] > git for-each-ref --format=%(refname)%00%(upstream:short)%00%(objectname)%00%(upstream:track)%00%(upstream:remotename)%00%(upstream:remoteref) refs/heads/main refs/remotes/main [2ms]
2024-09-11 19:01:24.135 [info] > git config --local branch.main.vscode-merge-base [1ms]
2024-09-11 19:01:24.138 [info] > git for-each-ref --format=%(refname)%00%(upstream:short)%00%(objectname)%00%(upstream:track)%00%(upstream:remotename)%00%(upstream:remoteref) refs/heads/origin/main refs/remotes/origin/main [2ms]
2024-09-11 19:01:24.282 [info] > git ls-files --stage -- /home/ec2-user/devops/ansible/svariable.yml [1ms]
2024-09-11 19:01:24.285 [info] > git cat-file -s 50ce9ab3c4704752e9247027148d63cb5a2adbd6 [2ms]
2024-09-11 19:01:24.384 [info] > git show --textconv :ansible/svariable.yml [2ms]
2024-09-11 19:01:51.059 [info] > git push origin main:main [1401ms]
2024-09-11 19:01:51.059 [info] To https://github.com/Elamurasu/devops.git
   0f1e496..6a11c06  main -> main
2024-09-11 19:01:51.063 [info] > git config --get commit.template [2ms]
2024-09-11 19:01:51.065 [info] > git for-each-ref --format=%(refname)%00%(upstream:short)%00%(objectname)%00%(upstream:track)%00%(upstream:remotename)%00%(upstream:remoteref) refs/heads/main refs/remotes/main [2ms]
2024-09-11 19:01:51.068 [info] > git status -z -uall [2ms]
2024-09-11 19:01:51.075 [info] > git for-each-ref --format=%(refname)%00%(upstream:short)%00%(objectname)%00%(upstream:track)%00%(upstream:remotename)%00%(upstream:remoteref) refs/heads/main refs/remotes/main [5ms]
2024-09-11 19:01:51.078 [info] > git config --local branch.main.vscode-merge-base [2ms]
2024-09-11 19:01:51.081 [info] > git for-each-ref --format=%(refname)%00%(upstream:short)%00%(objectname)%00%(upstream:track)%00%(upstream:remotename)%00%(upstream:remoteref) refs/heads/origin/main refs/remotes/origin/main [1ms]
2024-09-11 19:01:51.085 [info] > git merge-base refs/heads/main refs/remotes/origin/main [3ms]
2024-09-11 19:01:51.088 [info] > git rev-list --count --left-right refs/heads/main...refs/remotes/origin/main [1ms]
2024-09-11 19:01:51.091 [info] > git diff --name-status -z --diff-filter=ADMR 6a11c06f6991ea9a7b953dfde01df0116c70dd8f...refs/remotes/origin/main [1ms]
2024-09-11 19:01:51.325 [info] > git log --format=%H%n%aN%n%aE%n%at%n%ct%n%P%n%D%n%B -z --shortstat --diff-merges=first-parent -n50 --skip=0 --topo-order --decorate=full 6a11c06f6991ea9a7b953dfde01df0116c70dd8f [3ms]
2024-09-11 19:01:52.344 [info] > git config --get commit.template [3ms]
2024-09-11 19:01:52.345 [info] > git for-each-ref --format=%(refname)%00%(upstream:short)%00%(objectname)%00%(upstream:track)%00%(upstream:remotename)%00%(upstream:remoteref) refs/heads/main refs/remotes/main [2ms]
2024-09-11 19:01:52.350 [info] > git status -z -uall [1ms]
2024-09-11 19:01:52.354 [info] > git for-each-ref --format=%(refname)%00%(upstream:short)%00%(objectname)%00%(upstream:track)%00%(upstream:remotename)%00%(upstream:remoteref) refs/heads/main refs/remotes/main [2ms]
2024-09-11 19:01:52.357 [info] > git config --local branch.main.vscode-merge-base [1ms]
2024-09-11 19:01:52.359 [info] > git for-each-ref --format=%(refname)%00%(upstream:short)%00%(objectname)%00%(upstream:track)%00%(upstream:remotename)%00%(upstream:remoteref) refs/heads/origin/main refs/remotes/origin/main [1ms]
2024-09-11 19:01:52.522 [info] > git ls-files --stage -- /home/ec2-user/devops/ansible/svariable.yml [1ms]
2024-09-11 19:01:52.526 [info] > git cat-file -s 50ce9ab3c4704752e9247027148d63cb5a2adbd6 [3ms]
2024-09-11 19:01:52.778 [info] > git show --textconv :ansible/svariable.yml [2ms]
2024-09-11 19:01:56.595 [info] > git fetch [473ms]
2024-09-11 19:01:56.601 [info] > git config --get commit.template [3ms]
2024-09-11 19:01:56.602 [info] > git for-each-ref --format=%(refname)%00%(upstream:short)%00%(objectname)%00%(upstream:track)%00%(upstream:remotename)%00%(upstream:remoteref) refs/heads/main refs/remotes/main [2ms]
2024-09-11 19:01:56.605 [info] > git status -z -uall [2ms]
2024-09-11 19:01:56.613 [info] > git for-each-ref --format=%(refname)%00%(upstream:short)%00%(objectname)%00%(upstream:track)%00%(upstream:remotename)%00%(upstream:remoteref) refs/heads/main refs/remotes/main [7ms]
2024-09-11 19:01:56.615 [info] > git config --local branch.main.vscode-merge-base [1ms]
2024-09-11 19:01:56.618 [info] > git for-each-ref --format=%(refname)%00%(upstream:short)%00%(objectname)%00%(upstream:track)%00%(upstream:remotename)%00%(upstream:remoteref) refs/heads/origin/main refs/remotes/origin/main [1ms]
2024-09-11 19:01:57.288 [info] > git log --format=%H%n%aN%n%aE%n%at%n%ct%n%P%n%D%n%B -z --shortstat --diff-merges=first-parent -n50 --skip=0 --topo-order --decorate=full 6a11c06f6991ea9a7b953dfde01df0116c70dd8f [3ms]
2024-09-11 19:01:57.781 [info] > git config --get commit.template [2ms]
2024-09-11 19:01:57.782 [info] > git for-each-ref --format=%(refname)%00%(upstream:short)%00%(objectname)%00%(upstream:track)%00%(upstream:remotename)%00%(upstream:remoteref) refs/heads/main refs/remotes/main [2ms]
2024-09-11 19:01:57.785 [info] > git status -z -uall [2ms]
2024-09-11 19:01:57.788 [info] > git for-each-ref --format=%(refname)%00%(upstream:short)%00%(objectname)%00%(upstream:track)%00%(upstream:remotename)%00%(upstream:remoteref) refs/heads/main refs/remotes/main [2ms]
2024-09-11 19:01:57.791 [info] > git config --local branch.main.vscode-merge-base [2ms]
2024-09-11 19:01:57.793 [info] > git for-each-ref --format=%(refname)%00%(upstream:short)%00%(objectname)%00%(upstream:track)%00%(upstream:remotename)%00%(upstream:remoteref) refs/heads/origin/main refs/remotes/origin/main [1ms]
2024-09-11 19:01:58.058 [info] > git ls-files --stage -- /home/ec2-user/devops/ansible/svariable.yml [2ms]
2024-09-11 19:01:58.061 [info] > git cat-file -s 50ce9ab3c4704752e9247027148d63cb5a2adbd6 [1ms]
2024-09-11 19:01:58.248 [info] > git show --textconv :ansible/svariable.yml [2ms]
