2024-09-09 10:04:59.893 [info] Extension host with pid 31257 started
2024-09-09 10:04:59.894 [error] Error: EEXIST: file already exists, open '/home/ec2-user/.vscode-server/data/User/workspaceStorage/5e3554a1f9b4bc47912c47db1b54cf95/vscode.lock'
2024-09-09 10:04:59.937 [info] Lock '/home/ec2-user/.vscode-server/data/User/workspaceStorage/5e3554a1f9b4bc47912c47db1b54cf95/vscode.lock': Could not acquire lock, checking if the file is stale.
2024-09-09 10:04:59.959 [info] Lock '/home/ec2-user/.vscode-server/data/User/workspaceStorage/5e3554a1f9b4bc47912c47db1b54cf95/vscode.lock': The lock does not look stale, elapsed: 974 ms, giving up.
2024-09-09 10:04:59.963 [info] Lock '/home/ec2-user/.vscode-server/data/User/workspaceStorage/5e3554a1f9b4bc47912c47db1b54cf95-1/vscode.lock': Lock acquired.
2024-09-09 10:05:00.147 [info] ExtensionService#_doActivateExtension vscode.emmet, startup: false, activationEvent: 'onLanguage'
2024-09-09 10:05:00.148 [info] ExtensionService#_doActivateExtension vscode.git-base, startup: false, activationEvent: '*', root cause: vscode.git
2024-09-09 10:05:01.129 [info] ExtensionService#_doActivateExtension vscode.git, startup: false, activationEvent: '*'
2024-09-09 10:05:01.135 [info] ExtensionService#_doActivateExtension vscode.github, startup: false, activationEvent: '*'
2024-09-09 10:05:01.591 [info] Eager extensions activated
2024-09-09 10:05:01.592 [info] ExtensionService#_doActivateExtension vscode.debug-auto-launch, startup: false, activationEvent: 'onStartupFinished'
2024-09-09 10:05:01.593 [info] ExtensionService#_doActivateExtension vscode.merge-conflict, startup: false, activationEvent: 'onStartupFinished'
2024-09-09 10:05:14.744 [info] ExtensionService#_doActivateExtension vscode.npm, startup: false, activationEvent: 'onTerminalQuickFixRequest:ms-vscode.npm-command'
2024-09-09 10:05:21.752 [info] ExtensionService#_doActivateExtension vscode.configuration-editing, startup: false, activationEvent: 'onLanguage:json'
2024-09-09 10:05:21.756 [info] ExtensionService#_doActivateExtension vscode.extension-editing, startup: false, activationEvent: 'onLanguage:json'
2024-09-09 10:05:21.757 [info] ExtensionService#_doActivateExtension vscode.json-language-features, startup: false, activationEvent: 'onLanguage:json'
2024-09-09 10:21:33.109 [info] ExtensionService#_doActivateExtension vscode.tunnel-forwarding, startup: false, activationEvent: 'onTunnel'
2024-09-09 13:14:33.084 [info] Extension host terminating: received terminate message from renderer
2024-09-09 13:14:33.091 [info] Lock '/home/ec2-user/.vscode-server/data/User/workspaceStorage/5e3554a1f9b4bc47912c47db1b54cf95-1/vscode.lock': Marking the lockfile as scheduled to be released in 6000 ms.
2024-09-09 13:14:33.137 [info] Extension host with pid 31257 exiting with code 0
