2024-09-11 16:06:34.073 [info] [main] Log level: Info
2024-09-11 16:06:34.073 [info] [main] Validating found git in: "git"
2024-09-11 16:06:34.073 [info] [main] Using git "2.40.1" from "git"
2024-09-11 16:06:34.073 [info] [Model][doInitialScan] Initial repository scan started
2024-09-11 16:06:34.073 [info] > git rev-parse --show-toplevel [11ms]
2024-09-11 16:06:34.073 [info] > git rev-parse --git-dir --git-common-dir [3ms]
2024-09-11 16:06:34.073 [info] [Model][openRepository] Opened repository: /home/ec2-user/devops
2024-09-11 16:06:34.073 [info] > git config --get commit.template [3ms]
2024-09-11 16:06:34.073 [info] > git rev-parse --show-toplevel [4ms]
2024-09-11 16:06:34.075 [info] > git rev-parse --show-toplevel [5ms]
2024-09-11 16:06:34.078 [info] > git rev-parse --show-toplevel [1ms]
2024-09-11 16:06:34.080 [info] > git for-each-ref --format=%(refname)%00%(upstream:short)%00%(objectname)%00%(upstream:track)%00%(upstream:remotename)%00%(upstream:remoteref) refs/heads/main refs/remotes/main [15ms]
2024-09-11 16:06:34.083 [info] > git rev-parse --show-toplevel [4ms]
2024-09-11 16:06:34.086 [info] [Model][doInitialScan] Initial repository scan completed - repositories (1), closed repositories (0), parent repositories (0), unsafe repositories (0)
2024-09-11 16:06:34.095 [info] > git status -z -uall [13ms]
2024-09-11 16:06:34.107 [info] > git for-each-ref --format=%(refname)%00%(upstream:short)%00%(objectname)%00%(upstream:track)%00%(upstream:remotename)%00%(upstream:remoteref) refs/heads/main refs/remotes/main [9ms]
2024-09-11 16:06:34.110 [info] > git config --get commit.template [3ms]
2024-09-11 16:06:34.113 [info] > git config --local branch.main.vscode-merge-base [3ms]
2024-09-11 16:06:34.113 [warning] [Git][config] git config failed: Failed to execute git
2024-09-11 16:06:34.116 [info] > git for-each-ref --format=%(refname)%00%(upstream:short)%00%(objectname)%00%(upstream:track)%00%(upstream:remotename)%00%(upstream:remoteref) refs/heads/main refs/remotes/main [4ms]
2024-09-11 16:06:34.120 [info] > git status -z -uall [2ms]
2024-09-11 16:06:34.124 [info] > git for-each-ref --format=%(refname)%00%(upstream:short)%00%(objectname)%00%(upstream:track)%00%(upstream:remotename)%00%(upstream:remoteref) refs/heads/main refs/remotes/main [2ms]
2024-09-11 16:06:34.126 [info] > git reflog main --grep-reflog=branch: Created from *. [11ms]
2024-09-11 16:06:34.128 [info] > git config --local branch.main.vscode-merge-base [2ms]
2024-09-11 16:06:34.128 [warning] [Git][config] git config failed: Failed to execute git
2024-09-11 16:06:34.133 [info] > git symbolic-ref --short refs/remotes/origin/HEAD [5ms]
2024-09-11 16:06:34.135 [info] > git reflog main --grep-reflog=branch: Created from *. [5ms]
2024-09-11 16:06:34.137 [info] > git for-each-ref --format=%(refname)%00%(upstream:short)%00%(objectname)%00%(upstream:track)%00%(upstream:remotename)%00%(upstream:remoteref) refs/heads/origin/main refs/remotes/origin/main [3ms]
2024-09-11 16:06:34.140 [info] > git symbolic-ref --short refs/remotes/origin/HEAD [2ms]
2024-09-11 16:06:34.142 [info] > git config --local branch.main.vscode-merge-base origin/main [3ms]
2024-09-11 16:06:34.145 [info] > git for-each-ref --format=%(refname)%00%(upstream:short)%00%(objectname)%00%(upstream:track)%00%(upstream:remotename)%00%(upstream:remoteref) refs/heads/origin/main refs/remotes/origin/main [3ms]
2024-09-11 16:06:34.148 [info] > git config --get commit.template [3ms]
2024-09-11 16:06:34.151 [info] > git config --local branch.main.vscode-merge-base origin/main [3ms]
2024-09-11 16:06:34.155 [info] > git for-each-ref --format=%(refname)%00%(upstream:short)%00%(objectname)%00%(upstream:track)%00%(upstream:remotename)%00%(upstream:remoteref) refs/heads/main refs/remotes/main [4ms]
2024-09-11 16:06:34.158 [info] > git config --get commit.template [4ms]
2024-09-11 16:06:34.161 [info] > git for-each-ref --format=%(refname)%00%(upstream:short)%00%(objectname)%00%(upstream:track)%00%(upstream:remotename)%00%(upstream:remoteref) refs/heads/main refs/remotes/main [4ms]
2024-09-11 16:06:34.186 [info] > git merge-base refs/heads/main refs/remotes/origin/main [25ms]
2024-09-11 16:06:34.192 [info] > git rev-list --count --left-right refs/heads/main...refs/remotes/origin/main [3ms]
2024-09-11 16:06:34.194 [info] > git status -z -uall [3ms]
2024-09-11 16:06:34.198 [info] > git diff --name-status -z --diff-filter=ADMR db57f3ec8672961d8b1d2d8f460858e38bd001e6...refs/remotes/origin/main [4ms]
2024-09-11 16:06:34.200 [info] > git for-each-ref --format=%(refname)%00%(upstream:short)%00%(objectname)%00%(upstream:track)%00%(upstream:remotename)%00%(upstream:remoteref) refs/heads/main refs/remotes/main [3ms]
2024-09-11 16:06:34.203 [info] > git config --local branch.main.vscode-merge-base [2ms]
2024-09-11 16:06:34.205 [info] > git for-each-ref --format=%(refname)%00%(upstream:short)%00%(objectname)%00%(upstream:track)%00%(upstream:remotename)%00%(upstream:remoteref) refs/heads/origin/main refs/remotes/origin/main [1ms]
2024-09-11 16:06:34.762 [info] > git check-ignore -v -z --stdin [2ms]
2024-09-11 16:06:35.395 [info] > git config --get commit.template [3ms]
2024-09-11 16:06:35.396 [info] > git for-each-ref --format=%(refname)%00%(upstream:short)%00%(objectname)%00%(upstream:track)%00%(upstream:remotename)%00%(upstream:remoteref) refs/heads/main refs/remotes/main [2ms]
2024-09-11 16:06:35.400 [info] > git status -z -uall [2ms]
2024-09-11 16:06:35.403 [info] > git for-each-ref --format=%(refname)%00%(upstream:short)%00%(objectname)%00%(upstream:track)%00%(upstream:remotename)%00%(upstream:remoteref) refs/heads/main refs/remotes/main [2ms]
2024-09-11 16:06:35.406 [info] > git config --local branch.main.vscode-merge-base [2ms]
2024-09-11 16:06:35.414 [info] > git for-each-ref --format=%(refname)%00%(upstream:short)%00%(objectname)%00%(upstream:track)%00%(upstream:remotename)%00%(upstream:remoteref) refs/heads/origin/main refs/remotes/origin/main [7ms]
2024-09-11 16:07:16.163 [info] > git config --get commit.template [2ms]
2024-09-11 16:07:16.164 [info] > git for-each-ref --format=%(refname)%00%(upstream:short)%00%(objectname)%00%(upstream:track)%00%(upstream:remotename)%00%(upstream:remoteref) refs/heads/main refs/remotes/main [2ms]
2024-09-11 16:07:16.168 [info] > git status -z -uall [1ms]
2024-09-11 16:07:16.181 [info] > git for-each-ref --format=%(refname)%00%(upstream:short)%00%(objectname)%00%(upstream:track)%00%(upstream:remotename)%00%(upstream:remoteref) refs/heads/main refs/remotes/main [8ms]
2024-09-11 16:07:16.183 [info] > git config --local branch.main.vscode-merge-base [1ms]
2024-09-11 16:07:16.186 [info] > git for-each-ref --format=%(refname)%00%(upstream:short)%00%(objectname)%00%(upstream:track)%00%(upstream:remotename)%00%(upstream:remoteref) refs/heads/origin/main refs/remotes/origin/main [1ms]
2024-09-11 16:07:18.499 [info] > git config --get commit.template [4ms]
2024-09-11 16:07:18.500 [info] > git for-each-ref --format=%(refname)%00%(upstream:short)%00%(objectname)%00%(upstream:track)%00%(upstream:remotename)%00%(upstream:remoteref) refs/heads/main refs/remotes/main [2ms]
2024-09-11 16:07:18.504 [info] > git status -z -uall [2ms]
2024-09-11 16:07:18.509 [info] > git for-each-ref --format=%(refname)%00%(upstream:short)%00%(objectname)%00%(upstream:track)%00%(upstream:remotename)%00%(upstream:remoteref) refs/heads/main refs/remotes/main [2ms]
2024-09-11 16:07:18.511 [info] > git config --local branch.main.vscode-merge-base [1ms]
2024-09-11 16:07:18.514 [info] > git for-each-ref --format=%(refname)%00%(upstream:short)%00%(objectname)%00%(upstream:track)%00%(upstream:remotename)%00%(upstream:remoteref) refs/heads/origin/main refs/remotes/origin/main [2ms]
2024-09-11 16:07:51.245 [info] > git config --get commit.template [2ms]
2024-09-11 16:07:51.247 [info] > git for-each-ref --format=%(refname)%00%(upstream:short)%00%(objectname)%00%(upstream:track)%00%(upstream:remotename)%00%(upstream:remoteref) refs/heads/main refs/remotes/main [2ms]
2024-09-11 16:07:51.252 [info] > git status -z -uall [2ms]
2024-09-11 16:07:51.257 [info] > git for-each-ref --format=%(refname)%00%(upstream:short)%00%(objectname)%00%(upstream:track)%00%(upstream:remotename)%00%(upstream:remoteref) refs/heads/main refs/remotes/main [3ms]
2024-09-11 16:07:51.260 [info] > git config --local branch.main.vscode-merge-base [2ms]
2024-09-11 16:07:51.262 [info] > git for-each-ref --format=%(refname)%00%(upstream:short)%00%(objectname)%00%(upstream:track)%00%(upstream:remotename)%00%(upstream:remoteref) refs/heads/origin/main refs/remotes/origin/main [1ms]
2024-09-11 16:07:51.266 [info] > git merge-base refs/heads/main refs/remotes/origin/main [2ms]
2024-09-11 16:07:51.269 [info] > git rev-list --count --left-right refs/heads/main...refs/remotes/origin/main [2ms]
2024-09-11 16:07:51.272 [info] > git diff --name-status -z --diff-filter=ADMR db57f3ec8672961d8b1d2d8f460858e38bd001e6...refs/remotes/origin/main [2ms]
2024-09-11 16:07:57.977 [info] > git config --get commit.template [2ms]
2024-09-11 16:07:57.979 [info] > git for-each-ref --format=%(refname)%00%(upstream:short)%00%(objectname)%00%(upstream:track)%00%(upstream:remotename)%00%(upstream:remoteref) refs/heads/main refs/remotes/main [2ms]
2024-09-11 16:07:57.982 [info] > git status -z -uall [1ms]
2024-09-11 16:07:57.988 [info] > git for-each-ref --format=%(refname)%00%(upstream:short)%00%(objectname)%00%(upstream:track)%00%(upstream:remotename)%00%(upstream:remoteref) refs/heads/main refs/remotes/main [4ms]
2024-09-11 16:07:57.990 [info] > git config --local branch.main.vscode-merge-base [1ms]
2024-09-11 16:07:57.992 [info] > git for-each-ref --format=%(refname)%00%(upstream:short)%00%(objectname)%00%(upstream:track)%00%(upstream:remotename)%00%(upstream:remoteref) refs/heads/origin/main refs/remotes/origin/main [1ms]
2024-09-11 16:07:57.997 [info] > git merge-base refs/heads/main refs/remotes/origin/main [2ms]
2024-09-11 16:07:58.001 [info] > git rev-list --count --left-right refs/heads/main...refs/remotes/origin/main [2ms]
2024-09-11 16:07:58.006 [info] > git diff --name-status -z --diff-filter=ADMR e4090a618636247de5865bab8c9df217752ce005...refs/remotes/origin/main [2ms]
2024-09-11 16:07:58.980 [info] > git config --get commit.template [3ms]
2024-09-11 16:07:58.982 [info] > git for-each-ref --format=%(refname)%00%(upstream:short)%00%(objectname)%00%(upstream:track)%00%(upstream:remotename)%00%(upstream:remoteref) refs/heads/main refs/remotes/main [3ms]
2024-09-11 16:07:58.984 [info] > git status -z -uall [1ms]
2024-09-11 16:07:58.988 [info] > git for-each-ref --format=%(refname)%00%(upstream:short)%00%(objectname)%00%(upstream:track)%00%(upstream:remotename)%00%(upstream:remoteref) refs/heads/main refs/remotes/main [2ms]
2024-09-11 16:07:58.991 [info] > git config --local branch.main.vscode-merge-base [2ms]
2024-09-11 16:07:58.993 [info] > git for-each-ref --format=%(refname)%00%(upstream:short)%00%(objectname)%00%(upstream:track)%00%(upstream:remotename)%00%(upstream:remoteref) refs/heads/origin/main refs/remotes/origin/main [1ms]
2024-09-11 16:10:39.230 [info] > git check-ignore -v -z --stdin [6ms]
2024-09-11 16:10:46.459 [info] > git show --textconv :ansible/practice.yml [3ms]
2024-09-11 16:10:46.464 [info] > git ls-files --stage -- /home/ec2-user/devops/ansible/practice.yml [5ms]
2024-09-11 16:10:46.467 [info] > git cat-file -s 28ca4058fb2b15d261621fe6d6fbaf3f91b30c8f [2ms]
2024-09-11 16:11:21.898 [info] > git show --textconv :ansible/playbook.yml [3ms]
2024-09-11 16:11:21.901 [info] > git ls-files --stage -- /home/ec2-user/devops/ansible/playbook.yml [3ms]
2024-09-11 16:11:21.903 [info] > git cat-file -s 7806ab0eb78af3a04e9e24833bb0bda79234e1e8 [1ms]
2024-09-11 16:12:13.219 [info] > git check-ignore -v -z --stdin [2ms]
2024-09-11 16:12:14.506 [info] > git show --textconv :docker/Dockerfile [3ms]
2024-09-11 16:12:14.507 [info] > git ls-files --stage -- /home/ec2-user/devops/docker/Dockerfile [2ms]
2024-09-11 16:12:14.510 [info] > git cat-file -s c5aa266842f11dd04260f4ccb5f0f8718bdac7a0 [2ms]
2024-09-11 16:12:39.766 [info] > git show --textconv :ansible/svariable.yml [3ms]
2024-09-11 16:12:39.768 [info] > git ls-files --stage -- /home/ec2-user/devops/ansible/svariable.yml [2ms]
2024-09-11 16:12:39.771 [info] > git cat-file -s 1dbf98b8e4028332bbadcedc9319e1451d04badd [1ms]
2024-09-11 16:12:51.597 [info] > git show --textconv :ansible/playbook.yml [4ms]
2024-09-11 16:12:51.599 [info] > git ls-files --stage -- /home/ec2-user/devops/ansible/playbook.yml [3ms]
2024-09-11 16:12:51.601 [info] > git cat-file -s 7806ab0eb78af3a04e9e24833bb0bda79234e1e8 [1ms]
2024-09-11 16:12:52.927 [info] > git show --textconv :ansible/practice.yml [2ms]
2024-09-11 16:12:52.929 [info] > git ls-files --stage -- /home/ec2-user/devops/ansible/practice.yml [2ms]
2024-09-11 16:12:52.932 [info] > git cat-file -s 28ca4058fb2b15d261621fe6d6fbaf3f91b30c8f [2ms]
2024-09-11 16:12:54.284 [info] > git show --textconv :ansible/playbook.yml [3ms]
2024-09-11 16:12:54.286 [info] > git ls-files --stage -- /home/ec2-user/devops/ansible/playbook.yml [3ms]
2024-09-11 16:12:54.288 [info] > git cat-file -s 7806ab0eb78af3a04e9e24833bb0bda79234e1e8 [1ms]
2024-09-11 16:13:09.637 [info] > git show --textconv :ansible/practice.yml [3ms]
2024-09-11 16:13:09.639 [info] > git ls-files --stage -- /home/ec2-user/devops/ansible/practice.yml [2ms]
2024-09-11 16:13:09.642 [info] > git cat-file -s 28ca4058fb2b15d261621fe6d6fbaf3f91b30c8f [2ms]
2024-09-11 16:13:38.890 [info] > git show --textconv :ansible/sample.yml [3ms]
2024-09-11 16:13:38.891 [info] > git ls-files --stage -- /home/ec2-user/devops/ansible/sample.yml [2ms]
2024-09-11 16:13:38.894 [info] > git cat-file -s a094daeaa7844050e34d9dd929e149e5ba695b01 [2ms]
2024-09-11 16:13:52.698 [info] > git show --textconv :ansible/practice.yml [2ms]
2024-09-11 16:13:52.700 [info] > git ls-files --stage -- /home/ec2-user/devops/ansible/practice.yml [3ms]
2024-09-11 16:13:52.702 [info] > git cat-file -s 28ca4058fb2b15d261621fe6d6fbaf3f91b30c8f [1ms]
2024-09-11 16:13:53.672 [info] > git show --textconv :ansible/playbook.yml [3ms]
2024-09-11 16:13:53.674 [info] > git ls-files --stage -- /home/ec2-user/devops/ansible/playbook.yml [3ms]
2024-09-11 16:13:53.678 [info] > git cat-file -s 7806ab0eb78af3a04e9e24833bb0bda79234e1e8 [2ms]
2024-09-11 16:14:02.489 [info] > git show --textconv :ansible/sample.yml [3ms]
2024-09-11 16:14:02.491 [info] > git ls-files --stage -- /home/ec2-user/devops/ansible/sample.yml [2ms]
2024-09-11 16:14:02.493 [info] > git cat-file -s a094daeaa7844050e34d9dd929e149e5ba695b01 [1ms]
2024-09-11 16:14:05.208 [info] > git show --textconv :ansible/practice.yml [3ms]
2024-09-11 16:14:05.210 [info] > git ls-files --stage -- /home/ec2-user/devops/ansible/practice.yml [2ms]
2024-09-11 16:14:05.213 [info] > git cat-file -s 28ca4058fb2b15d261621fe6d6fbaf3f91b30c8f [1ms]
2024-09-11 16:14:14.364 [info] > git show --textconv :ansible/practice.yml [3ms]
2024-09-11 16:14:14.366 [info] > git ls-files --stage -- /home/ec2-user/devops/ansible/practice.yml [2ms]
2024-09-11 16:14:14.369 [info] > git cat-file -s 28ca4058fb2b15d261621fe6d6fbaf3f91b30c8f [2ms]
2024-09-11 16:14:16.907 [info] > git show --textconv :ansible/playbook.yml [3ms]
2024-09-11 16:14:16.908 [info] > git ls-files --stage -- /home/ec2-user/devops/ansible/playbook.yml [2ms]
2024-09-11 16:14:16.911 [info] > git cat-file -s 7806ab0eb78af3a04e9e24833bb0bda79234e1e8 [2ms]
2024-09-11 16:14:19.503 [info] > git show --textconv :ansible/practice.yml [3ms]
2024-09-11 16:14:19.506 [info] > git ls-files --stage -- /home/ec2-user/devops/ansible/practice.yml [3ms]
2024-09-11 16:14:19.508 [info] > git cat-file -s 28ca4058fb2b15d261621fe6d6fbaf3f91b30c8f [1ms]
2024-09-11 16:14:21.627 [info] > git show --textconv :ansible/playbook.yml [3ms]
2024-09-11 16:14:21.629 [info] > git ls-files --stage -- /home/ec2-user/devops/ansible/playbook.yml [2ms]
2024-09-11 16:14:21.631 [info] > git cat-file -s 7806ab0eb78af3a04e9e24833bb0bda79234e1e8 [1ms]
2024-09-11 16:14:23.858 [info] > git show --textconv :ansible/svariable.yml [2ms]
2024-09-11 16:14:23.860 [info] > git ls-files --stage -- /home/ec2-user/devops/ansible/svariable.yml [2ms]
2024-09-11 16:14:23.862 [info] > git cat-file -s 1dbf98b8e4028332bbadcedc9319e1451d04badd [1ms]
2024-09-11 16:14:26.436 [info] > git show --textconv :ansible/playbook.yml [3ms]
2024-09-11 16:14:26.438 [info] > git ls-files --stage -- /home/ec2-user/devops/ansible/playbook.yml [2ms]
2024-09-11 16:14:26.440 [info] > git cat-file -s 7806ab0eb78af3a04e9e24833bb0bda79234e1e8 [1ms]
2024-09-11 16:14:30.092 [info] > git show --textconv :docker/Dockerfile [4ms]
2024-09-11 16:14:30.094 [info] > git ls-files --stage -- /home/ec2-user/devops/docker/Dockerfile [2ms]
2024-09-11 16:14:30.096 [info] > git cat-file -s c5aa266842f11dd04260f4ccb5f0f8718bdac7a0 [1ms]
2024-09-11 16:14:32.690 [info] > git check-ignore -v -z --stdin [2ms]
2024-09-11 16:14:33.699 [info] > git show --textconv :dockerswarm/test.txt [3ms]
2024-09-11 16:14:33.701 [info] > git ls-files --stage -- /home/ec2-user/devops/dockerswarm/test.txt [2ms]
2024-09-11 16:14:33.703 [info] > git cat-file -s 8b137891791fe96927ad78e64b0aad7bded08bdc [1ms]
2024-09-11 16:14:35.766 [info] > git show --textconv :ansible/playbook.yml [3ms]
2024-09-11 16:14:35.768 [info] > git ls-files --stage -- /home/ec2-user/devops/ansible/playbook.yml [2ms]
2024-09-11 16:14:35.770 [info] > git cat-file -s 7806ab0eb78af3a04e9e24833bb0bda79234e1e8 [1ms]
2024-09-11 16:15:21.875 [info] > git show --textconv :ansible/sample.yml [3ms]
2024-09-11 16:15:21.876 [info] > git ls-files --stage -- /home/ec2-user/devops/ansible/sample.yml [2ms]
2024-09-11 16:15:21.878 [info] > git cat-file -s a094daeaa7844050e34d9dd929e149e5ba695b01 [1ms]
2024-09-11 16:15:23.457 [info] > git show --textconv :ansible/practice.yml [3ms]
2024-09-11 16:15:23.459 [info] > git ls-files --stage -- /home/ec2-user/devops/ansible/practice.yml [2ms]
2024-09-11 16:15:23.461 [info] > git cat-file -s 28ca4058fb2b15d261621fe6d6fbaf3f91b30c8f [1ms]
2024-09-11 16:15:24.205 [info] > git show --textconv :ansible/playbook.yml [3ms]
2024-09-11 16:15:24.207 [info] > git ls-files --stage -- /home/ec2-user/devops/ansible/playbook.yml [2ms]
2024-09-11 16:15:24.209 [info] > git cat-file -s 7806ab0eb78af3a04e9e24833bb0bda79234e1e8 [1ms]
2024-09-11 16:15:26.408 [info] > git show --textconv :ansible/practice.yml [3ms]
2024-09-11 16:15:26.413 [info] > git ls-files --stage -- /home/ec2-user/devops/ansible/practice.yml [6ms]
2024-09-11 16:15:26.416 [info] > git cat-file -s 28ca4058fb2b15d261621fe6d6fbaf3f91b30c8f [2ms]
2024-09-11 16:15:28.927 [info] > git show --textconv :ansible/playbook.yml [3ms]
2024-09-11 16:15:28.928 [info] > git ls-files --stage -- /home/ec2-user/devops/ansible/playbook.yml [2ms]
2024-09-11 16:15:28.931 [info] > git cat-file -s 7806ab0eb78af3a04e9e24833bb0bda79234e1e8 [2ms]
2024-09-11 16:15:30.069 [info] > git show --textconv :ansible/practice.yml [4ms]
2024-09-11 16:15:30.070 [info] > git ls-files --stage -- /home/ec2-user/devops/ansible/practice.yml [2ms]
2024-09-11 16:15:30.073 [info] > git cat-file -s 28ca4058fb2b15d261621fe6d6fbaf3f91b30c8f [1ms]
2024-09-11 16:15:32.396 [info] > git show --textconv :ansible/playbook.yml [4ms]
2024-09-11 16:15:32.398 [info] > git ls-files --stage -- /home/ec2-user/devops/ansible/playbook.yml [2ms]
2024-09-11 16:15:32.400 [info] > git cat-file -s 7806ab0eb78af3a04e9e24833bb0bda79234e1e8 [1ms]
2024-09-11 16:15:35.971 [info] > git show --textconv :ansible/practice.yml [3ms]
2024-09-11 16:15:35.973 [info] > git ls-files --stage -- /home/ec2-user/devops/ansible/practice.yml [2ms]
2024-09-11 16:15:35.975 [info] > git cat-file -s 28ca4058fb2b15d261621fe6d6fbaf3f91b30c8f [1ms]
2024-09-11 16:15:37.859 [info] > git show --textconv :ansible/playbook.yml [3ms]
2024-09-11 16:15:37.860 [info] > git ls-files --stage -- /home/ec2-user/devops/ansible/playbook.yml [2ms]
2024-09-11 16:15:37.863 [info] > git cat-file -s 7806ab0eb78af3a04e9e24833bb0bda79234e1e8 [2ms]
2024-09-11 16:15:42.729 [info] > git show --textconv :ansible/sample.yml [3ms]
2024-09-11 16:15:42.731 [info] > git ls-files --stage -- /home/ec2-user/devops/ansible/sample.yml [3ms]
2024-09-11 16:15:42.733 [info] > git cat-file -s a094daeaa7844050e34d9dd929e149e5ba695b01 [1ms]
2024-09-11 16:15:46.625 [info] > git show --textconv :ansible/playbook.yml [3ms]
2024-09-11 16:15:46.627 [info] > git ls-files --stage -- /home/ec2-user/devops/ansible/playbook.yml [2ms]
2024-09-11 16:15:46.629 [info] > git cat-file -s 7806ab0eb78af3a04e9e24833bb0bda79234e1e8 [1ms]
2024-09-11 16:15:48.375 [info] > git show --textconv :ansible/practice.yml [2ms]
2024-09-11 16:15:48.377 [info] > git ls-files --stage -- /home/ec2-user/devops/ansible/practice.yml [2ms]
2024-09-11 16:15:48.379 [info] > git cat-file -s 28ca4058fb2b15d261621fe6d6fbaf3f91b30c8f [1ms]
2024-09-11 16:15:51.638 [info] > git show --textconv :ansible/svariable.yml [3ms]
2024-09-11 16:15:51.640 [info] > git ls-files --stage -- /home/ec2-user/devops/ansible/svariable.yml [2ms]
2024-09-11 16:15:51.642 [info] > git cat-file -s 1dbf98b8e4028332bbadcedc9319e1451d04badd [1ms]
2024-09-11 16:16:06.794 [info] > git show --textconv :ansible/practice.yml [4ms]
2024-09-11 16:16:06.796 [info] > git ls-files --stage -- /home/ec2-user/devops/ansible/practice.yml [2ms]
2024-09-11 16:16:06.798 [info] > git cat-file -s 28ca4058fb2b15d261621fe6d6fbaf3f91b30c8f [1ms]
2024-09-11 16:16:30.766 [info] > git show --textconv :ansible/svariable.yml [2ms]
2024-09-11 16:16:30.768 [info] > git ls-files --stage -- /home/ec2-user/devops/ansible/svariable.yml [2ms]
2024-09-11 16:16:30.770 [info] > git cat-file -s 1dbf98b8e4028332bbadcedc9319e1451d04badd [1ms]
2024-09-11 16:30:30.035 [info] > git show --textconv :ansible/sample.yml [3ms]
2024-09-11 16:30:30.037 [info] > git ls-files --stage -- /home/ec2-user/devops/ansible/sample.yml [2ms]
2024-09-11 16:30:30.039 [info] > git cat-file -s a094daeaa7844050e34d9dd929e149e5ba695b01 [1ms]
2024-09-11 16:34:59.634 [info] > git config --get commit.template [3ms]
2024-09-11 16:34:59.635 [info] > git for-each-ref --format=%(refname)%00%(upstream:short)%00%(objectname)%00%(upstream:track)%00%(upstream:remotename)%00%(upstream:remoteref) refs/heads/main refs/remotes/main [2ms]
2024-09-11 16:34:59.638 [info] > git status -z -uall [2ms]
2024-09-11 16:34:59.642 [info] > git for-each-ref --format=%(refname)%00%(upstream:short)%00%(objectname)%00%(upstream:track)%00%(upstream:remotename)%00%(upstream:remoteref) refs/heads/main refs/remotes/main [2ms]
2024-09-11 16:34:59.645 [info] > git config --local branch.main.vscode-merge-base [1ms]
2024-09-11 16:34:59.648 [info] > git for-each-ref --format=%(refname)%00%(upstream:short)%00%(objectname)%00%(upstream:track)%00%(upstream:remotename)%00%(upstream:remoteref) refs/heads/origin/main refs/remotes/origin/main [2ms]
2024-09-11 16:35:17.993 [info] > git show --textconv :ansible/practice.yml [3ms]
2024-09-11 16:35:17.994 [info] > git ls-files --stage -- /home/ec2-user/devops/ansible/practice.yml [1ms]
2024-09-11 16:35:17.998 [info] > git cat-file -s 28ca4058fb2b15d261621fe6d6fbaf3f91b30c8f [1ms]
2024-09-11 16:36:32.328 [info] > git show --textconv :ansible/svariable.yml [3ms]
2024-09-11 16:36:32.329 [info] > git ls-files --stage -- /home/ec2-user/devops/ansible/svariable.yml [2ms]
2024-09-11 16:36:32.331 [info] > git cat-file -s 1dbf98b8e4028332bbadcedc9319e1451d04badd [1ms]
2024-09-11 16:36:33.254 [info] > git show --textconv :ansible/sample.yml [3ms]
2024-09-11 16:36:33.255 [info] > git ls-files --stage -- /home/ec2-user/devops/ansible/sample.yml [1ms]
2024-09-11 16:36:33.258 [info] > git cat-file -s a094daeaa7844050e34d9dd929e149e5ba695b01 [2ms]
2024-09-11 16:36:46.608 [info] > git config --get commit.template [8ms]
2024-09-11 16:36:46.609 [info] > git for-each-ref --format=%(refname)%00%(upstream:short)%00%(objectname)%00%(upstream:track)%00%(upstream:remotename)%00%(upstream:remoteref) refs/heads/main refs/remotes/main [2ms]
2024-09-11 16:36:46.619 [info] > git status -z -uall [2ms]
2024-09-11 16:36:46.630 [info] > git for-each-ref --format=%(refname)%00%(upstream:short)%00%(objectname)%00%(upstream:track)%00%(upstream:remotename)%00%(upstream:remoteref) refs/heads/main refs/remotes/main [3ms]
2024-09-11 16:36:46.639 [info] > git config --local branch.main.vscode-merge-base [2ms]
2024-09-11 16:36:46.649 [info] > git for-each-ref --format=%(refname)%00%(upstream:short)%00%(objectname)%00%(upstream:track)%00%(upstream:remotename)%00%(upstream:remoteref) refs/heads/origin/main refs/remotes/origin/main [2ms]
2024-09-11 16:37:03.406 [info] > git show --textconv :ansible/svariable.yml [3ms]
2024-09-11 16:37:03.408 [info] > git ls-files --stage -- /home/ec2-user/devops/ansible/svariable.yml [2ms]
2024-09-11 16:37:03.410 [info] > git cat-file -s 1dbf98b8e4028332bbadcedc9319e1451d04badd [1ms]
2024-09-11 16:37:15.335 [info] > git show --textconv :ansible/practice.yml [3ms]
2024-09-11 16:37:15.337 [info] > git ls-files --stage -- /home/ec2-user/devops/ansible/practice.yml [3ms]
2024-09-11 16:37:15.339 [info] > git cat-file -s 28ca4058fb2b15d261621fe6d6fbaf3f91b30c8f [1ms]
2024-09-11 16:37:32.553 [info] > git show --textconv :ansible/svariable.yml [3ms]
2024-09-11 16:37:32.554 [info] > git ls-files --stage -- /home/ec2-user/devops/ansible/svariable.yml [2ms]
2024-09-11 16:37:32.558 [info] > git cat-file -s 1dbf98b8e4028332bbadcedc9319e1451d04badd [2ms]
2024-09-11 16:37:35.405 [info] > git show --textconv :ansible/practice.yml [3ms]
2024-09-11 16:37:35.406 [info] > git ls-files --stage -- /home/ec2-user/devops/ansible/practice.yml [2ms]
2024-09-11 16:37:35.409 [info] > git cat-file -s 28ca4058fb2b15d261621fe6d6fbaf3f91b30c8f [2ms]
2024-09-11 16:59:05.701 [info] > git show --textconv :ansible/svariable.yml [3ms]
2024-09-11 16:59:05.703 [info] > git ls-files --stage -- /home/ec2-user/devops/ansible/svariable.yml [1ms]
2024-09-11 16:59:05.705 [info] > git cat-file -s 1dbf98b8e4028332bbadcedc9319e1451d04badd [1ms]
2024-09-11 16:59:45.164 [info] > git show --textconv :ansible/practice.yml [3ms]
2024-09-11 16:59:45.166 [info] > git ls-files --stage -- /home/ec2-user/devops/ansible/practice.yml [2ms]
2024-09-11 16:59:45.168 [info] > git cat-file -s 28ca4058fb2b15d261621fe6d6fbaf3f91b30c8f [1ms]
2024-09-11 16:59:46.238 [info] > git show --textconv :ansible/svariable.yml [8ms]
2024-09-11 16:59:46.240 [info] > git ls-files --stage -- /home/ec2-user/devops/ansible/svariable.yml [2ms]
2024-09-11 16:59:46.242 [info] > git cat-file -s 1dbf98b8e4028332bbadcedc9319e1451d04badd [1ms]
2024-09-11 17:00:01.058 [info] > git show --textconv :ansible/practice.yml [3ms]
2024-09-11 17:00:01.060 [info] > git ls-files --stage -- /home/ec2-user/devops/ansible/practice.yml [2ms]
2024-09-11 17:00:01.062 [info] > git cat-file -s 28ca4058fb2b15d261621fe6d6fbaf3f91b30c8f [1ms]
2024-09-11 17:01:05.766 [info] > git show --textconv :ansible/svariable.yml [3ms]
2024-09-11 17:01:05.768 [info] > git ls-files --stage -- /home/ec2-user/devops/ansible/svariable.yml [2ms]
2024-09-11 17:01:05.770 [info] > git cat-file -s 1dbf98b8e4028332bbadcedc9319e1451d04badd [1ms]
2024-09-11 17:02:11.096 [info] > git show --textconv :ansible/practice.yml [3ms]
2024-09-11 17:02:11.097 [info] > git ls-files --stage -- /home/ec2-user/devops/ansible/practice.yml [1ms]
2024-09-11 17:02:11.099 [info] > git cat-file -s 28ca4058fb2b15d261621fe6d6fbaf3f91b30c8f [1ms]
2024-09-11 17:02:11.440 [info] > git config --get commit.template [3ms]
2024-09-11 17:02:11.442 [info] > git for-each-ref --format=%(refname)%00%(upstream:short)%00%(objectname)%00%(upstream:track)%00%(upstream:remotename)%00%(upstream:remoteref) refs/heads/main refs/remotes/main [2ms]
2024-09-11 17:02:11.444 [info] > git status -z -uall [1ms]
2024-09-11 17:02:11.449 [info] > git for-each-ref --format=%(refname)%00%(upstream:short)%00%(objectname)%00%(upstream:track)%00%(upstream:remotename)%00%(upstream:remoteref) refs/heads/main refs/remotes/main [3ms]
2024-09-11 17:02:11.452 [info] > git config --local branch.main.vscode-merge-base [1ms]
2024-09-11 17:02:11.455 [info] > git for-each-ref --format=%(refname)%00%(upstream:short)%00%(objectname)%00%(upstream:track)%00%(upstream:remotename)%00%(upstream:remoteref) refs/heads/origin/main refs/remotes/origin/main [1ms]
2024-09-11 17:02:16.452 [info] > git config --get commit.template [3ms]
2024-09-11 17:02:16.454 [info] > git for-each-ref --format=%(refname)%00%(upstream:short)%00%(objectname)%00%(upstream:track)%00%(upstream:remotename)%00%(upstream:remoteref) refs/heads/main refs/remotes/main [3ms]
2024-09-11 17:02:16.457 [info] > git status -z -uall [2ms]
2024-09-11 17:02:16.461 [info] > git for-each-ref --format=%(refname)%00%(upstream:short)%00%(objectname)%00%(upstream:track)%00%(upstream:remotename)%00%(upstream:remoteref) refs/heads/main refs/remotes/main [2ms]
2024-09-11 17:02:16.464 [info] > git config --local branch.main.vscode-merge-base [1ms]
2024-09-11 17:02:16.466 [info] > git for-each-ref --format=%(refname)%00%(upstream:short)%00%(objectname)%00%(upstream:track)%00%(upstream:remotename)%00%(upstream:remoteref) refs/heads/origin/main refs/remotes/origin/main [1ms]
2024-09-11 17:04:00.754 [info] > git config --get commit.template [3ms]
2024-09-11 17:04:00.756 [info] > git for-each-ref --format=%(refname)%00%(upstream:short)%00%(objectname)%00%(upstream:track)%00%(upstream:remotename)%00%(upstream:remoteref) refs/heads/main refs/remotes/main [2ms]
2024-09-11 17:04:00.759 [info] > git status -z -uall [2ms]
2024-09-11 17:04:00.762 [info] > git for-each-ref --format=%(refname)%00%(upstream:short)%00%(objectname)%00%(upstream:track)%00%(upstream:remotename)%00%(upstream:remoteref) refs/heads/main refs/remotes/main [2ms]
2024-09-11 17:04:00.765 [info] > git config --local branch.main.vscode-merge-base [1ms]
2024-09-11 17:04:00.767 [info] > git for-each-ref --format=%(refname)%00%(upstream:short)%00%(objectname)%00%(upstream:track)%00%(upstream:remotename)%00%(upstream:remoteref) refs/heads/origin/main refs/remotes/origin/main [1ms]
2024-09-11 17:04:06.949 [info] > git show --textconv :ansible/svariable.yml [2ms]
2024-09-11 17:04:06.951 [info] > git ls-files --stage -- /home/ec2-user/devops/ansible/svariable.yml [2ms]
2024-09-11 17:04:06.953 [info] > git cat-file -s 1dbf98b8e4028332bbadcedc9319e1451d04badd [1ms]
2024-09-11 17:04:10.185 [info] > git show --textconv :ansible/practice.yml [4ms]
2024-09-11 17:04:10.187 [info] > git ls-files --stage -- /home/ec2-user/devops/ansible/practice.yml [3ms]
2024-09-11 17:04:10.189 [info] > git cat-file -s 28ca4058fb2b15d261621fe6d6fbaf3f91b30c8f [1ms]
2024-09-11 17:04:11.641 [info] > git show --textconv :ansible/svariable.yml [2ms]
2024-09-11 17:04:11.643 [info] > git ls-files --stage -- /home/ec2-user/devops/ansible/svariable.yml [2ms]
2024-09-11 17:04:11.645 [info] > git cat-file -s 1dbf98b8e4028332bbadcedc9319e1451d04badd [1ms]
2024-09-11 17:04:33.107 [info] > git show --textconv :ansible/practice.yml [3ms]
2024-09-11 17:04:33.108 [info] > git ls-files --stage -- /home/ec2-user/devops/ansible/practice.yml [2ms]
2024-09-11 17:04:33.110 [info] > git cat-file -s 28ca4058fb2b15d261621fe6d6fbaf3f91b30c8f [1ms]
2024-09-11 17:04:58.631 [info] > git config --get commit.template [2ms]
2024-09-11 17:04:58.633 [info] > git for-each-ref --format=%(refname)%00%(upstream:short)%00%(objectname)%00%(upstream:track)%00%(upstream:remotename)%00%(upstream:remoteref) refs/heads/main refs/remotes/main [1ms]
2024-09-11 17:04:58.636 [info] > git status -z -uall [2ms]
2024-09-11 17:04:58.641 [info] > git for-each-ref --format=%(refname)%00%(upstream:short)%00%(objectname)%00%(upstream:track)%00%(upstream:remotename)%00%(upstream:remoteref) refs/heads/main refs/remotes/main [3ms]
2024-09-11 17:04:58.643 [info] > git config --local branch.main.vscode-merge-base [1ms]
2024-09-11 17:04:58.645 [info] > git for-each-ref --format=%(refname)%00%(upstream:short)%00%(objectname)%00%(upstream:track)%00%(upstream:remotename)%00%(upstream:remoteref) refs/heads/origin/main refs/remotes/origin/main [1ms]
2024-09-11 17:06:01.728 [info] > git config --get commit.template [2ms]
2024-09-11 17:06:01.729 [info] > git for-each-ref --format=%(refname)%00%(upstream:short)%00%(objectname)%00%(upstream:track)%00%(upstream:remotename)%00%(upstream:remoteref) refs/heads/main refs/remotes/main [2ms]
2024-09-11 17:06:01.732 [info] > git status -z -uall [2ms]
2024-09-11 17:06:01.735 [info] > git for-each-ref --format=%(refname)%00%(upstream:short)%00%(objectname)%00%(upstream:track)%00%(upstream:remotename)%00%(upstream:remoteref) refs/heads/main refs/remotes/main [2ms]
2024-09-11 17:06:01.738 [info] > git config --local branch.main.vscode-merge-base [2ms]
2024-09-11 17:06:01.741 [info] > git for-each-ref --format=%(refname)%00%(upstream:short)%00%(objectname)%00%(upstream:track)%00%(upstream:remotename)%00%(upstream:remoteref) refs/heads/origin/main refs/remotes/origin/main [2ms]
2024-09-11 17:08:23.229 [info] > git config --get commit.template [3ms]
2024-09-11 17:08:23.230 [info] > git for-each-ref --format=%(refname)%00%(upstream:short)%00%(objectname)%00%(upstream:track)%00%(upstream:remotename)%00%(upstream:remoteref) refs/heads/main refs/remotes/main [1ms]
2024-09-11 17:08:23.236 [info] > git status -z -uall [3ms]
2024-09-11 17:08:23.239 [info] > git for-each-ref --format=%(refname)%00%(upstream:short)%00%(objectname)%00%(upstream:track)%00%(upstream:remotename)%00%(upstream:remoteref) refs/heads/main refs/remotes/main [2ms]
2024-09-11 17:08:23.242 [info] > git config --local branch.main.vscode-merge-base [2ms]
2024-09-11 17:08:23.244 [info] > git for-each-ref --format=%(refname)%00%(upstream:short)%00%(objectname)%00%(upstream:track)%00%(upstream:remotename)%00%(upstream:remoteref) refs/heads/origin/main refs/remotes/origin/main [1ms]
2024-09-11 17:08:58.053 [info] > git show --textconv :ansible/svariable.yml [4ms]
2024-09-11 17:08:58.055 [info] > git ls-files --stage -- /home/ec2-user/devops/ansible/svariable.yml [3ms]
2024-09-11 17:08:58.057 [info] > git cat-file -s 1dbf98b8e4028332bbadcedc9319e1451d04badd [1ms]
2024-09-11 17:12:09.709 [info] > git show --textconv :ansible/practice.yml [2ms]
2024-09-11 17:12:09.710 [info] > git ls-files --stage -- /home/ec2-user/devops/ansible/practice.yml [2ms]
2024-09-11 17:12:09.712 [info] > git cat-file -s 28ca4058fb2b15d261621fe6d6fbaf3f91b30c8f [1ms]
2024-09-11 17:12:32.045 [info] > git config --get commit.template [4ms]
2024-09-11 17:12:32.046 [info] > git for-each-ref --format=%(refname)%00%(upstream:short)%00%(objectname)%00%(upstream:track)%00%(upstream:remotename)%00%(upstream:remoteref) refs/heads/main refs/remotes/main [2ms]
2024-09-11 17:12:32.049 [info] > git status -z -uall [2ms]
2024-09-11 17:12:32.052 [info] > git for-each-ref --format=%(refname)%00%(upstream:short)%00%(objectname)%00%(upstream:track)%00%(upstream:remotename)%00%(upstream:remoteref) refs/heads/main refs/remotes/main [2ms]
2024-09-11 17:12:32.054 [info] > git config --local branch.main.vscode-merge-base [1ms]
2024-09-11 17:12:32.057 [info] > git for-each-ref --format=%(refname)%00%(upstream:short)%00%(objectname)%00%(upstream:track)%00%(upstream:remotename)%00%(upstream:remoteref) refs/heads/origin/main refs/remotes/origin/main [1ms]
2024-09-11 17:12:54.089 [info] > git config --get commit.template [6ms]
2024-09-11 17:12:54.092 [info] > git for-each-ref --format=%(refname)%00%(upstream:short)%00%(objectname)%00%(upstream:track)%00%(upstream:remotename)%00%(upstream:remoteref) refs/heads/main refs/remotes/main [3ms]
2024-09-11 17:12:54.096 [info] > git status -z -uall [2ms]
2024-09-11 17:12:54.099 [info] > git for-each-ref --format=%(refname)%00%(upstream:short)%00%(objectname)%00%(upstream:track)%00%(upstream:remotename)%00%(upstream:remoteref) refs/heads/main refs/remotes/main [2ms]
2024-09-11 17:12:54.101 [info] > git config --local branch.main.vscode-merge-base [1ms]
2024-09-11 17:12:54.104 [info] > git for-each-ref --format=%(refname)%00%(upstream:short)%00%(objectname)%00%(upstream:track)%00%(upstream:remotename)%00%(upstream:remoteref) refs/heads/origin/main refs/remotes/origin/main [1ms]
2024-09-11 17:15:01.563 [info] > git config --get commit.template [3ms]
2024-09-11 17:15:01.564 [info] > git for-each-ref --format=%(refname)%00%(upstream:short)%00%(objectname)%00%(upstream:track)%00%(upstream:remotename)%00%(upstream:remoteref) refs/heads/main refs/remotes/main [2ms]
2024-09-11 17:15:01.567 [info] > git status -z -uall [2ms]
2024-09-11 17:15:01.572 [info] > git for-each-ref --format=%(refname)%00%(upstream:short)%00%(objectname)%00%(upstream:track)%00%(upstream:remotename)%00%(upstream:remoteref) refs/heads/main refs/remotes/main [4ms]
2024-09-11 17:15:01.574 [info] > git config --local branch.main.vscode-merge-base [1ms]
2024-09-11 17:15:01.576 [info] > git for-each-ref --format=%(refname)%00%(upstream:short)%00%(objectname)%00%(upstream:track)%00%(upstream:remotename)%00%(upstream:remoteref) refs/heads/origin/main refs/remotes/origin/main [1ms]
2024-09-11 17:15:20.343 [info] > git show --textconv :ansible/svariable.yml [3ms]
2024-09-11 17:15:20.345 [info] > git ls-files --stage -- /home/ec2-user/devops/ansible/svariable.yml [2ms]
2024-09-11 17:15:20.347 [info] > git cat-file -s 1dbf98b8e4028332bbadcedc9319e1451d04badd [1ms]
2024-09-11 17:15:29.418 [info] > git show --textconv :ansible/practice.yml [3ms]
2024-09-11 17:15:29.420 [info] > git ls-files --stage -- /home/ec2-user/devops/ansible/practice.yml [2ms]
2024-09-11 17:15:29.422 [info] > git cat-file -s 28ca4058fb2b15d261621fe6d6fbaf3f91b30c8f [1ms]
2024-09-11 17:16:13.898 [info] > git show --textconv :ansible/svariable.yml [3ms]
2024-09-11 17:16:13.899 [info] > git ls-files --stage -- /home/ec2-user/devops/ansible/svariable.yml [2ms]
2024-09-11 17:16:13.901 [info] > git cat-file -s 1dbf98b8e4028332bbadcedc9319e1451d04badd [1ms]
2024-09-11 17:16:17.054 [info] > git show --textconv :ansible/practice.yml [2ms]
2024-09-11 17:16:17.055 [info] > git ls-files --stage -- /home/ec2-user/devops/ansible/practice.yml [2ms]
2024-09-11 17:16:17.057 [info] > git cat-file -s 28ca4058fb2b15d261621fe6d6fbaf3f91b30c8f [1ms]
2024-09-11 17:16:40.015 [info] > git config --get commit.template [3ms]
2024-09-11 17:16:40.016 [info] > git for-each-ref --format=%(refname)%00%(upstream:short)%00%(objectname)%00%(upstream:track)%00%(upstream:remotename)%00%(upstream:remoteref) refs/heads/main refs/remotes/main [1ms]
2024-09-11 17:16:40.019 [info] > git status -z -uall [1ms]
2024-09-11 17:16:40.023 [info] > git for-each-ref --format=%(refname)%00%(upstream:short)%00%(objectname)%00%(upstream:track)%00%(upstream:remotename)%00%(upstream:remoteref) refs/heads/main refs/remotes/main [3ms]
2024-09-11 17:16:40.025 [info] > git config --local branch.main.vscode-merge-base [1ms]
2024-09-11 17:16:40.028 [info] > git for-each-ref --format=%(refname)%00%(upstream:short)%00%(objectname)%00%(upstream:track)%00%(upstream:remotename)%00%(upstream:remoteref) refs/heads/origin/main refs/remotes/origin/main [1ms]
2024-09-11 17:16:57.088 [info] > git show --textconv :ansible/svariable.yml [2ms]
2024-09-11 17:16:57.090 [info] > git ls-files --stage -- /home/ec2-user/devops/ansible/svariable.yml [2ms]
2024-09-11 17:16:57.092 [info] > git cat-file -s 1dbf98b8e4028332bbadcedc9319e1451d04badd [1ms]
2024-09-11 17:17:07.422 [info] > git show --textconv :ansible/practice.yml [3ms]
2024-09-11 17:17:07.424 [info] > git ls-files --stage -- /home/ec2-user/devops/ansible/practice.yml [2ms]
2024-09-11 17:17:07.426 [info] > git cat-file -s 28ca4058fb2b15d261621fe6d6fbaf3f91b30c8f [1ms]
2024-09-11 17:17:28.668 [info] > git show --textconv :ansible/svariable.yml [2ms]
2024-09-11 17:17:28.670 [info] > git ls-files --stage -- /home/ec2-user/devops/ansible/svariable.yml [2ms]
2024-09-11 17:17:28.672 [info] > git cat-file -s 1dbf98b8e4028332bbadcedc9319e1451d04badd [1ms]
2024-09-11 17:17:35.332 [info] > git show --textconv :ansible/practice.yml [3ms]
2024-09-11 17:17:35.334 [info] > git ls-files --stage -- /home/ec2-user/devops/ansible/practice.yml [2ms]
2024-09-11 17:17:35.337 [info] > git cat-file -s 28ca4058fb2b15d261621fe6d6fbaf3f91b30c8f [2ms]
2024-09-11 17:19:07.329 [info] > git show --textconv :ansible/svariable.yml [3ms]
2024-09-11 17:19:07.330 [info] > git ls-files --stage -- /home/ec2-user/devops/ansible/svariable.yml [2ms]
2024-09-11 17:19:07.335 [info] > git cat-file -s 1dbf98b8e4028332bbadcedc9319e1451d04badd [4ms]
2024-09-11 17:19:11.945 [info] > git show --textconv :ansible/practice.yml [5ms]
2024-09-11 17:19:11.947 [info] > git ls-files --stage -- /home/ec2-user/devops/ansible/practice.yml [2ms]
2024-09-11 17:19:11.949 [info] > git cat-file -s 28ca4058fb2b15d261621fe6d6fbaf3f91b30c8f [1ms]
2024-09-11 17:19:13.520 [info] > git show --textconv :ansible/svariable.yml [3ms]
2024-09-11 17:19:13.522 [info] > git ls-files --stage -- /home/ec2-user/devops/ansible/svariable.yml [3ms]
2024-09-11 17:19:13.524 [info] > git cat-file -s 1dbf98b8e4028332bbadcedc9319e1451d04badd [1ms]
2024-09-11 17:19:15.809 [info] > git show --textconv :ansible/practice.yml [3ms]
2024-09-11 17:19:15.813 [info] > git ls-files --stage -- /home/ec2-user/devops/ansible/practice.yml [5ms]
2024-09-11 17:19:15.817 [info] > git cat-file -s 28ca4058fb2b15d261621fe6d6fbaf3f91b30c8f [3ms]
2024-09-11 17:19:32.447 [info] > git config --get commit.template [3ms]
2024-09-11 17:19:32.448 [info] > git for-each-ref --format=%(refname)%00%(upstream:short)%00%(objectname)%00%(upstream:track)%00%(upstream:remotename)%00%(upstream:remoteref) refs/heads/main refs/remotes/main [1ms]
2024-09-11 17:19:32.451 [info] > git status -z -uall [1ms]
2024-09-11 17:19:32.455 [info] > git for-each-ref --format=%(refname)%00%(upstream:short)%00%(objectname)%00%(upstream:track)%00%(upstream:remotename)%00%(upstream:remoteref) refs/heads/main refs/remotes/main [2ms]
2024-09-11 17:19:32.457 [info] > git config --local branch.main.vscode-merge-base [1ms]
2024-09-11 17:19:32.460 [info] > git for-each-ref --format=%(refname)%00%(upstream:short)%00%(objectname)%00%(upstream:track)%00%(upstream:remotename)%00%(upstream:remoteref) refs/heads/origin/main refs/remotes/origin/main [2ms]
2024-09-11 17:19:41.448 [info] > git show --textconv :ansible/svariable.yml [4ms]
2024-09-11 17:19:41.449 [info] > git ls-files --stage -- /home/ec2-user/devops/ansible/svariable.yml [2ms]
2024-09-11 17:19:41.452 [info] > git cat-file -s 1dbf98b8e4028332bbadcedc9319e1451d04badd [2ms]
2024-09-11 17:19:42.004 [info] > git show --textconv :ansible/practice.yml [3ms]
2024-09-11 17:19:42.005 [info] > git ls-files --stage -- /home/ec2-user/devops/ansible/practice.yml [1ms]
2024-09-11 17:19:42.008 [info] > git cat-file -s 28ca4058fb2b15d261621fe6d6fbaf3f91b30c8f [2ms]
2024-09-11 17:19:49.949 [info] > git config --get commit.template [2ms]
2024-09-11 17:19:49.950 [info] > git for-each-ref --format=%(refname)%00%(upstream:short)%00%(objectname)%00%(upstream:track)%00%(upstream:remotename)%00%(upstream:remoteref) refs/heads/main refs/remotes/main [2ms]
2024-09-11 17:19:49.953 [info] > git status -z -uall [2ms]
2024-09-11 17:19:49.956 [info] > git for-each-ref --format=%(refname)%00%(upstream:short)%00%(objectname)%00%(upstream:track)%00%(upstream:remotename)%00%(upstream:remoteref) refs/heads/main refs/remotes/main [2ms]
2024-09-11 17:19:49.958 [info] > git config --local branch.main.vscode-merge-base [1ms]
2024-09-11 17:19:49.960 [info] > git for-each-ref --format=%(refname)%00%(upstream:short)%00%(objectname)%00%(upstream:track)%00%(upstream:remotename)%00%(upstream:remoteref) refs/heads/origin/main refs/remotes/origin/main [1ms]
2024-09-11 17:21:07.858 [info] > git config --get commit.template [3ms]
2024-09-11 17:21:07.860 [info] > git for-each-ref --format=%(refname)%00%(upstream:short)%00%(objectname)%00%(upstream:track)%00%(upstream:remotename)%00%(upstream:remoteref) refs/heads/main refs/remotes/main [2ms]
2024-09-11 17:21:07.862 [info] > git status -z -uall [1ms]
2024-09-11 17:21:07.866 [info] > git for-each-ref --format=%(refname)%00%(upstream:short)%00%(objectname)%00%(upstream:track)%00%(upstream:remotename)%00%(upstream:remoteref) refs/heads/main refs/remotes/main [2ms]
2024-09-11 17:21:07.868 [info] > git config --local branch.main.vscode-merge-base [1ms]
2024-09-11 17:21:07.871 [info] > git for-each-ref --format=%(refname)%00%(upstream:short)%00%(objectname)%00%(upstream:track)%00%(upstream:remotename)%00%(upstream:remoteref) refs/heads/origin/main refs/remotes/origin/main [1ms]
2024-09-11 17:21:27.012 [info] > git show --textconv :ansible/svariable.yml [2ms]
2024-09-11 17:21:27.014 [info] > git ls-files --stage -- /home/ec2-user/devops/ansible/svariable.yml [2ms]
2024-09-11 17:21:27.016 [info] > git cat-file -s 1dbf98b8e4028332bbadcedc9319e1451d04badd [1ms]
2024-09-11 17:22:52.282 [info] > git config --get commit.template [3ms]
2024-09-11 17:22:52.283 [info] > git for-each-ref --format=%(refname)%00%(upstream:short)%00%(objectname)%00%(upstream:track)%00%(upstream:remotename)%00%(upstream:remoteref) refs/heads/main refs/remotes/main [1ms]
2024-09-11 17:22:52.286 [info] > git status -z -uall [1ms]
2024-09-11 17:22:52.290 [info] > git for-each-ref --format=%(refname)%00%(upstream:short)%00%(objectname)%00%(upstream:track)%00%(upstream:remotename)%00%(upstream:remoteref) refs/heads/main refs/remotes/main [2ms]
2024-09-11 17:22:52.292 [info] > git config --local branch.main.vscode-merge-base [1ms]
2024-09-11 17:22:52.294 [info] > git for-each-ref --format=%(refname)%00%(upstream:short)%00%(objectname)%00%(upstream:track)%00%(upstream:remotename)%00%(upstream:remoteref) refs/heads/origin/main refs/remotes/origin/main [1ms]
2024-09-11 17:23:35.336 [info] > git show --textconv :ansible/practice.yml [7ms]
2024-09-11 17:23:35.338 [info] > git ls-files --stage -- /home/ec2-user/devops/ansible/practice.yml [2ms]
2024-09-11 17:23:35.340 [info] > git cat-file -s 28ca4058fb2b15d261621fe6d6fbaf3f91b30c8f [1ms]
2024-09-11 17:23:35.939 [info] > git show --textconv :ansible/svariable.yml [2ms]
2024-09-11 17:23:35.941 [info] > git ls-files --stage -- /home/ec2-user/devops/ansible/svariable.yml [2ms]
2024-09-11 17:23:35.943 [info] > git cat-file -s 1dbf98b8e4028332bbadcedc9319e1451d04badd [1ms]
2024-09-11 17:24:27.197 [info] > git show --textconv :ansible/inventory [4ms]
2024-09-11 17:24:27.200 [info] > git ls-files --stage -- /home/ec2-user/devops/ansible/inventory [2ms]
2024-09-11 17:24:27.202 [info] > git cat-file -s 3a5e2abf4c3e7b681a2af43f160ae892d2e28f52 [1ms]
2024-09-11 17:24:29.440 [info] > git show --textconv :ansible/svariable.yml [3ms]
2024-09-11 17:24:29.442 [info] > git ls-files --stage -- /home/ec2-user/devops/ansible/svariable.yml [3ms]
2024-09-11 17:24:29.445 [info] > git cat-file -s 1dbf98b8e4028332bbadcedc9319e1451d04badd [2ms]
2024-09-11 17:26:08.696 [info] > git config --get commit.template [3ms]
2024-09-11 17:26:08.698 [info] > git for-each-ref --format=%(refname)%00%(upstream:short)%00%(objectname)%00%(upstream:track)%00%(upstream:remotename)%00%(upstream:remoteref) refs/heads/main refs/remotes/main [2ms]
2024-09-11 17:26:08.700 [info] > git status -z -uall [1ms]
2024-09-11 17:26:08.704 [info] > git for-each-ref --format=%(refname)%00%(upstream:short)%00%(objectname)%00%(upstream:track)%00%(upstream:remotename)%00%(upstream:remoteref) refs/heads/main refs/remotes/main [2ms]
2024-09-11 17:26:08.706 [info] > git config --local branch.main.vscode-merge-base [1ms]
2024-09-11 17:26:08.709 [info] > git for-each-ref --format=%(refname)%00%(upstream:short)%00%(objectname)%00%(upstream:track)%00%(upstream:remotename)%00%(upstream:remoteref) refs/heads/origin/main refs/remotes/origin/main [2ms]
2024-09-11 17:26:53.670 [info] > git config --get commit.template [2ms]
2024-09-11 17:26:53.672 [info] > git for-each-ref --format=%(refname)%00%(upstream:short)%00%(objectname)%00%(upstream:track)%00%(upstream:remotename)%00%(upstream:remoteref) refs/heads/main refs/remotes/main [2ms]
2024-09-11 17:26:53.674 [info] > git status -z -uall [1ms]
2024-09-11 17:26:53.680 [info] > git for-each-ref --format=%(refname)%00%(upstream:short)%00%(objectname)%00%(upstream:track)%00%(upstream:remotename)%00%(upstream:remoteref) refs/heads/main refs/remotes/main [3ms]
2024-09-11 17:26:53.683 [info] > git config --local branch.main.vscode-merge-base [2ms]
2024-09-11 17:26:53.685 [info] > git for-each-ref --format=%(refname)%00%(upstream:short)%00%(objectname)%00%(upstream:track)%00%(upstream:remotename)%00%(upstream:remoteref) refs/heads/origin/main refs/remotes/origin/main [1ms]
2024-09-11 17:27:14.689 [info] > git show --textconv :ansible/practice.yml [3ms]
2024-09-11 17:27:14.691 [info] > git ls-files --stage -- /home/ec2-user/devops/ansible/practice.yml [2ms]
2024-09-11 17:27:14.693 [info] > git cat-file -s 28ca4058fb2b15d261621fe6d6fbaf3f91b30c8f [1ms]
2024-09-11 17:27:16.325 [info] > git show --textconv :ansible/svariable.yml [4ms]
2024-09-11 17:27:16.327 [info] > git ls-files --stage -- /home/ec2-user/devops/ansible/svariable.yml [2ms]
2024-09-11 17:27:16.329 [info] > git cat-file -s 1dbf98b8e4028332bbadcedc9319e1451d04badd [1ms]
2024-09-11 17:27:40.182 [info] > git config --get commit.template [2ms]
2024-09-11 17:27:40.184 [info] > git for-each-ref --format=%(refname)%00%(upstream:short)%00%(objectname)%00%(upstream:track)%00%(upstream:remotename)%00%(upstream:remoteref) refs/heads/main refs/remotes/main [3ms]
2024-09-11 17:27:40.186 [info] > git status -z -uall [1ms]
2024-09-11 17:27:40.190 [info] > git for-each-ref --format=%(refname)%00%(upstream:short)%00%(objectname)%00%(upstream:track)%00%(upstream:remotename)%00%(upstream:remoteref) refs/heads/main refs/remotes/main [2ms]
2024-09-11 17:27:40.192 [info] > git config --local branch.main.vscode-merge-base [1ms]
2024-09-11 17:27:40.194 [info] > git for-each-ref --format=%(refname)%00%(upstream:short)%00%(objectname)%00%(upstream:track)%00%(upstream:remotename)%00%(upstream:remoteref) refs/heads/origin/main refs/remotes/origin/main [1ms]
2024-09-11 17:27:55.427 [info] > git show --textconv :ansible/inventory [3ms]
2024-09-11 17:27:55.429 [info] > git ls-files --stage -- /home/ec2-user/devops/ansible/inventory [2ms]
2024-09-11 17:27:55.431 [info] > git cat-file -s 3a5e2abf4c3e7b681a2af43f160ae892d2e28f52 [1ms]
2024-09-11 17:27:57.518 [info] > git show --textconv :ansible/svariable.yml [4ms]
2024-09-11 17:27:57.521 [info] > git ls-files --stage -- /home/ec2-user/devops/ansible/svariable.yml [3ms]
2024-09-11 17:27:57.523 [info] > git cat-file -s 1dbf98b8e4028332bbadcedc9319e1451d04badd [1ms]
2024-09-11 17:30:47.971 [info] > git config --get commit.template [3ms]
2024-09-11 17:30:47.977 [info] > git for-each-ref --format=%(refname)%00%(upstream:short)%00%(objectname)%00%(upstream:track)%00%(upstream:remotename)%00%(upstream:remoteref) refs/heads/main refs/remotes/main [6ms]
2024-09-11 17:30:47.989 [info] > git status -z -uall [1ms]
2024-09-11 17:30:47.998 [info] > git for-each-ref --format=%(refname)%00%(upstream:short)%00%(objectname)%00%(upstream:track)%00%(upstream:remotename)%00%(upstream:remoteref) refs/heads/main refs/remotes/main [2ms]
2024-09-11 17:30:48.009 [info] > git config --local branch.main.vscode-merge-base [1ms]
2024-09-11 17:30:48.019 [info] > git for-each-ref --format=%(refname)%00%(upstream:short)%00%(objectname)%00%(upstream:track)%00%(upstream:remotename)%00%(upstream:remoteref) refs/heads/origin/main refs/remotes/origin/main [1ms]
2024-09-11 17:31:29.953 [info] > git config --get commit.template [4ms]
2024-09-11 17:31:29.955 [info] > git for-each-ref --format=%(refname)%00%(upstream:short)%00%(objectname)%00%(upstream:track)%00%(upstream:remotename)%00%(upstream:remoteref) refs/heads/main refs/remotes/main [2ms]
2024-09-11 17:31:29.957 [info] > git status -z -uall [1ms]
2024-09-11 17:31:29.961 [info] > git for-each-ref --format=%(refname)%00%(upstream:short)%00%(objectname)%00%(upstream:track)%00%(upstream:remotename)%00%(upstream:remoteref) refs/heads/main refs/remotes/main [2ms]
2024-09-11 17:31:29.963 [info] > git config --local branch.main.vscode-merge-base [1ms]
2024-09-11 17:31:29.966 [info] > git for-each-ref --format=%(refname)%00%(upstream:short)%00%(objectname)%00%(upstream:track)%00%(upstream:remotename)%00%(upstream:remoteref) refs/heads/origin/main refs/remotes/origin/main [2ms]
2024-09-11 17:32:25.136 [info] > git config --get commit.template [4ms]
2024-09-11 17:32:25.138 [info] > git for-each-ref --format=%(refname)%00%(upstream:short)%00%(objectname)%00%(upstream:track)%00%(upstream:remotename)%00%(upstream:remoteref) refs/heads/main refs/remotes/main [1ms]
2024-09-11 17:32:25.140 [info] > git status -z -uall [1ms]
2024-09-11 17:32:25.144 [info] > git for-each-ref --format=%(refname)%00%(upstream:short)%00%(objectname)%00%(upstream:track)%00%(upstream:remotename)%00%(upstream:remoteref) refs/heads/main refs/remotes/main [2ms]
2024-09-11 17:32:25.146 [info] > git config --local branch.main.vscode-merge-base [1ms]
2024-09-11 17:32:25.148 [info] > git for-each-ref --format=%(refname)%00%(upstream:short)%00%(objectname)%00%(upstream:track)%00%(upstream:remotename)%00%(upstream:remoteref) refs/heads/origin/main refs/remotes/origin/main [1ms]
