2024-09-12 01:47:48.205 [info] [main] Log level: Info
2024-09-12 01:47:48.205 [info] [main] Validating found git in: "git"
2024-09-12 01:47:48.205 [info] [main] Using git "2.40.1" from "git"
2024-09-12 01:47:48.205 [info] [Model][doInitialScan] Initial repository scan started
2024-09-12 01:47:48.205 [info] > git rev-parse --show-toplevel [12ms]
2024-09-12 01:47:48.206 [info] > git rev-parse --git-dir --git-common-dir [2ms]
2024-09-12 01:47:48.206 [info] [Model][openRepository] Opened repository: /home/ec2-user/devops
2024-09-12 01:47:48.206 [info] > git config --get commit.template [22ms]
2024-09-12 01:47:48.206 [info] > git rev-parse --show-toplevel [21ms]
2024-09-12 01:47:48.206 [info] > git for-each-ref --format=%(refname)%00%(upstream:short)%00%(objectname)%00%(upstream:track)%00%(upstream:remotename)%00%(upstream:remoteref) refs/heads/main refs/remotes/main [7ms]
2024-09-12 01:47:48.206 [info] > git rev-parse --show-toplevel [7ms]
2024-09-12 01:47:48.206 [info] > git status -z -uall [6ms]
2024-09-12 01:47:48.206 [info] > git for-each-ref --format=%(refname)%00%(upstream:short)%00%(objectname)%00%(upstream:track)%00%(upstream:remotename)%00%(upstream:remoteref) refs/heads/main refs/remotes/main [26ms]
2024-09-12 01:47:48.206 [info] > git rev-parse --show-toplevel [40ms]
2024-09-12 01:47:48.206 [info] > git config --get commit.template [14ms]
2024-09-12 01:47:48.206 [info] > git config --local branch.main.vscode-merge-base [7ms]
2024-09-12 01:47:48.206 [info] > git rev-parse --show-toplevel [19ms]
2024-09-12 01:47:48.206 [info] [Model][doInitialScan] Initial repository scan completed - repositories (1), closed repositories (0), parent repositories (0), unsafe repositories (0)
2024-09-12 01:47:48.206 [info] > git for-each-ref --format=%(refname)%00%(upstream:short)%00%(objectname)%00%(upstream:track)%00%(upstream:remotename)%00%(upstream:remoteref) refs/heads/main refs/remotes/main [8ms]
2024-09-12 01:47:48.206 [info] > git for-each-ref --format=%(refname)%00%(upstream:short)%00%(objectname)%00%(upstream:track)%00%(upstream:remotename)%00%(upstream:remoteref) refs/heads/origin/main refs/remotes/origin/main [10ms]
2024-09-12 01:47:48.209 [info] > git merge-base refs/heads/main refs/remotes/origin/main [5ms]
2024-09-12 01:47:48.213 [info] > git status -z -uall [5ms]
2024-09-12 01:47:48.265 [info] > git rev-list --count --left-right refs/heads/main...refs/remotes/origin/main [53ms]
2024-09-12 01:47:48.268 [info] > git for-each-ref --format=%(refname)%00%(upstream:short)%00%(objectname)%00%(upstream:track)%00%(upstream:remotename)%00%(upstream:remoteref) refs/heads/main refs/remotes/main [43ms]
2024-09-12 01:47:48.276 [info] > git config --local branch.main.vscode-merge-base [5ms]
2024-09-12 01:47:48.278 [info] > git diff --name-status -z --diff-filter=ADMR 6a11c06f6991ea9a7b953dfde01df0116c70dd8f...refs/remotes/origin/main [10ms]
2024-09-12 01:47:48.280 [info] > git for-each-ref --format=%(refname)%00%(upstream:short)%00%(objectname)%00%(upstream:track)%00%(upstream:remotename)%00%(upstream:remoteref) refs/heads/origin/main refs/remotes/origin/main [2ms]
2024-09-12 01:47:48.685 [info] > git fetch [612ms]
2024-09-12 01:47:48.691 [info] > git config --get commit.template [3ms]
2024-09-12 01:47:48.693 [info] > git for-each-ref --format=%(refname)%00%(upstream:short)%00%(objectname)%00%(upstream:track)%00%(upstream:remotename)%00%(upstream:remoteref) refs/heads/main refs/remotes/main [3ms]
2024-09-12 01:47:48.698 [info] > git status -z -uall [3ms]
2024-09-12 01:47:48.704 [info] > git for-each-ref --format=%(refname)%00%(upstream:short)%00%(objectname)%00%(upstream:track)%00%(upstream:remotename)%00%(upstream:remoteref) refs/heads/main refs/remotes/main [3ms]
2024-09-12 01:47:48.708 [info] > git config --local branch.main.vscode-merge-base [2ms]
2024-09-12 01:47:48.712 [info] > git for-each-ref --format=%(refname)%00%(upstream:short)%00%(objectname)%00%(upstream:track)%00%(upstream:remotename)%00%(upstream:remoteref) refs/heads/origin/main refs/remotes/origin/main [2ms]
2024-09-12 01:47:48.742 [info] > git check-ignore -v -z --stdin [3ms]
2024-09-12 01:47:49.999 [info] > git config --get commit.template [3ms]
2024-09-12 01:47:50.000 [info] > git for-each-ref --format=%(refname)%00%(upstream:short)%00%(objectname)%00%(upstream:track)%00%(upstream:remotename)%00%(upstream:remoteref) refs/heads/main refs/remotes/main [2ms]
2024-09-12 01:47:50.004 [info] > git status -z -uall [2ms]
2024-09-12 01:47:50.009 [info] > git for-each-ref --format=%(refname)%00%(upstream:short)%00%(objectname)%00%(upstream:track)%00%(upstream:remotename)%00%(upstream:remoteref) refs/heads/main refs/remotes/main [2ms]
2024-09-12 01:47:50.013 [info] > git config --local branch.main.vscode-merge-base [2ms]
2024-09-12 01:47:50.016 [info] > git for-each-ref --format=%(refname)%00%(upstream:short)%00%(objectname)%00%(upstream:track)%00%(upstream:remotename)%00%(upstream:remoteref) refs/heads/origin/main refs/remotes/origin/main [1ms]
2024-09-12 01:47:57.063 [info] > git check-ignore -v -z --stdin [3ms]
2024-09-12 02:42:02.261 [info] > git fetch [521ms]
2024-09-12 02:42:02.268 [info] > git config --get commit.template [3ms]
2024-09-12 02:42:02.270 [info] > git for-each-ref --format=%(refname)%00%(upstream:short)%00%(objectname)%00%(upstream:track)%00%(upstream:remotename)%00%(upstream:remoteref) refs/heads/main refs/remotes/main [3ms]
2024-09-12 02:42:02.280 [info] > git status -z -uall [6ms]
2024-09-12 02:42:02.290 [info] > git for-each-ref --format=%(refname)%00%(upstream:short)%00%(objectname)%00%(upstream:track)%00%(upstream:remotename)%00%(upstream:remoteref) refs/heads/main refs/remotes/main [3ms]
2024-09-12 02:42:02.296 [info] > git config --local branch.main.vscode-merge-base [2ms]
2024-09-12 02:42:02.302 [info] > git for-each-ref --format=%(refname)%00%(upstream:short)%00%(objectname)%00%(upstream:track)%00%(upstream:remotename)%00%(upstream:remoteref) refs/heads/origin/main refs/remotes/origin/main [2ms]
2024-09-12 02:42:03.457 [info] > git config --get commit.template [4ms]
2024-09-12 02:42:03.459 [info] > git for-each-ref --format=%(refname)%00%(upstream:short)%00%(objectname)%00%(upstream:track)%00%(upstream:remotename)%00%(upstream:remoteref) refs/heads/main refs/remotes/main [3ms]
2024-09-12 02:42:03.463 [info] > git status -z -uall [2ms]
2024-09-12 02:42:03.470 [info] > git for-each-ref --format=%(refname)%00%(upstream:short)%00%(objectname)%00%(upstream:track)%00%(upstream:remotename)%00%(upstream:remoteref) refs/heads/main refs/remotes/main [3ms]
2024-09-12 02:42:03.473 [info] > git config --local branch.main.vscode-merge-base [1ms]
2024-09-12 02:42:03.478 [info] > git for-each-ref --format=%(refname)%00%(upstream:short)%00%(objectname)%00%(upstream:track)%00%(upstream:remotename)%00%(upstream:remoteref) refs/heads/origin/main refs/remotes/origin/main [2ms]
2024-09-12 02:45:02.821 [info] > git fetch [531ms]
2024-09-12 02:45:02.828 [info] > git config --get commit.template [4ms]
2024-09-12 02:45:02.830 [info] > git for-each-ref --format=%(refname)%00%(upstream:short)%00%(objectname)%00%(upstream:track)%00%(upstream:remotename)%00%(upstream:remoteref) refs/heads/main refs/remotes/main [3ms]
2024-09-12 02:45:02.834 [info] > git status -z -uall [2ms]
2024-09-12 02:45:02.839 [info] > git for-each-ref --format=%(refname)%00%(upstream:short)%00%(objectname)%00%(upstream:track)%00%(upstream:remotename)%00%(upstream:remoteref) refs/heads/main refs/remotes/main [3ms]
2024-09-12 02:45:02.843 [info] > git config --local branch.main.vscode-merge-base [1ms]
2024-09-12 02:45:02.846 [info] > git for-each-ref --format=%(refname)%00%(upstream:short)%00%(objectname)%00%(upstream:track)%00%(upstream:remotename)%00%(upstream:remoteref) refs/heads/origin/main refs/remotes/origin/main [2ms]
2024-09-12 02:45:04.250 [info] > git config --get commit.template [5ms]
2024-09-12 02:45:04.252 [info] > git for-each-ref --format=%(refname)%00%(upstream:short)%00%(objectname)%00%(upstream:track)%00%(upstream:remotename)%00%(upstream:remoteref) refs/heads/main refs/remotes/main [3ms]
2024-09-12 02:45:04.256 [info] > git status -z -uall [2ms]
2024-09-12 02:45:04.262 [info] > git for-each-ref --format=%(refname)%00%(upstream:short)%00%(objectname)%00%(upstream:track)%00%(upstream:remotename)%00%(upstream:remoteref) refs/heads/main refs/remotes/main [3ms]
2024-09-12 02:45:04.266 [info] > git config --local branch.main.vscode-merge-base [2ms]
2024-09-12 02:45:04.269 [info] > git for-each-ref --format=%(refname)%00%(upstream:short)%00%(objectname)%00%(upstream:track)%00%(upstream:remotename)%00%(upstream:remoteref) refs/heads/origin/main refs/remotes/origin/main [2ms]
2024-09-12 02:48:03.368 [info] > git fetch [527ms]
2024-09-12 02:48:03.374 [info] > git config --get commit.template [3ms]
2024-09-12 02:48:03.376 [info] > git for-each-ref --format=%(refname)%00%(upstream:short)%00%(objectname)%00%(upstream:track)%00%(upstream:remotename)%00%(upstream:remoteref) refs/heads/main refs/remotes/main [3ms]
2024-09-12 02:48:03.380 [info] > git status -z -uall [1ms]
2024-09-12 02:48:03.386 [info] > git for-each-ref --format=%(refname)%00%(upstream:short)%00%(objectname)%00%(upstream:track)%00%(upstream:remotename)%00%(upstream:remoteref) refs/heads/main refs/remotes/main [4ms]
2024-09-12 02:48:03.389 [info] > git config --local branch.main.vscode-merge-base [1ms]
2024-09-12 02:48:03.395 [info] > git for-each-ref --format=%(refname)%00%(upstream:short)%00%(objectname)%00%(upstream:track)%00%(upstream:remotename)%00%(upstream:remoteref) refs/heads/origin/main refs/remotes/origin/main [1ms]
2024-09-12 02:48:04.671 [info] > git config --get commit.template [4ms]
2024-09-12 02:48:04.674 [info] > git for-each-ref --format=%(refname)%00%(upstream:short)%00%(objectname)%00%(upstream:track)%00%(upstream:remotename)%00%(upstream:remoteref) refs/heads/main refs/remotes/main [3ms]
2024-09-12 02:48:04.678 [info] > git status -z -uall [2ms]
2024-09-12 02:48:04.683 [info] > git for-each-ref --format=%(refname)%00%(upstream:short)%00%(objectname)%00%(upstream:track)%00%(upstream:remotename)%00%(upstream:remoteref) refs/heads/main refs/remotes/main [3ms]
2024-09-12 02:48:04.686 [info] > git config --local branch.main.vscode-merge-base [1ms]
2024-09-12 02:48:04.691 [info] > git for-each-ref --format=%(refname)%00%(upstream:short)%00%(objectname)%00%(upstream:track)%00%(upstream:remotename)%00%(upstream:remoteref) refs/heads/origin/main refs/remotes/origin/main [2ms]
2024-09-12 02:48:45.792 [info] > git show --textconv :ansible/svariable.yml [6ms]
2024-09-12 02:48:45.794 [info] > git ls-files --stage -- /home/ec2-user/devops/ansible/svariable.yml [5ms]
2024-09-12 02:48:45.798 [info] > git cat-file -s 50ce9ab3c4704752e9247027148d63cb5a2adbd6 [2ms]
2024-09-12 02:48:58.965 [info] > git show --textconv :ansible/practice.yml [5ms]
2024-09-12 02:48:58.972 [info] > git ls-files --stage -- /home/ec2-user/devops/ansible/practice.yml [10ms]
2024-09-12 02:48:58.981 [info] > git cat-file -s 22c5a7ccb0835e66186e0481de57d763ee7a1cde [8ms]
2024-09-12 02:49:11.242 [info] > git show --textconv :ansible/sample.yml [4ms]
2024-09-12 02:49:11.247 [info] > git ls-files --stage -- /home/ec2-user/devops/ansible/sample.yml [5ms]
2024-09-12 02:49:11.251 [info] > git cat-file -s 0ce8c8fb548e8a6361712419033cfa00995b3120 [2ms]
2024-09-12 02:49:19.194 [info] > git show --textconv :ansible/svariable.yml [4ms]
2024-09-12 02:49:19.196 [info] > git ls-files --stage -- /home/ec2-user/devops/ansible/svariable.yml [3ms]
2024-09-12 02:49:19.199 [info] > git cat-file -s 50ce9ab3c4704752e9247027148d63cb5a2adbd6 [2ms]
2024-09-12 02:51:03.886 [info] > git fetch [498ms]
2024-09-12 02:51:03.891 [info] > git config --get commit.template [3ms]
2024-09-12 02:51:03.893 [info] > git for-each-ref --format=%(refname)%00%(upstream:short)%00%(objectname)%00%(upstream:track)%00%(upstream:remotename)%00%(upstream:remoteref) refs/heads/main refs/remotes/main [2ms]
2024-09-12 02:51:03.897 [info] > git status -z -uall [2ms]
2024-09-12 02:51:03.904 [info] > git for-each-ref --format=%(refname)%00%(upstream:short)%00%(objectname)%00%(upstream:track)%00%(upstream:remotename)%00%(upstream:remoteref) refs/heads/main refs/remotes/main [4ms]
2024-09-12 02:51:03.907 [info] > git config --local branch.main.vscode-merge-base [1ms]
2024-09-12 02:51:03.911 [info] > git for-each-ref --format=%(refname)%00%(upstream:short)%00%(objectname)%00%(upstream:track)%00%(upstream:remotename)%00%(upstream:remoteref) refs/heads/origin/main refs/remotes/origin/main [2ms]
2024-09-12 02:51:05.090 [info] > git config --get commit.template [4ms]
2024-09-12 02:51:05.092 [info] > git for-each-ref --format=%(refname)%00%(upstream:short)%00%(objectname)%00%(upstream:track)%00%(upstream:remotename)%00%(upstream:remoteref) refs/heads/main refs/remotes/main [2ms]
2024-09-12 02:51:05.096 [info] > git status -z -uall [2ms]
2024-09-12 02:51:05.102 [info] > git for-each-ref --format=%(refname)%00%(upstream:short)%00%(objectname)%00%(upstream:track)%00%(upstream:remotename)%00%(upstream:remoteref) refs/heads/main refs/remotes/main [4ms]
2024-09-12 02:51:05.105 [info] > git config --local branch.main.vscode-merge-base [1ms]
2024-09-12 02:51:05.109 [info] > git for-each-ref --format=%(refname)%00%(upstream:short)%00%(objectname)%00%(upstream:track)%00%(upstream:remotename)%00%(upstream:remoteref) refs/heads/origin/main refs/remotes/origin/main [2ms]
2024-09-12 02:51:05.320 [info] > git ls-files --stage -- /home/ec2-user/devops/ansible/svariable.yml [2ms]
2024-09-12 02:51:05.323 [info] > git cat-file -s 50ce9ab3c4704752e9247027148d63cb5a2adbd6 [2ms]
2024-09-12 02:51:05.389 [info] > git show --textconv :ansible/svariable.yml [2ms]
2024-09-12 02:54:04.442 [info] > git fetch [538ms]
2024-09-12 02:54:04.447 [info] > git config --get commit.template [3ms]
2024-09-12 02:54:04.449 [info] > git for-each-ref --format=%(refname)%00%(upstream:short)%00%(objectname)%00%(upstream:track)%00%(upstream:remotename)%00%(upstream:remoteref) refs/heads/main refs/remotes/main [2ms]
2024-09-12 02:54:04.453 [info] > git status -z -uall [2ms]
2024-09-12 02:54:04.459 [info] > git for-each-ref --format=%(refname)%00%(upstream:short)%00%(objectname)%00%(upstream:track)%00%(upstream:remotename)%00%(upstream:remoteref) refs/heads/main refs/remotes/main [4ms]
2024-09-12 02:54:04.462 [info] > git config --local branch.main.vscode-merge-base [1ms]
2024-09-12 02:54:04.466 [info] > git for-each-ref --format=%(refname)%00%(upstream:short)%00%(objectname)%00%(upstream:track)%00%(upstream:remotename)%00%(upstream:remoteref) refs/heads/origin/main refs/remotes/origin/main [2ms]
2024-09-12 02:54:05.582 [info] > git config --get commit.template [4ms]
2024-09-12 02:54:05.584 [info] > git for-each-ref --format=%(refname)%00%(upstream:short)%00%(objectname)%00%(upstream:track)%00%(upstream:remotename)%00%(upstream:remoteref) refs/heads/main refs/remotes/main [2ms]
2024-09-12 02:54:05.588 [info] > git status -z -uall [3ms]
2024-09-12 02:54:05.593 [info] > git for-each-ref --format=%(refname)%00%(upstream:short)%00%(objectname)%00%(upstream:track)%00%(upstream:remotename)%00%(upstream:remoteref) refs/heads/main refs/remotes/main [2ms]
2024-09-12 02:54:05.597 [info] > git config --local branch.main.vscode-merge-base [2ms]
2024-09-12 02:54:05.604 [info] > git for-each-ref --format=%(refname)%00%(upstream:short)%00%(objectname)%00%(upstream:track)%00%(upstream:remotename)%00%(upstream:remoteref) refs/heads/origin/main refs/remotes/origin/main [2ms]
2024-09-12 02:54:05.750 [info] > git ls-files --stage -- /home/ec2-user/devops/ansible/svariable.yml [2ms]
2024-09-12 02:54:05.753 [info] > git cat-file -s 50ce9ab3c4704752e9247027148d63cb5a2adbd6 [2ms]
2024-09-12 02:54:05.966 [info] > git show --textconv :ansible/svariable.yml [2ms]
2024-09-12 02:54:17.226 [info] > git show --textconv :ansible/sample.yml [4ms]
2024-09-12 02:54:17.228 [info] > git ls-files --stage -- /home/ec2-user/devops/ansible/sample.yml [2ms]
2024-09-12 02:54:17.233 [info] > git cat-file -s 0ce8c8fb548e8a6361712419033cfa00995b3120 [3ms]
2024-09-12 02:55:34.422 [info] > git config --get commit.template [5ms]
2024-09-12 02:55:34.424 [info] > git for-each-ref --format=%(refname)%00%(upstream:short)%00%(objectname)%00%(upstream:track)%00%(upstream:remotename)%00%(upstream:remoteref) refs/heads/main refs/remotes/main [3ms]
2024-09-12 02:55:34.428 [info] > git status -z -uall [2ms]
2024-09-12 02:55:34.449 [info] > git for-each-ref --format=%(refname)%00%(upstream:short)%00%(objectname)%00%(upstream:track)%00%(upstream:remotename)%00%(upstream:remoteref) refs/heads/main refs/remotes/main [5ms]
2024-09-12 02:55:34.453 [info] > git config --local branch.main.vscode-merge-base [2ms]
2024-09-12 02:55:34.460 [info] > git for-each-ref --format=%(refname)%00%(upstream:short)%00%(objectname)%00%(upstream:track)%00%(upstream:remotename)%00%(upstream:remoteref) refs/heads/origin/main refs/remotes/origin/main [3ms]
2024-09-12 02:57:26.169 [info] > git fetch [492ms]
2024-09-12 02:57:26.175 [info] > git config --get commit.template [3ms]
2024-09-12 02:57:26.177 [info] > git for-each-ref --format=%(refname)%00%(upstream:short)%00%(objectname)%00%(upstream:track)%00%(upstream:remotename)%00%(upstream:remoteref) refs/heads/main refs/remotes/main [2ms]
2024-09-12 02:57:26.181 [info] > git status -z -uall [2ms]
2024-09-12 02:57:26.187 [info] > git for-each-ref --format=%(refname)%00%(upstream:short)%00%(objectname)%00%(upstream:track)%00%(upstream:remotename)%00%(upstream:remoteref) refs/heads/main refs/remotes/main [3ms]
2024-09-12 02:57:26.190 [info] > git config --local branch.main.vscode-merge-base [2ms]
2024-09-12 02:57:26.200 [info] > git for-each-ref --format=%(refname)%00%(upstream:short)%00%(objectname)%00%(upstream:track)%00%(upstream:remotename)%00%(upstream:remoteref) refs/heads/origin/main refs/remotes/origin/main [5ms]
2024-09-12 02:57:27.460 [info] > git config --get commit.template [3ms]
2024-09-12 02:57:27.462 [info] > git for-each-ref --format=%(refname)%00%(upstream:short)%00%(objectname)%00%(upstream:track)%00%(upstream:remotename)%00%(upstream:remoteref) refs/heads/main refs/remotes/main [2ms]
2024-09-12 02:57:27.466 [info] > git status -z -uall [2ms]
2024-09-12 02:57:27.471 [info] > git for-each-ref --format=%(refname)%00%(upstream:short)%00%(objectname)%00%(upstream:track)%00%(upstream:remotename)%00%(upstream:remoteref) refs/heads/main refs/remotes/main [3ms]
2024-09-12 02:57:27.474 [info] > git config --local branch.main.vscode-merge-base [2ms]
2024-09-12 02:57:27.478 [info] > git for-each-ref --format=%(refname)%00%(upstream:short)%00%(objectname)%00%(upstream:track)%00%(upstream:remotename)%00%(upstream:remoteref) refs/heads/origin/main refs/remotes/origin/main [2ms]
2024-09-12 02:57:27.679 [info] > git ls-files --stage -- /home/ec2-user/devops/ansible/sample.yml [1ms]
2024-09-12 02:57:27.683 [info] > git cat-file -s 0ce8c8fb548e8a6361712419033cfa00995b3120 [3ms]
2024-09-12 02:57:27.793 [info] > git show --textconv :ansible/sample.yml [2ms]
2024-09-12 03:00:26.706 [info] > git fetch [519ms]
2024-09-12 03:00:26.713 [info] > git config --get commit.template [4ms]
2024-09-12 03:00:26.715 [info] > git for-each-ref --format=%(refname)%00%(upstream:short)%00%(objectname)%00%(upstream:track)%00%(upstream:remotename)%00%(upstream:remoteref) refs/heads/main refs/remotes/main [2ms]
2024-09-12 03:00:26.718 [info] > git status -z -uall [2ms]
2024-09-12 03:00:26.724 [info] > git for-each-ref --format=%(refname)%00%(upstream:short)%00%(objectname)%00%(upstream:track)%00%(upstream:remotename)%00%(upstream:remoteref) refs/heads/main refs/remotes/main [3ms]
2024-09-12 03:00:26.727 [info] > git config --local branch.main.vscode-merge-base [1ms]
2024-09-12 03:00:26.731 [info] > git for-each-ref --format=%(refname)%00%(upstream:short)%00%(objectname)%00%(upstream:track)%00%(upstream:remotename)%00%(upstream:remoteref) refs/heads/origin/main refs/remotes/origin/main [2ms]
2024-09-12 03:00:28.109 [info] > git config --get commit.template [3ms]
2024-09-12 03:00:28.111 [info] > git for-each-ref --format=%(refname)%00%(upstream:short)%00%(objectname)%00%(upstream:track)%00%(upstream:remotename)%00%(upstream:remoteref) refs/heads/main refs/remotes/main [2ms]
2024-09-12 03:00:28.118 [info] > git status -z -uall [4ms]
2024-09-12 03:00:28.123 [info] > git for-each-ref --format=%(refname)%00%(upstream:short)%00%(objectname)%00%(upstream:track)%00%(upstream:remotename)%00%(upstream:remoteref) refs/heads/main refs/remotes/main [2ms]
2024-09-12 03:00:28.126 [info] > git config --local branch.main.vscode-merge-base [2ms]
2024-09-12 03:00:28.129 [info] > git for-each-ref --format=%(refname)%00%(upstream:short)%00%(objectname)%00%(upstream:track)%00%(upstream:remotename)%00%(upstream:remoteref) refs/heads/origin/main refs/remotes/origin/main [1ms]
2024-09-12 03:00:28.575 [info] > git ls-files --stage -- /home/ec2-user/devops/ansible/sample.yml [2ms]
2024-09-12 03:00:28.578 [info] > git cat-file -s 0ce8c8fb548e8a6361712419033cfa00995b3120 [2ms]
2024-09-12 03:00:28.958 [info] > git show --textconv :ansible/sample.yml [2ms]
2024-09-12 03:03:31.978 [info] > git fetch [537ms]
2024-09-12 03:03:31.984 [info] > git config --get commit.template [3ms]
2024-09-12 03:03:31.986 [info] > git for-each-ref --format=%(refname)%00%(upstream:short)%00%(objectname)%00%(upstream:track)%00%(upstream:remotename)%00%(upstream:remoteref) refs/heads/main refs/remotes/main [3ms]
2024-09-12 03:03:31.990 [info] > git status -z -uall [2ms]
2024-09-12 03:03:31.996 [info] > git for-each-ref --format=%(refname)%00%(upstream:short)%00%(objectname)%00%(upstream:track)%00%(upstream:remotename)%00%(upstream:remoteref) refs/heads/main refs/remotes/main [4ms]
2024-09-12 03:03:31.999 [info] > git config --local branch.main.vscode-merge-base [1ms]
2024-09-12 03:03:32.003 [info] > git for-each-ref --format=%(refname)%00%(upstream:short)%00%(objectname)%00%(upstream:track)%00%(upstream:remotename)%00%(upstream:remoteref) refs/heads/origin/main refs/remotes/origin/main [2ms]
2024-09-12 03:03:33.183 [info] > git config --get commit.template [4ms]
2024-09-12 03:03:33.185 [info] > git for-each-ref --format=%(refname)%00%(upstream:short)%00%(objectname)%00%(upstream:track)%00%(upstream:remotename)%00%(upstream:remoteref) refs/heads/main refs/remotes/main [3ms]
2024-09-12 03:03:33.189 [info] > git status -z -uall [2ms]
2024-09-12 03:03:33.196 [info] > git for-each-ref --format=%(refname)%00%(upstream:short)%00%(objectname)%00%(upstream:track)%00%(upstream:remotename)%00%(upstream:remoteref) refs/heads/main refs/remotes/main [3ms]
2024-09-12 03:03:33.199 [info] > git config --local branch.main.vscode-merge-base [1ms]
2024-09-12 03:03:33.203 [info] > git for-each-ref --format=%(refname)%00%(upstream:short)%00%(objectname)%00%(upstream:track)%00%(upstream:remotename)%00%(upstream:remoteref) refs/heads/origin/main refs/remotes/origin/main [2ms]
2024-09-12 03:03:33.710 [info] > git ls-files --stage -- /home/ec2-user/devops/ansible/sample.yml [2ms]
2024-09-12 03:03:33.713 [info] > git cat-file -s 0ce8c8fb548e8a6361712419033cfa00995b3120 [2ms]
2024-09-12 03:03:33.865 [info] > git show --textconv :ansible/sample.yml [2ms]
2024-09-12 03:06:32.510 [info] > git fetch [511ms]
2024-09-12 03:06:32.516 [info] > git config --get commit.template [3ms]
2024-09-12 03:06:32.518 [info] > git for-each-ref --format=%(refname)%00%(upstream:short)%00%(objectname)%00%(upstream:track)%00%(upstream:remotename)%00%(upstream:remoteref) refs/heads/main refs/remotes/main [2ms]
2024-09-12 03:06:32.523 [info] > git status -z -uall [2ms]
2024-09-12 03:06:32.528 [info] > git for-each-ref --format=%(refname)%00%(upstream:short)%00%(objectname)%00%(upstream:track)%00%(upstream:remotename)%00%(upstream:remoteref) refs/heads/main refs/remotes/main [3ms]
2024-09-12 03:06:32.532 [info] > git config --local branch.main.vscode-merge-base [2ms]
2024-09-12 03:06:32.535 [info] > git for-each-ref --format=%(refname)%00%(upstream:short)%00%(objectname)%00%(upstream:track)%00%(upstream:remotename)%00%(upstream:remoteref) refs/heads/origin/main refs/remotes/origin/main [1ms]
2024-09-12 03:06:33.711 [info] > git config --get commit.template [5ms]
2024-09-12 03:06:33.712 [info] > git for-each-ref --format=%(refname)%00%(upstream:short)%00%(objectname)%00%(upstream:track)%00%(upstream:remotename)%00%(upstream:remoteref) refs/heads/main refs/remotes/main [2ms]
2024-09-12 03:06:33.716 [info] > git status -z -uall [2ms]
2024-09-12 03:06:33.722 [info] > git for-each-ref --format=%(refname)%00%(upstream:short)%00%(objectname)%00%(upstream:track)%00%(upstream:remotename)%00%(upstream:remoteref) refs/heads/main refs/remotes/main [4ms]
2024-09-12 03:06:33.726 [info] > git config --local branch.main.vscode-merge-base [2ms]
2024-09-12 03:06:33.729 [info] > git for-each-ref --format=%(refname)%00%(upstream:short)%00%(objectname)%00%(upstream:track)%00%(upstream:remotename)%00%(upstream:remoteref) refs/heads/origin/main refs/remotes/origin/main [1ms]
2024-09-12 03:06:34.107 [info] > git ls-files --stage -- /home/ec2-user/devops/ansible/sample.yml [2ms]
2024-09-12 03:06:34.110 [info] > git cat-file -s 0ce8c8fb548e8a6361712419033cfa00995b3120 [2ms]
2024-09-12 03:06:35.530 [info] > git show --textconv :ansible/sample.yml [2ms]
2024-09-12 03:06:37.935 [info] > git check-ignore -v -z --stdin [2ms]
2024-09-12 03:06:38.727 [info] > git config --get commit.template [4ms]
2024-09-12 03:06:38.729 [info] > git for-each-ref --format=%(refname)%00%(upstream:short)%00%(objectname)%00%(upstream:track)%00%(upstream:remotename)%00%(upstream:remoteref) refs/heads/main refs/remotes/main [3ms]
2024-09-12 03:06:38.733 [info] > git status -z -uall [2ms]
2024-09-12 03:06:38.741 [info] > git for-each-ref --format=%(refname)%00%(upstream:short)%00%(objectname)%00%(upstream:track)%00%(upstream:remotename)%00%(upstream:remoteref) refs/heads/main refs/remotes/main [3ms]
2024-09-12 03:06:38.745 [info] > git config --local branch.main.vscode-merge-base [2ms]
2024-09-12 03:06:38.749 [info] > git for-each-ref --format=%(refname)%00%(upstream:short)%00%(objectname)%00%(upstream:track)%00%(upstream:remotename)%00%(upstream:remoteref) refs/heads/origin/main refs/remotes/origin/main [2ms]
2024-09-12 03:07:10.040 [info] > git config --get commit.template [4ms]
2024-09-12 03:07:10.042 [info] > git for-each-ref --format=%(refname)%00%(upstream:short)%00%(objectname)%00%(upstream:track)%00%(upstream:remotename)%00%(upstream:remoteref) refs/heads/main refs/remotes/main [3ms]
2024-09-12 03:07:10.046 [info] > git status -z -uall [3ms]
2024-09-12 03:07:10.052 [info] > git for-each-ref --format=%(refname)%00%(upstream:short)%00%(objectname)%00%(upstream:track)%00%(upstream:remotename)%00%(upstream:remoteref) refs/heads/main refs/remotes/main [4ms]
2024-09-12 03:07:10.055 [info] > git config --local branch.main.vscode-merge-base [1ms]
2024-09-12 03:07:10.059 [info] > git for-each-ref --format=%(refname)%00%(upstream:short)%00%(objectname)%00%(upstream:track)%00%(upstream:remotename)%00%(upstream:remoteref) refs/heads/origin/main refs/remotes/origin/main [2ms]
2024-09-12 03:07:21.243 [info] > git config --get commit.template [4ms]
2024-09-12 03:07:21.245 [info] > git for-each-ref --format=%(refname)%00%(upstream:short)%00%(objectname)%00%(upstream:track)%00%(upstream:remotename)%00%(upstream:remoteref) refs/heads/main refs/remotes/main [3ms]
2024-09-12 03:07:21.248 [info] > git status -z -uall [2ms]
2024-09-12 03:07:21.253 [info] > git for-each-ref --format=%(refname)%00%(upstream:short)%00%(objectname)%00%(upstream:track)%00%(upstream:remotename)%00%(upstream:remoteref) refs/heads/main refs/remotes/main [2ms]
2024-09-12 03:07:21.257 [info] > git config --local branch.main.vscode-merge-base [2ms]
2024-09-12 03:07:21.262 [info] > git for-each-ref --format=%(refname)%00%(upstream:short)%00%(objectname)%00%(upstream:track)%00%(upstream:remotename)%00%(upstream:remoteref) refs/heads/origin/main refs/remotes/origin/main [2ms]
2024-09-12 03:08:03.604 [info] > git config --get commit.template [4ms]
2024-09-12 03:08:03.606 [info] > git for-each-ref --format=%(refname)%00%(upstream:short)%00%(objectname)%00%(upstream:track)%00%(upstream:remotename)%00%(upstream:remoteref) refs/heads/main refs/remotes/main [3ms]
2024-09-12 03:08:03.614 [info] > git status -z -uall [6ms]
2024-09-12 03:08:03.625 [info] > git for-each-ref --format=%(refname)%00%(upstream:short)%00%(objectname)%00%(upstream:track)%00%(upstream:remotename)%00%(upstream:remoteref) refs/heads/main refs/remotes/main [9ms]
2024-09-12 03:08:03.633 [info] > git config --local branch.main.vscode-merge-base [2ms]
2024-09-12 03:08:03.636 [info] > git for-each-ref --format=%(refname)%00%(upstream:short)%00%(objectname)%00%(upstream:track)%00%(upstream:remotename)%00%(upstream:remoteref) refs/heads/origin/main refs/remotes/origin/main [1ms]
2024-09-12 03:09:16.459 [info] > git check-ignore -v -z --stdin [2ms]
2024-09-12 03:09:18.867 [info] > git check-ignore -v -z --stdin [2ms]
2024-09-12 03:09:20.186 [info] > git show --textconv :ansible/roles/vars/main.yml [3ms]
2024-09-12 03:09:20.188 [info] > git ls-files --stage -- /home/ec2-user/devops/ansible/roles/vars/main.yml [2ms]
2024-09-12 03:09:33.057 [info] > git fetch [528ms]
2024-09-12 03:09:33.063 [info] > git config --get commit.template [3ms]
2024-09-12 03:09:33.065 [info] > git for-each-ref --format=%(refname)%00%(upstream:short)%00%(objectname)%00%(upstream:track)%00%(upstream:remotename)%00%(upstream:remoteref) refs/heads/main refs/remotes/main [3ms]
2024-09-12 03:09:33.070 [info] > git status -z -uall [4ms]
2024-09-12 03:09:33.075 [info] > git for-each-ref --format=%(refname)%00%(upstream:short)%00%(objectname)%00%(upstream:track)%00%(upstream:remotename)%00%(upstream:remoteref) refs/heads/main refs/remotes/main [3ms]
2024-09-12 03:09:33.078 [info] > git config --local branch.main.vscode-merge-base [1ms]
2024-09-12 03:09:33.082 [info] > git for-each-ref --format=%(refname)%00%(upstream:short)%00%(objectname)%00%(upstream:track)%00%(upstream:remotename)%00%(upstream:remoteref) refs/heads/origin/main refs/remotes/origin/main [2ms]
2024-09-12 03:09:34.296 [info] > git config --get commit.template [3ms]
2024-09-12 03:09:34.298 [info] > git for-each-ref --format=%(refname)%00%(upstream:short)%00%(objectname)%00%(upstream:track)%00%(upstream:remotename)%00%(upstream:remoteref) refs/heads/main refs/remotes/main [2ms]
2024-09-12 03:09:34.302 [info] > git status -z -uall [2ms]
2024-09-12 03:09:34.307 [info] > git for-each-ref --format=%(refname)%00%(upstream:short)%00%(objectname)%00%(upstream:track)%00%(upstream:remotename)%00%(upstream:remoteref) refs/heads/main refs/remotes/main [3ms]
2024-09-12 03:09:34.312 [info] > git config --local branch.main.vscode-merge-base [2ms]
2024-09-12 03:09:34.315 [info] > git for-each-ref --format=%(refname)%00%(upstream:short)%00%(objectname)%00%(upstream:track)%00%(upstream:remotename)%00%(upstream:remoteref) refs/heads/origin/main refs/remotes/origin/main [2ms]
2024-09-12 03:09:34.590 [info] > git ls-files --stage -- /home/ec2-user/devops/ansible/roles/vars/main.yml [2ms]
2024-09-12 03:09:34.766 [info] > git show --textconv :ansible/roles/vars/main.yml [3ms]
2024-09-12 03:10:28.260 [info] > git config --get commit.template [4ms]
2024-09-12 03:10:28.262 [info] > git for-each-ref --format=%(refname)%00%(upstream:short)%00%(objectname)%00%(upstream:track)%00%(upstream:remotename)%00%(upstream:remoteref) refs/heads/main refs/remotes/main [3ms]
2024-09-12 03:10:28.266 [info] > git status -z -uall [3ms]
2024-09-12 03:10:28.271 [info] > git for-each-ref --format=%(refname)%00%(upstream:short)%00%(objectname)%00%(upstream:track)%00%(upstream:remotename)%00%(upstream:remoteref) refs/heads/main refs/remotes/main [2ms]
2024-09-12 03:10:28.275 [info] > git config --local branch.main.vscode-merge-base [2ms]
2024-09-12 03:10:28.278 [info] > git for-each-ref --format=%(refname)%00%(upstream:short)%00%(objectname)%00%(upstream:track)%00%(upstream:remotename)%00%(upstream:remoteref) refs/heads/origin/main refs/remotes/origin/main [2ms]
2024-09-12 03:10:39.550 [info] > git check-ignore -v -z --stdin [2ms]
2024-09-12 03:10:40.977 [info] > git show --textconv :ansible/roles/tasks/main.yml [3ms]
2024-09-12 03:10:40.980 [info] > git ls-files --stage -- /home/ec2-user/devops/ansible/roles/tasks/main.yml [3ms]
2024-09-12 03:12:33.573 [info] > git fetch [497ms]
2024-09-12 03:12:33.580 [info] > git config --get commit.template [3ms]
2024-09-12 03:12:33.582 [info] > git for-each-ref --format=%(refname)%00%(upstream:short)%00%(objectname)%00%(upstream:track)%00%(upstream:remotename)%00%(upstream:remoteref) refs/heads/main refs/remotes/main [2ms]
2024-09-12 03:12:33.587 [info] > git status -z -uall [2ms]
2024-09-12 03:12:33.593 [info] > git for-each-ref --format=%(refname)%00%(upstream:short)%00%(objectname)%00%(upstream:track)%00%(upstream:remotename)%00%(upstream:remoteref) refs/heads/main refs/remotes/main [4ms]
2024-09-12 03:12:33.596 [info] > git config --local branch.main.vscode-merge-base [1ms]
2024-09-12 03:12:33.600 [info] > git for-each-ref --format=%(refname)%00%(upstream:short)%00%(objectname)%00%(upstream:track)%00%(upstream:remotename)%00%(upstream:remoteref) refs/heads/origin/main refs/remotes/origin/main [2ms]
2024-09-12 03:12:34.935 [info] > git config --get commit.template [3ms]
2024-09-12 03:12:34.937 [info] > git for-each-ref --format=%(refname)%00%(upstream:short)%00%(objectname)%00%(upstream:track)%00%(upstream:remotename)%00%(upstream:remoteref) refs/heads/main refs/remotes/main [2ms]
2024-09-12 03:12:34.941 [info] > git status -z -uall [2ms]
2024-09-12 03:12:34.947 [info] > git for-each-ref --format=%(refname)%00%(upstream:short)%00%(objectname)%00%(upstream:track)%00%(upstream:remotename)%00%(upstream:remoteref) refs/heads/main refs/remotes/main [4ms]
2024-09-12 03:12:34.952 [info] > git config --local branch.main.vscode-merge-base [3ms]
2024-09-12 03:12:34.962 [info] > git for-each-ref --format=%(refname)%00%(upstream:short)%00%(objectname)%00%(upstream:track)%00%(upstream:remotename)%00%(upstream:remoteref) refs/heads/origin/main refs/remotes/origin/main [8ms]
2024-09-12 03:12:35.260 [info] > git ls-files --stage -- /home/ec2-user/devops/ansible/roles/tasks/main.yml [2ms]
2024-09-12 03:12:35.390 [info] > git show --textconv :ansible/roles/tasks/main.yml [3ms]
2024-09-12 03:13:19.789 [info] > git config --get commit.template [4ms]
2024-09-12 03:13:19.791 [info] > git for-each-ref --format=%(refname)%00%(upstream:short)%00%(objectname)%00%(upstream:track)%00%(upstream:remotename)%00%(upstream:remoteref) refs/heads/main refs/remotes/main [3ms]
2024-09-12 03:13:19.795 [info] > git status -z -uall [2ms]
2024-09-12 03:13:19.805 [info] > git for-each-ref --format=%(refname)%00%(upstream:short)%00%(objectname)%00%(upstream:track)%00%(upstream:remotename)%00%(upstream:remoteref) refs/heads/main refs/remotes/main [8ms]
2024-09-12 03:13:19.811 [info] > git config --local branch.main.vscode-merge-base [2ms]
2024-09-12 03:13:19.815 [info] > git for-each-ref --format=%(refname)%00%(upstream:short)%00%(objectname)%00%(upstream:track)%00%(upstream:remotename)%00%(upstream:remoteref) refs/heads/origin/main refs/remotes/origin/main [3ms]
2024-09-12 03:15:34.098 [info] > git fetch [506ms]
2024-09-12 03:15:34.103 [info] > git config --get commit.template [3ms]
2024-09-12 03:15:34.105 [info] > git for-each-ref --format=%(refname)%00%(upstream:short)%00%(objectname)%00%(upstream:track)%00%(upstream:remotename)%00%(upstream:remoteref) refs/heads/main refs/remotes/main [2ms]
2024-09-12 03:15:34.108 [info] > git status -z -uall [2ms]
2024-09-12 03:15:34.118 [info] > git for-each-ref --format=%(refname)%00%(upstream:short)%00%(objectname)%00%(upstream:track)%00%(upstream:remotename)%00%(upstream:remoteref) refs/heads/main refs/remotes/main [7ms]
2024-09-12 03:15:34.121 [info] > git config --local branch.main.vscode-merge-base [1ms]
2024-09-12 03:15:34.125 [info] > git for-each-ref --format=%(refname)%00%(upstream:short)%00%(objectname)%00%(upstream:track)%00%(upstream:remotename)%00%(upstream:remoteref) refs/heads/origin/main refs/remotes/origin/main [2ms]
2024-09-12 03:15:35.357 [info] > git config --get commit.template [4ms]
2024-09-12 03:15:35.359 [info] > git for-each-ref --format=%(refname)%00%(upstream:short)%00%(objectname)%00%(upstream:track)%00%(upstream:remotename)%00%(upstream:remoteref) refs/heads/main refs/remotes/main [2ms]
2024-09-12 03:15:35.363 [info] > git status -z -uall [2ms]
2024-09-12 03:15:35.369 [info] > git for-each-ref --format=%(refname)%00%(upstream:short)%00%(objectname)%00%(upstream:track)%00%(upstream:remotename)%00%(upstream:remoteref) refs/heads/main refs/remotes/main [4ms]
2024-09-12 03:15:35.373 [info] > git config --local branch.main.vscode-merge-base [2ms]
2024-09-12 03:15:35.377 [info] > git for-each-ref --format=%(refname)%00%(upstream:short)%00%(objectname)%00%(upstream:track)%00%(upstream:remotename)%00%(upstream:remoteref) refs/heads/origin/main refs/remotes/origin/main [2ms]
2024-09-12 03:15:35.740 [info] > git ls-files --stage -- /home/ec2-user/devops/ansible/roles/tasks/main.yml [2ms]
2024-09-12 03:15:36.081 [info] > git show --textconv :ansible/roles/tasks/main.yml [2ms]
2024-09-12 03:15:52.055 [info] > git config --get commit.template [4ms]
2024-09-12 03:15:52.057 [info] > git for-each-ref --format=%(refname)%00%(upstream:short)%00%(objectname)%00%(upstream:track)%00%(upstream:remotename)%00%(upstream:remoteref) refs/heads/main refs/remotes/main [2ms]
2024-09-12 03:15:52.061 [info] > git status -z -uall [2ms]
2024-09-12 03:15:52.066 [info] > git for-each-ref --format=%(refname)%00%(upstream:short)%00%(objectname)%00%(upstream:track)%00%(upstream:remotename)%00%(upstream:remoteref) refs/heads/main refs/remotes/main [3ms]
2024-09-12 03:15:52.069 [info] > git config --local branch.main.vscode-merge-base [2ms]
2024-09-12 03:15:52.072 [info] > git for-each-ref --format=%(refname)%00%(upstream:short)%00%(objectname)%00%(upstream:track)%00%(upstream:remotename)%00%(upstream:remoteref) refs/heads/origin/main refs/remotes/origin/main [2ms]
2024-09-12 03:15:52.949 [info] > git check-ignore -v -z --stdin [1ms]
2024-09-12 03:15:59.448 [info] > git show --textconv :ansible/role.yml [3ms]
2024-09-12 03:15:59.450 [info] > git ls-files --stage -- /home/ec2-user/devops/ansible/role.yml [2ms]
2024-09-12 03:18:35.331 [info] > git fetch [1213ms]
2024-09-12 03:18:35.338 [info] > git config --get commit.template [4ms]
2024-09-12 03:18:35.340 [info] > git for-each-ref --format=%(refname)%00%(upstream:short)%00%(objectname)%00%(upstream:track)%00%(upstream:remotename)%00%(upstream:remoteref) refs/heads/main refs/remotes/main [3ms]
2024-09-12 03:18:35.344 [info] > git status -z -uall [2ms]
2024-09-12 03:18:35.350 [info] > git for-each-ref --format=%(refname)%00%(upstream:short)%00%(objectname)%00%(upstream:track)%00%(upstream:remotename)%00%(upstream:remoteref) refs/heads/main refs/remotes/main [3ms]
2024-09-12 03:18:35.353 [info] > git config --local branch.main.vscode-merge-base [2ms]
2024-09-12 03:18:35.357 [info] > git for-each-ref --format=%(refname)%00%(upstream:short)%00%(objectname)%00%(upstream:track)%00%(upstream:remotename)%00%(upstream:remoteref) refs/heads/origin/main refs/remotes/origin/main [2ms]
2024-09-12 03:18:36.788 [info] > git ls-files --stage -- /home/ec2-user/devops/ansible/role.yml [3ms]
2024-09-12 03:18:37.098 [info] > git show --textconv :ansible/role.yml [3ms]
2024-09-12 03:18:37.789 [info] > git config --get commit.template [3ms]
2024-09-12 03:18:37.791 [info] > git for-each-ref --format=%(refname)%00%(upstream:short)%00%(objectname)%00%(upstream:track)%00%(upstream:remotename)%00%(upstream:remoteref) refs/heads/main refs/remotes/main [2ms]
2024-09-12 03:18:37.795 [info] > git status -z -uall [2ms]
2024-09-12 03:18:37.801 [info] > git for-each-ref --format=%(refname)%00%(upstream:short)%00%(objectname)%00%(upstream:track)%00%(upstream:remotename)%00%(upstream:remoteref) refs/heads/main refs/remotes/main [4ms]
2024-09-12 03:18:37.804 [info] > git config --local branch.main.vscode-merge-base [1ms]
2024-09-12 03:18:37.813 [info] > git for-each-ref --format=%(refname)%00%(upstream:short)%00%(objectname)%00%(upstream:track)%00%(upstream:remotename)%00%(upstream:remoteref) refs/heads/origin/main refs/remotes/origin/main [2ms]
2024-09-12 03:18:38.064 [info] > git ls-files --stage -- /home/ec2-user/devops/ansible/role.yml [2ms]
2024-09-12 03:18:38.220 [info] > git show --textconv :ansible/role.yml [2ms]
2024-09-12 03:18:49.335 [info] > git config --get commit.template [4ms]
2024-09-12 03:18:49.337 [info] > git for-each-ref --format=%(refname)%00%(upstream:short)%00%(objectname)%00%(upstream:track)%00%(upstream:remotename)%00%(upstream:remoteref) refs/heads/main refs/remotes/main [2ms]
2024-09-12 03:18:49.340 [info] > git status -z -uall [2ms]
2024-09-12 03:18:49.346 [info] > git for-each-ref --format=%(refname)%00%(upstream:short)%00%(objectname)%00%(upstream:track)%00%(upstream:remotename)%00%(upstream:remoteref) refs/heads/main refs/remotes/main [3ms]
2024-09-12 03:18:49.349 [info] > git config --local branch.main.vscode-merge-base [1ms]
2024-09-12 03:18:49.353 [info] > git for-each-ref --format=%(refname)%00%(upstream:short)%00%(objectname)%00%(upstream:track)%00%(upstream:remotename)%00%(upstream:remoteref) refs/heads/origin/main refs/remotes/origin/main [2ms]
2024-09-12 03:25:10.975 [info] > git fetch [502ms]
2024-09-12 03:25:10.980 [info] > git config --get commit.template [3ms]
2024-09-12 03:25:10.982 [info] > git for-each-ref --format=%(refname)%00%(upstream:short)%00%(objectname)%00%(upstream:track)%00%(upstream:remotename)%00%(upstream:remoteref) refs/heads/main refs/remotes/main [2ms]
2024-09-12 03:25:10.986 [info] > git status -z -uall [2ms]
2024-09-12 03:25:10.992 [info] > git for-each-ref --format=%(refname)%00%(upstream:short)%00%(objectname)%00%(upstream:track)%00%(upstream:remotename)%00%(upstream:remoteref) refs/heads/main refs/remotes/main [4ms]
2024-09-12 03:25:10.997 [info] > git config --local branch.main.vscode-merge-base [3ms]
2024-09-12 03:25:11.001 [info] > git for-each-ref --format=%(refname)%00%(upstream:short)%00%(objectname)%00%(upstream:track)%00%(upstream:remotename)%00%(upstream:remoteref) refs/heads/origin/main refs/remotes/origin/main [2ms]
2024-09-12 03:25:12.194 [info] > git config --get commit.template [3ms]
2024-09-12 03:25:12.196 [info] > git for-each-ref --format=%(refname)%00%(upstream:short)%00%(objectname)%00%(upstream:track)%00%(upstream:remotename)%00%(upstream:remoteref) refs/heads/main refs/remotes/main [2ms]
2024-09-12 03:25:12.201 [info] > git status -z -uall [2ms]
2024-09-12 03:25:12.206 [info] > git for-each-ref --format=%(refname)%00%(upstream:short)%00%(objectname)%00%(upstream:track)%00%(upstream:remotename)%00%(upstream:remoteref) refs/heads/main refs/remotes/main [3ms]
2024-09-12 03:25:12.209 [info] > git config --local branch.main.vscode-merge-base [2ms]
2024-09-12 03:25:12.212 [info] > git for-each-ref --format=%(refname)%00%(upstream:short)%00%(objectname)%00%(upstream:track)%00%(upstream:remotename)%00%(upstream:remoteref) refs/heads/origin/main refs/remotes/origin/main [2ms]
2024-09-12 03:25:12.390 [info] > git ls-files --stage -- /home/ec2-user/devops/ansible/role.yml [2ms]
2024-09-12 03:25:12.511 [info] > git show --textconv :ansible/role.yml [2ms]
2024-09-12 03:28:11.535 [info] > git fetch [542ms]
2024-09-12 03:28:11.541 [info] > git config --get commit.template [3ms]
2024-09-12 03:28:11.543 [info] > git for-each-ref --format=%(refname)%00%(upstream:short)%00%(objectname)%00%(upstream:track)%00%(upstream:remotename)%00%(upstream:remoteref) refs/heads/main refs/remotes/main [3ms]
2024-09-12 03:28:11.547 [info] > git status -z -uall [2ms]
2024-09-12 03:28:11.552 [info] > git for-each-ref --format=%(refname)%00%(upstream:short)%00%(objectname)%00%(upstream:track)%00%(upstream:remotename)%00%(upstream:remoteref) refs/heads/main refs/remotes/main [3ms]
2024-09-12 03:28:11.556 [info] > git config --local branch.main.vscode-merge-base [2ms]
2024-09-12 03:28:11.559 [info] > git for-each-ref --format=%(refname)%00%(upstream:short)%00%(objectname)%00%(upstream:track)%00%(upstream:remotename)%00%(upstream:remoteref) refs/heads/origin/main refs/remotes/origin/main [2ms]
2024-09-12 03:28:12.931 [info] > git config --get commit.template [3ms]
2024-09-12 03:28:12.933 [info] > git for-each-ref --format=%(refname)%00%(upstream:short)%00%(objectname)%00%(upstream:track)%00%(upstream:remotename)%00%(upstream:remoteref) refs/heads/main refs/remotes/main [2ms]
2024-09-12 03:28:12.938 [info] > git status -z -uall [3ms]
2024-09-12 03:28:12.943 [info] > git for-each-ref --format=%(refname)%00%(upstream:short)%00%(objectname)%00%(upstream:track)%00%(upstream:remotename)%00%(upstream:remoteref) refs/heads/main refs/remotes/main [2ms]
2024-09-12 03:28:12.946 [info] > git config --local branch.main.vscode-merge-base [2ms]
2024-09-12 03:28:12.949 [info] > git for-each-ref --format=%(refname)%00%(upstream:short)%00%(objectname)%00%(upstream:track)%00%(upstream:remotename)%00%(upstream:remoteref) refs/heads/origin/main refs/remotes/origin/main [2ms]
2024-09-12 03:28:13.198 [info] > git ls-files --stage -- /home/ec2-user/devops/ansible/role.yml [2ms]
2024-09-12 03:28:13.326 [info] > git show --textconv :ansible/role.yml [2ms]
2024-09-12 03:29:37.742 [info] > git check-ignore -v -z --stdin [2ms]
2024-09-12 03:29:39.282 [info] > git show --textconv :ansible/roles/defaults/main.yml [5ms]
2024-09-12 03:29:39.285 [info] > git ls-files --stage -- /home/ec2-user/devops/ansible/roles/defaults/main.yml [5ms]
2024-09-12 03:30:15.188 [info] > git config --get commit.template [3ms]
2024-09-12 03:30:15.193 [info] > git for-each-ref --format=%(refname)%00%(upstream:short)%00%(objectname)%00%(upstream:track)%00%(upstream:remotename)%00%(upstream:remoteref) refs/heads/main refs/remotes/main [5ms]
2024-09-12 03:30:15.197 [info] > git status -z -uall [2ms]
2024-09-12 03:30:15.202 [info] > git for-each-ref --format=%(refname)%00%(upstream:short)%00%(objectname)%00%(upstream:track)%00%(upstream:remotename)%00%(upstream:remoteref) refs/heads/main refs/remotes/main [3ms]
2024-09-12 03:30:15.206 [info] > git config --local branch.main.vscode-merge-base [2ms]
2024-09-12 03:30:15.209 [info] > git for-each-ref --format=%(refname)%00%(upstream:short)%00%(objectname)%00%(upstream:track)%00%(upstream:remotename)%00%(upstream:remoteref) refs/heads/origin/main refs/remotes/origin/main [2ms]
2024-09-12 03:30:23.708 [info] > git show --textconv :ansible/roles/tasks/main.yml [4ms]
2024-09-12 03:30:23.710 [info] > git ls-files --stage -- /home/ec2-user/devops/ansible/roles/tasks/main.yml [3ms]
2024-09-12 03:31:12.082 [info] > git fetch [529ms]
2024-09-12 03:31:12.089 [info] > git config --get commit.template [4ms]
2024-09-12 03:31:12.091 [info] > git for-each-ref --format=%(refname)%00%(upstream:short)%00%(objectname)%00%(upstream:track)%00%(upstream:remotename)%00%(upstream:remoteref) refs/heads/main refs/remotes/main [3ms]
2024-09-12 03:31:12.095 [info] > git status -z -uall [3ms]
2024-09-12 03:31:12.100 [info] > git for-each-ref --format=%(refname)%00%(upstream:short)%00%(objectname)%00%(upstream:track)%00%(upstream:remotename)%00%(upstream:remoteref) refs/heads/main refs/remotes/main [3ms]
2024-09-12 03:31:12.103 [info] > git config --local branch.main.vscode-merge-base [2ms]
2024-09-12 03:31:12.107 [info] > git for-each-ref --format=%(refname)%00%(upstream:short)%00%(objectname)%00%(upstream:track)%00%(upstream:remotename)%00%(upstream:remoteref) refs/heads/origin/main refs/remotes/origin/main [1ms]
2024-09-12 03:31:13.348 [info] > git config --get commit.template [3ms]
2024-09-12 03:31:13.350 [info] > git for-each-ref --format=%(refname)%00%(upstream:short)%00%(objectname)%00%(upstream:track)%00%(upstream:remotename)%00%(upstream:remoteref) refs/heads/main refs/remotes/main [2ms]
2024-09-12 03:31:13.354 [info] > git status -z -uall [2ms]
2024-09-12 03:31:13.359 [info] > git for-each-ref --format=%(refname)%00%(upstream:short)%00%(objectname)%00%(upstream:track)%00%(upstream:remotename)%00%(upstream:remoteref) refs/heads/main refs/remotes/main [3ms]
2024-09-12 03:31:13.363 [info] > git config --local branch.main.vscode-merge-base [2ms]
2024-09-12 03:31:13.367 [info] > git for-each-ref --format=%(refname)%00%(upstream:short)%00%(objectname)%00%(upstream:track)%00%(upstream:remotename)%00%(upstream:remoteref) refs/heads/origin/main refs/remotes/origin/main [2ms]
2024-09-12 03:31:13.588 [info] > git ls-files --stage -- /home/ec2-user/devops/ansible/roles/tasks/main.yml [2ms]
2024-09-12 03:31:13.824 [info] > git show --textconv :ansible/roles/tasks/main.yml [2ms]
2024-09-12 03:31:27.882 [info] > git config --get commit.template [3ms]
2024-09-12 03:31:27.884 [info] > git for-each-ref --format=%(refname)%00%(upstream:short)%00%(objectname)%00%(upstream:track)%00%(upstream:remotename)%00%(upstream:remoteref) refs/heads/main refs/remotes/main [2ms]
2024-09-12 03:31:27.888 [info] > git status -z -uall [2ms]
2024-09-12 03:31:27.893 [info] > git for-each-ref --format=%(refname)%00%(upstream:short)%00%(objectname)%00%(upstream:track)%00%(upstream:remotename)%00%(upstream:remoteref) refs/heads/main refs/remotes/main [3ms]
2024-09-12 03:31:27.897 [info] > git config --local branch.main.vscode-merge-base [2ms]
2024-09-12 03:31:27.900 [info] > git for-each-ref --format=%(refname)%00%(upstream:short)%00%(objectname)%00%(upstream:track)%00%(upstream:remotename)%00%(upstream:remoteref) refs/heads/origin/main refs/remotes/origin/main [2ms]
2024-09-12 03:32:07.568 [info] > git show --textconv :ansible/roles/defaults/main.yml [4ms]
2024-09-12 03:32:07.571 [info] > git ls-files --stage -- /home/ec2-user/devops/ansible/roles/defaults/main.yml [4ms]
2024-09-12 03:32:09.711 [info] > git show --textconv :ansible/roles/vars/main.yml [3ms]
2024-09-12 03:32:09.713 [info] > git ls-files --stage -- /home/ec2-user/devops/ansible/roles/vars/main.yml [2ms]
2024-09-12 03:32:21.964 [info] > git config --get commit.template [4ms]
2024-09-12 03:32:21.966 [info] > git for-each-ref --format=%(refname)%00%(upstream:short)%00%(objectname)%00%(upstream:track)%00%(upstream:remotename)%00%(upstream:remoteref) refs/heads/main refs/remotes/main [3ms]
2024-09-12 03:32:21.971 [info] > git status -z -uall [4ms]
2024-09-12 03:32:21.976 [info] > git for-each-ref --format=%(refname)%00%(upstream:short)%00%(objectname)%00%(upstream:track)%00%(upstream:remotename)%00%(upstream:remoteref) refs/heads/main refs/remotes/main [3ms]
2024-09-12 03:32:21.979 [info] > git config --local branch.main.vscode-merge-base [2ms]
2024-09-12 03:32:21.982 [info] > git for-each-ref --format=%(refname)%00%(upstream:short)%00%(objectname)%00%(upstream:track)%00%(upstream:remotename)%00%(upstream:remoteref) refs/heads/origin/main refs/remotes/origin/main [1ms]
2024-09-12 03:32:26.849 [info] > git show --textconv :ansible/roles/tasks/main.yml [4ms]
2024-09-12 03:32:26.851 [info] > git ls-files --stage -- /home/ec2-user/devops/ansible/roles/tasks/main.yml [3ms]
2024-09-12 03:32:42.478 [info] > git config --get commit.template [3ms]
2024-09-12 03:32:42.480 [info] > git for-each-ref --format=%(refname)%00%(upstream:short)%00%(objectname)%00%(upstream:track)%00%(upstream:remotename)%00%(upstream:remoteref) refs/heads/main refs/remotes/main [2ms]
2024-09-12 03:32:42.484 [info] > git status -z -uall [2ms]
2024-09-12 03:32:42.490 [info] > git for-each-ref --format=%(refname)%00%(upstream:short)%00%(objectname)%00%(upstream:track)%00%(upstream:remotename)%00%(upstream:remoteref) refs/heads/main refs/remotes/main [4ms]
2024-09-12 03:32:42.493 [info] > git config --local branch.main.vscode-merge-base [2ms]
2024-09-12 03:32:42.496 [info] > git for-each-ref --format=%(refname)%00%(upstream:short)%00%(objectname)%00%(upstream:track)%00%(upstream:remotename)%00%(upstream:remoteref) refs/heads/origin/main refs/remotes/origin/main [1ms]
2024-09-12 03:33:18.683 [info] > git show --textconv :ansible/role.yml [3ms]
2024-09-12 03:33:18.685 [info] > git ls-files --stage -- /home/ec2-user/devops/ansible/role.yml [3ms]
2024-09-12 03:33:21.742 [info] > git show --textconv :ansible/roles/tasks/main.yml [4ms]
2024-09-12 03:33:21.744 [info] > git ls-files --stage -- /home/ec2-user/devops/ansible/roles/tasks/main.yml [2ms]
2024-09-12 03:33:24.507 [info] > git show --textconv :ansible/roles/defaults/main.yml [4ms]
2024-09-12 03:33:24.509 [info] > git ls-files --stage -- /home/ec2-user/devops/ansible/roles/defaults/main.yml [3ms]
2024-09-12 03:33:53.285 [info] > git show --textconv :ansible/roles/vars/main.yml [4ms]
2024-09-12 03:33:53.287 [info] > git ls-files --stage -- /home/ec2-user/devops/ansible/roles/vars/main.yml [3ms]
2024-09-12 03:33:54.780 [info] > git show --textconv :ansible/roles/tasks/main.yml [4ms]
2024-09-12 03:33:54.782 [info] > git ls-files --stage -- /home/ec2-user/devops/ansible/roles/tasks/main.yml [3ms]
2024-09-12 03:33:58.283 [info] > git show --textconv :ansible/roles/vars/main.yml [3ms]
2024-09-12 03:33:58.285 [info] > git ls-files --stage -- /home/ec2-user/devops/ansible/roles/vars/main.yml [2ms]
2024-09-12 03:34:01.013 [info] > git show --textconv :ansible/roles/defaults/main.yml [4ms]
2024-09-12 03:34:01.016 [info] > git ls-files --stage -- /home/ec2-user/devops/ansible/roles/defaults/main.yml [4ms]
2024-09-12 03:34:03.935 [info] > git show --textconv :ansible/roles/vars/main.yml [15ms]
2024-09-12 03:34:03.937 [info] > git ls-files --stage -- /home/ec2-user/devops/ansible/roles/vars/main.yml [2ms]
2024-09-12 03:34:05.187 [info] > git show --textconv :ansible/roles/tasks/main.yml [4ms]
2024-09-12 03:34:05.189 [info] > git ls-files --stage -- /home/ec2-user/devops/ansible/roles/tasks/main.yml [2ms]
2024-09-12 03:34:06.772 [info] > git show --textconv :ansible/roles/vars/main.yml [3ms]
2024-09-12 03:34:06.775 [info] > git ls-files --stage -- /home/ec2-user/devops/ansible/roles/vars/main.yml [2ms]
2024-09-12 03:34:12.628 [info] > git fetch [528ms]
2024-09-12 03:34:12.633 [info] > git config --get commit.template [3ms]
2024-09-12 03:34:12.635 [info] > git for-each-ref --format=%(refname)%00%(upstream:short)%00%(objectname)%00%(upstream:track)%00%(upstream:remotename)%00%(upstream:remoteref) refs/heads/main refs/remotes/main [2ms]
2024-09-12 03:34:12.639 [info] > git status -z -uall [2ms]
2024-09-12 03:34:12.719 [info] > git for-each-ref --format=%(refname)%00%(upstream:short)%00%(objectname)%00%(upstream:track)%00%(upstream:remotename)%00%(upstream:remoteref) refs/heads/main refs/remotes/main [78ms]
2024-09-12 03:34:12.723 [info] > git config --local branch.main.vscode-merge-base [2ms]
2024-09-12 03:34:12.727 [info] > git for-each-ref --format=%(refname)%00%(upstream:short)%00%(objectname)%00%(upstream:track)%00%(upstream:remotename)%00%(upstream:remoteref) refs/heads/origin/main refs/remotes/origin/main [2ms]
2024-09-12 03:34:13.787 [info] > git show --textconv :ansible/roles/tasks/main.yml [4ms]
2024-09-12 03:34:13.789 [info] > git ls-files --stage -- /home/ec2-user/devops/ansible/roles/tasks/main.yml [3ms]
2024-09-12 03:34:13.988 [info] > git config --get commit.template [3ms]
2024-09-12 03:34:13.990 [info] > git for-each-ref --format=%(refname)%00%(upstream:short)%00%(objectname)%00%(upstream:track)%00%(upstream:remotename)%00%(upstream:remoteref) refs/heads/main refs/remotes/main [2ms]
2024-09-12 03:34:13.994 [info] > git status -z -uall [2ms]
2024-09-12 03:34:13.999 [info] > git for-each-ref --format=%(refname)%00%(upstream:short)%00%(objectname)%00%(upstream:track)%00%(upstream:remotename)%00%(upstream:remoteref) refs/heads/main refs/remotes/main [3ms]
2024-09-12 03:34:14.002 [info] > git config --local branch.main.vscode-merge-base [1ms]
2024-09-12 03:34:14.007 [info] > git for-each-ref --format=%(refname)%00%(upstream:short)%00%(objectname)%00%(upstream:track)%00%(upstream:remotename)%00%(upstream:remoteref) refs/heads/origin/main refs/remotes/origin/main [2ms]
2024-09-12 03:34:14.174 [info] > git ls-files --stage -- /home/ec2-user/devops/ansible/roles/tasks/main.yml [2ms]
2024-09-12 03:34:14.413 [info] > git show --textconv :ansible/roles/tasks/main.yml [2ms]
2024-09-12 03:37:37.671 [info] > git fetch [512ms]
2024-09-12 03:37:37.677 [info] > git config --get commit.template [3ms]
2024-09-12 03:37:37.679 [info] > git for-each-ref --format=%(refname)%00%(upstream:short)%00%(objectname)%00%(upstream:track)%00%(upstream:remotename)%00%(upstream:remoteref) refs/heads/main refs/remotes/main [2ms]
2024-09-12 03:37:37.683 [info] > git status -z -uall [2ms]
2024-09-12 03:37:37.694 [info] > git for-each-ref --format=%(refname)%00%(upstream:short)%00%(objectname)%00%(upstream:track)%00%(upstream:remotename)%00%(upstream:remoteref) refs/heads/main refs/remotes/main [4ms]
2024-09-12 03:37:37.698 [info] > git config --local branch.main.vscode-merge-base [2ms]
2024-09-12 03:37:37.701 [info] > git for-each-ref --format=%(refname)%00%(upstream:short)%00%(objectname)%00%(upstream:track)%00%(upstream:remotename)%00%(upstream:remoteref) refs/heads/origin/main refs/remotes/origin/main [2ms]
2024-09-12 03:37:48.404 [info] > git config --get commit.template [3ms]
2024-09-12 03:37:48.406 [info] > git for-each-ref --format=%(refname)%00%(upstream:short)%00%(objectname)%00%(upstream:track)%00%(upstream:remotename)%00%(upstream:remoteref) refs/heads/main refs/remotes/main [2ms]
2024-09-12 03:37:48.410 [info] > git status -z -uall [2ms]
2024-09-12 03:37:48.415 [info] > git for-each-ref --format=%(refname)%00%(upstream:short)%00%(objectname)%00%(upstream:track)%00%(upstream:remotename)%00%(upstream:remoteref) refs/heads/main refs/remotes/main [3ms]
2024-09-12 03:37:48.418 [info] > git config --local branch.main.vscode-merge-base [1ms]
2024-09-12 03:37:48.435 [info] > git for-each-ref --format=%(refname)%00%(upstream:short)%00%(objectname)%00%(upstream:track)%00%(upstream:remotename)%00%(upstream:remoteref) refs/heads/origin/main refs/remotes/origin/main [5ms]
2024-09-12 03:37:49.155 [info] > git ls-files --stage -- /home/ec2-user/devops/ansible/roles/tasks/main.yml [2ms]
2024-09-12 03:37:49.436 [info] > git show --textconv :ansible/roles/tasks/main.yml [2ms]
2024-09-12 03:44:09.484 [info] > git fetch [529ms]
2024-09-12 03:44:09.489 [info] > git config --get commit.template [3ms]
2024-09-12 03:44:09.491 [info] > git for-each-ref --format=%(refname)%00%(upstream:short)%00%(objectname)%00%(upstream:track)%00%(upstream:remotename)%00%(upstream:remoteref) refs/heads/main refs/remotes/main [2ms]
2024-09-12 03:44:09.495 [info] > git status -z -uall [2ms]
2024-09-12 03:44:09.501 [info] > git for-each-ref --format=%(refname)%00%(upstream:short)%00%(objectname)%00%(upstream:track)%00%(upstream:remotename)%00%(upstream:remoteref) refs/heads/main refs/remotes/main [4ms]
2024-09-12 03:44:09.505 [info] > git config --local branch.main.vscode-merge-base [2ms]
2024-09-12 03:44:09.508 [info] > git for-each-ref --format=%(refname)%00%(upstream:short)%00%(objectname)%00%(upstream:track)%00%(upstream:remotename)%00%(upstream:remoteref) refs/heads/origin/main refs/remotes/origin/main [2ms]
2024-09-12 03:44:10.670 [info] > git config --get commit.template [3ms]
2024-09-12 03:44:10.672 [info] > git for-each-ref --format=%(refname)%00%(upstream:short)%00%(objectname)%00%(upstream:track)%00%(upstream:remotename)%00%(upstream:remoteref) refs/heads/main refs/remotes/main [3ms]
2024-09-12 03:44:10.676 [info] > git status -z -uall [2ms]
2024-09-12 03:44:10.681 [info] > git for-each-ref --format=%(refname)%00%(upstream:short)%00%(objectname)%00%(upstream:track)%00%(upstream:remotename)%00%(upstream:remoteref) refs/heads/main refs/remotes/main [3ms]
2024-09-12 03:44:10.684 [info] > git config --local branch.main.vscode-merge-base [1ms]
2024-09-12 03:44:10.688 [info] > git for-each-ref --format=%(refname)%00%(upstream:short)%00%(objectname)%00%(upstream:track)%00%(upstream:remotename)%00%(upstream:remoteref) refs/heads/origin/main refs/remotes/origin/main [2ms]
2024-09-12 03:44:10.947 [info] > git ls-files --stage -- /home/ec2-user/devops/ansible/roles/tasks/main.yml [2ms]
2024-09-12 03:44:11.116 [info] > git show --textconv :ansible/roles/tasks/main.yml [2ms]
2024-09-12 03:47:01.041 [info] > git show --textconv :ansible/roles/vars/main.yml [3ms]
2024-09-12 03:47:01.044 [info] > git ls-files --stage -- /home/ec2-user/devops/ansible/roles/vars/main.yml [3ms]
2024-09-12 03:47:07.459 [info] > git check-ignore -v -z --stdin [2ms]
2024-09-12 03:47:09.215 [info] > git show --textconv :ansible/roles/handlers/main.yml [3ms]
2024-09-12 03:47:09.217 [info] > git ls-files --stage -- /home/ec2-user/devops/ansible/roles/handlers/main.yml [2ms]
2024-09-12 03:47:10.032 [info] > git fetch [531ms]
2024-09-12 03:47:10.039 [info] > git config --get commit.template [3ms]
2024-09-12 03:47:10.041 [info] > git for-each-ref --format=%(refname)%00%(upstream:short)%00%(objectname)%00%(upstream:track)%00%(upstream:remotename)%00%(upstream:remoteref) refs/heads/main refs/remotes/main [2ms]
2024-09-12 03:47:10.045 [info] > git status -z -uall [2ms]
2024-09-12 03:47:10.057 [info] > git for-each-ref --format=%(refname)%00%(upstream:short)%00%(objectname)%00%(upstream:track)%00%(upstream:remotename)%00%(upstream:remoteref) refs/heads/main refs/remotes/main [5ms]
2024-09-12 03:47:10.060 [info] > git config --local branch.main.vscode-merge-base [1ms]
2024-09-12 03:47:10.064 [info] > git for-each-ref --format=%(refname)%00%(upstream:short)%00%(objectname)%00%(upstream:track)%00%(upstream:remotename)%00%(upstream:remoteref) refs/heads/origin/main refs/remotes/origin/main [2ms]
2024-09-12 03:47:11.464 [info] > git config --get commit.template [4ms]
2024-09-12 03:47:11.466 [info] > git for-each-ref --format=%(refname)%00%(upstream:short)%00%(objectname)%00%(upstream:track)%00%(upstream:remotename)%00%(upstream:remoteref) refs/heads/main refs/remotes/main [3ms]
2024-09-12 03:47:11.470 [info] > git status -z -uall [3ms]
2024-09-12 03:47:11.475 [info] > git for-each-ref --format=%(refname)%00%(upstream:short)%00%(objectname)%00%(upstream:track)%00%(upstream:remotename)%00%(upstream:remoteref) refs/heads/main refs/remotes/main [3ms]
2024-09-12 03:47:11.478 [info] > git config --local branch.main.vscode-merge-base [1ms]
2024-09-12 03:47:11.482 [info] > git for-each-ref --format=%(refname)%00%(upstream:short)%00%(objectname)%00%(upstream:track)%00%(upstream:remotename)%00%(upstream:remoteref) refs/heads/origin/main refs/remotes/origin/main [2ms]
2024-09-12 03:47:11.856 [info] > git ls-files --stage -- /home/ec2-user/devops/ansible/roles/handlers/main.yml [2ms]
2024-09-12 03:47:12.045 [info] > git show --textconv :ansible/roles/handlers/main.yml [2ms]
2024-09-12 03:48:00.691 [info] > git check-ignore -v -z --stdin [2ms]
2024-09-12 03:48:10.147 [info] > git check-ignore -v -z --stdin [2ms]
2024-09-12 03:48:13.070 [info] > git show --textconv :ansible/roles/meta/main.yml [3ms]
2024-09-12 03:48:13.073 [info] > git ls-files --stage -- /home/ec2-user/devops/ansible/roles/meta/main.yml [3ms]
2024-09-12 03:48:17.711 [info] > git show --textconv :ansible/roles/handlers/main.yml [3ms]
2024-09-12 03:48:17.712 [info] > git ls-files --stage -- /home/ec2-user/devops/ansible/roles/handlers/main.yml [2ms]
2024-09-12 03:48:21.681 [info] > git show --textconv :ansible/roles/vars/main.yml [3ms]
2024-09-12 03:48:21.683 [info] > git ls-files --stage -- /home/ec2-user/devops/ansible/roles/vars/main.yml [3ms]
2024-09-12 03:48:23.839 [info] > git show --textconv :ansible/roles/meta/main.yml [4ms]
2024-09-12 03:48:23.841 [info] > git ls-files --stage -- /home/ec2-user/devops/ansible/roles/meta/main.yml [3ms]
2024-09-12 03:48:25.200 [info] > git show --textconv :ansible/roles/vars/main.yml [5ms]
2024-09-12 03:48:25.202 [info] > git ls-files --stage -- /home/ec2-user/devops/ansible/roles/vars/main.yml [3ms]
2024-09-12 03:49:03.245 [info] > git show --textconv :ansible/roles/defaults/main.yml [3ms]
2024-09-12 03:49:03.247 [info] > git ls-files --stage -- /home/ec2-user/devops/ansible/roles/defaults/main.yml [2ms]
2024-09-12 03:49:04.517 [info] > git show --textconv :ansible/roles/vars/main.yml [4ms]
2024-09-12 03:49:04.519 [info] > git ls-files --stage -- /home/ec2-user/devops/ansible/roles/vars/main.yml [3ms]
2024-09-12 03:49:19.893 [info] > git show --textconv :ansible/roles/tasks/main.yml [3ms]
2024-09-12 03:49:19.896 [info] > git ls-files --stage -- /home/ec2-user/devops/ansible/roles/tasks/main.yml [3ms]
2024-09-12 03:50:10.562 [info] > git fetch [505ms]
2024-09-12 03:50:10.568 [info] > git config --get commit.template [3ms]
2024-09-12 03:50:10.570 [info] > git for-each-ref --format=%(refname)%00%(upstream:short)%00%(objectname)%00%(upstream:track)%00%(upstream:remotename)%00%(upstream:remoteref) refs/heads/main refs/remotes/main [2ms]
2024-09-12 03:50:10.575 [info] > git status -z -uall [3ms]
2024-09-12 03:50:10.580 [info] > git for-each-ref --format=%(refname)%00%(upstream:short)%00%(objectname)%00%(upstream:track)%00%(upstream:remotename)%00%(upstream:remoteref) refs/heads/main refs/remotes/main [3ms]
2024-09-12 03:50:10.583 [info] > git config --local branch.main.vscode-merge-base [1ms]
2024-09-12 03:50:10.587 [info] > git for-each-ref --format=%(refname)%00%(upstream:short)%00%(objectname)%00%(upstream:track)%00%(upstream:remotename)%00%(upstream:remoteref) refs/heads/origin/main refs/remotes/origin/main [2ms]
2024-09-12 03:50:12.246 [info] > git config --get commit.template [4ms]
2024-09-12 03:50:12.248 [info] > git for-each-ref --format=%(refname)%00%(upstream:short)%00%(objectname)%00%(upstream:track)%00%(upstream:remotename)%00%(upstream:remoteref) refs/heads/main refs/remotes/main [3ms]
2024-09-12 03:50:12.252 [info] > git status -z -uall [3ms]
2024-09-12 03:50:12.262 [info] > git for-each-ref --format=%(refname)%00%(upstream:short)%00%(objectname)%00%(upstream:track)%00%(upstream:remotename)%00%(upstream:remoteref) refs/heads/main refs/remotes/main [8ms]
2024-09-12 03:50:12.270 [info] > git config --local branch.main.vscode-merge-base [6ms]
2024-09-12 03:50:12.275 [info] > git for-each-ref --format=%(refname)%00%(upstream:short)%00%(objectname)%00%(upstream:track)%00%(upstream:remotename)%00%(upstream:remoteref) refs/heads/origin/main refs/remotes/origin/main [3ms]
2024-09-12 03:50:12.691 [info] > git ls-files --stage -- /home/ec2-user/devops/ansible/roles/tasks/main.yml [1ms]
2024-09-12 03:50:12.889 [info] > git show --textconv :ansible/roles/tasks/main.yml [2ms]
2024-09-12 03:53:15.620 [info] > git fetch [526ms]
2024-09-12 03:53:15.625 [info] > git config --get commit.template [3ms]
2024-09-12 03:53:15.627 [info] > git for-each-ref --format=%(refname)%00%(upstream:short)%00%(objectname)%00%(upstream:track)%00%(upstream:remotename)%00%(upstream:remoteref) refs/heads/main refs/remotes/main [3ms]
2024-09-12 03:53:15.630 [info] > git status -z -uall [2ms]
2024-09-12 03:53:15.636 [info] > git for-each-ref --format=%(refname)%00%(upstream:short)%00%(objectname)%00%(upstream:track)%00%(upstream:remotename)%00%(upstream:remoteref) refs/heads/main refs/remotes/main [4ms]
2024-09-12 03:53:15.648 [info] > git config --local branch.main.vscode-merge-base [4ms]
2024-09-12 03:53:15.651 [info] > git for-each-ref --format=%(refname)%00%(upstream:short)%00%(objectname)%00%(upstream:track)%00%(upstream:remotename)%00%(upstream:remoteref) refs/heads/origin/main refs/remotes/origin/main [1ms]
2024-09-12 03:53:17.027 [info] > git config --get commit.template [3ms]
2024-09-12 03:53:17.029 [info] > git for-each-ref --format=%(refname)%00%(upstream:short)%00%(objectname)%00%(upstream:track)%00%(upstream:remotename)%00%(upstream:remoteref) refs/heads/main refs/remotes/main [2ms]
2024-09-12 03:53:17.034 [info] > git status -z -uall [3ms]
2024-09-12 03:53:17.038 [info] > git for-each-ref --format=%(refname)%00%(upstream:short)%00%(objectname)%00%(upstream:track)%00%(upstream:remotename)%00%(upstream:remoteref) refs/heads/main refs/remotes/main [2ms]
2024-09-12 03:53:17.042 [info] > git config --local branch.main.vscode-merge-base [2ms]
2024-09-12 03:53:17.046 [info] > git for-each-ref --format=%(refname)%00%(upstream:short)%00%(objectname)%00%(upstream:track)%00%(upstream:remotename)%00%(upstream:remoteref) refs/heads/origin/main refs/remotes/origin/main [2ms]
2024-09-12 03:53:17.341 [info] > git ls-files --stage -- /home/ec2-user/devops/ansible/roles/tasks/main.yml [2ms]
2024-09-12 03:53:17.414 [info] > git show --textconv :ansible/roles/tasks/main.yml [2ms]
2024-09-12 03:56:26.902 [info] > git fetch [515ms]
2024-09-12 03:56:26.907 [info] > git config --get commit.template [3ms]
2024-09-12 03:56:26.909 [info] > git for-each-ref --format=%(refname)%00%(upstream:short)%00%(objectname)%00%(upstream:track)%00%(upstream:remotename)%00%(upstream:remoteref) refs/heads/main refs/remotes/main [2ms]
2024-09-12 03:56:26.914 [info] > git status -z -uall [2ms]
2024-09-12 03:56:26.923 [info] > git for-each-ref --format=%(refname)%00%(upstream:short)%00%(objectname)%00%(upstream:track)%00%(upstream:remotename)%00%(upstream:remoteref) refs/heads/main refs/remotes/main [7ms]
2024-09-12 03:56:26.926 [info] > git config --local branch.main.vscode-merge-base [1ms]
2024-09-12 03:56:26.929 [info] > git for-each-ref --format=%(refname)%00%(upstream:short)%00%(objectname)%00%(upstream:track)%00%(upstream:remotename)%00%(upstream:remoteref) refs/heads/origin/main refs/remotes/origin/main [1ms]
2024-09-12 03:57:47.527 [info] > git config --get commit.template [4ms]
2024-09-12 03:57:47.528 [info] > git for-each-ref --format=%(refname)%00%(upstream:short)%00%(objectname)%00%(upstream:track)%00%(upstream:remotename)%00%(upstream:remoteref) refs/heads/main refs/remotes/main [2ms]
2024-09-12 03:57:47.532 [info] > git status -z -uall [2ms]
2024-09-12 03:57:47.537 [info] > git for-each-ref --format=%(refname)%00%(upstream:short)%00%(objectname)%00%(upstream:track)%00%(upstream:remotename)%00%(upstream:remoteref) refs/heads/main refs/remotes/main [3ms]
2024-09-12 03:57:47.548 [info] > git config --local branch.main.vscode-merge-base [2ms]
2024-09-12 03:57:47.557 [info] > git for-each-ref --format=%(refname)%00%(upstream:short)%00%(objectname)%00%(upstream:track)%00%(upstream:remotename)%00%(upstream:remoteref) refs/heads/origin/main refs/remotes/origin/main [2ms]
2024-09-12 03:57:47.754 [info] > git ls-files --stage -- /home/ec2-user/devops/ansible/roles/tasks/main.yml [2ms]
2024-09-12 03:57:47.906 [info] > git show --textconv :ansible/roles/tasks/main.yml [2ms]
2024-09-12 03:59:27.438 [info] > git fetch [517ms]
2024-09-12 03:59:27.444 [info] > git config --get commit.template [3ms]
2024-09-12 03:59:27.446 [info] > git for-each-ref --format=%(refname)%00%(upstream:short)%00%(objectname)%00%(upstream:track)%00%(upstream:remotename)%00%(upstream:remoteref) refs/heads/main refs/remotes/main [2ms]
2024-09-12 03:59:27.450 [info] > git status -z -uall [2ms]
2024-09-12 03:59:27.455 [info] > git for-each-ref --format=%(refname)%00%(upstream:short)%00%(objectname)%00%(upstream:track)%00%(upstream:remotename)%00%(upstream:remoteref) refs/heads/main refs/remotes/main [3ms]
2024-09-12 03:59:27.458 [info] > git config --local branch.main.vscode-merge-base [1ms]
2024-09-12 03:59:27.461 [info] > git for-each-ref --format=%(refname)%00%(upstream:short)%00%(objectname)%00%(upstream:track)%00%(upstream:remotename)%00%(upstream:remoteref) refs/heads/origin/main refs/remotes/origin/main [1ms]
