2024-09-12 08:35:02.641 [info] [main] Log level: Info
2024-09-12 08:35:02.641 [info] [main] Validating found git in: "git"
2024-09-12 08:35:02.641 [info] [main] Using git "2.40.1" from "git"
2024-09-12 08:35:02.641 [info] [Model][doInitialScan] Initial repository scan started
2024-09-12 08:35:02.641 [info] > git rev-parse --show-toplevel [19ms]
2024-09-12 08:35:02.641 [info] > git rev-parse --git-dir --git-common-dir [2ms]
2024-09-12 08:35:02.641 [info] [Model][openRepository] Opened repository: /home/ec2-user
2024-09-12 08:35:02.641 [info] > git config --get commit.template [8ms]
2024-09-12 08:35:02.641 [info] > git rev-parse --show-toplevel [7ms]
2024-09-12 08:35:02.641 [info] > git for-each-ref --format=%(refname)%00%(upstream:short)%00%(objectname)%00%(upstream:track)%00%(upstream:remotename)%00%(upstream:remoteref) refs/heads/master refs/remotes/master [5ms]
2024-09-12 08:35:02.641 [info] > git fetch [24ms]
2024-09-12 08:35:02.641 [info] > git rev-parse --show-toplevel [7ms]
2024-09-12 08:35:02.647 [info] > git status -z -uall [9ms] (cancelled)
2024-09-12 08:35:02.647 [info] > git config --get commit.template [2ms]
2024-09-12 08:35:02.648 [info] > git config --get commit.template [5ms]
2024-09-12 08:35:02.652 [info] > git for-each-ref --format=%(refname)%00%(upstream:short)%00%(objectname)%00%(upstream:track)%00%(upstream:remotename)%00%(upstream:remoteref) refs/heads/master refs/remotes/master [2ms]
2024-09-12 08:35:02.653 [info] > git rev-parse --show-toplevel [7ms]
2024-09-12 08:35:02.655 [info] > git for-each-ref --format=%(refname)%00%(upstream:short)%00%(objectname)%00%(upstream:track)%00%(upstream:remotename)%00%(upstream:remoteref) refs/heads/master refs/remotes/master [3ms]
2024-09-12 08:35:02.658 [info] > git rev-parse --show-toplevel [3ms]
2024-09-12 08:35:02.663 [info] > git rev-parse --show-toplevel [3ms]
2024-09-12 08:35:02.668 [info] > git rev-parse --show-toplevel [3ms]
2024-09-12 08:35:02.671 [info] > git rev-parse --show-toplevel [2ms]
2024-09-12 08:35:02.678 [info] > git rev-parse --git-dir --git-common-dir [5ms]
2024-09-12 08:35:02.684 [info] [Model][openRepository] Opened repository: /home/ec2-user/devops
2024-09-12 08:35:02.687 [info] [Model][doInitialScan] Initial repository scan completed - repositories (2), closed repositories (0), parent repositories (0), unsafe repositories (0)
2024-09-12 08:35:02.700 [info] > git status -z -uall [43ms]
2024-09-12 08:35:02.769 [info] > git for-each-ref --format=%(refname)%00%(upstream:short)%00%(objectname)%00%(upstream:track)%00%(upstream:remotename)%00%(upstream:remoteref) refs/heads/master refs/remotes/master [62ms]
2024-09-12 08:35:02.771 [info] > git config --get commit.template [74ms]
2024-09-12 08:35:02.774 [info] > git config --local branch.master.vscode-merge-base [3ms]
2024-09-12 08:35:02.774 [warning] [Git][config] git config failed: Failed to execute git
2024-09-12 08:35:02.778 [info] > git for-each-ref --format=%(refname)%00%(upstream:short)%00%(objectname)%00%(upstream:track)%00%(upstream:remotename)%00%(upstream:remoteref) refs/heads/main refs/remotes/main [3ms]
2024-09-12 08:35:02.781 [info] > git reflog master --grep-reflog=branch: Created from *. [4ms]
2024-09-12 08:35:02.783 [info] > git status -z -uall [3ms]
2024-09-12 08:35:02.791 [info] > git symbolic-ref --short refs/remotes/origin/HEAD [7ms]
2024-09-12 08:35:02.791 [info] fatal: ref refs/remotes/origin/HEAD is not a symbolic ref
2024-09-12 08:35:02.791 [info] > git for-each-ref --format=%(refname)%00%(upstream:short)%00%(objectname)%00%(upstream:track)%00%(upstream:remotename)%00%(upstream:remoteref) refs/heads/main refs/remotes/main [5ms]
2024-09-12 08:35:02.794 [info] > git config --get commit.template [4ms]
2024-09-12 08:35:02.797 [info] > git config --local branch.main.vscode-merge-base [4ms]
2024-09-12 08:35:02.800 [info] > git for-each-ref --format=%(refname)%00%(upstream:short)%00%(objectname)%00%(upstream:track)%00%(upstream:remotename)%00%(upstream:remoteref) refs/heads/main refs/remotes/main [4ms]
2024-09-12 08:35:02.802 [info] > git for-each-ref --format=%(refname)%00%(upstream:short)%00%(objectname)%00%(upstream:track)%00%(upstream:remotename)%00%(upstream:remoteref) refs/heads/origin/main refs/remotes/origin/main [3ms]
2024-09-12 08:35:02.805 [info] > git status -z -uall [3ms]
2024-09-12 08:35:02.809 [info] > git merge-base refs/heads/main refs/remotes/origin/main [4ms]
2024-09-12 08:35:02.812 [info] > git for-each-ref --format=%(refname)%00%(upstream:short)%00%(objectname)%00%(upstream:track)%00%(upstream:remotename)%00%(upstream:remoteref) refs/heads/main refs/remotes/main [4ms]
2024-09-12 08:35:02.814 [info] > git rev-list --count --left-right refs/heads/main...refs/remotes/origin/main [3ms]
2024-09-12 08:35:02.817 [info] > git config --local branch.main.vscode-merge-base [3ms]
2024-09-12 08:35:02.819 [info] > git diff --name-status -z --diff-filter=ADMR c0050f5f1d5df16171b4d22d8365d4eb5d703ecb...refs/remotes/origin/main [2ms]
2024-09-12 08:35:02.821 [info] > git for-each-ref --format=%(refname)%00%(upstream:short)%00%(objectname)%00%(upstream:track)%00%(upstream:remotename)%00%(upstream:remoteref) refs/heads/origin/main refs/remotes/origin/main [2ms]
2024-09-12 08:35:03.225 [info] > git fetch [541ms]
2024-09-12 08:35:03.229 [info] > git config --get commit.template [2ms]
2024-09-12 08:35:03.230 [info] > git for-each-ref --format=%(refname)%00%(upstream:short)%00%(objectname)%00%(upstream:track)%00%(upstream:remotename)%00%(upstream:remoteref) refs/heads/main refs/remotes/main [1ms]
2024-09-12 08:35:03.233 [info] > git status -z -uall [1ms]
2024-09-12 08:35:03.237 [info] > git for-each-ref --format=%(refname)%00%(upstream:short)%00%(objectname)%00%(upstream:track)%00%(upstream:remotename)%00%(upstream:remoteref) refs/heads/main refs/remotes/main [2ms]
2024-09-12 08:35:03.240 [info] > git config --local branch.main.vscode-merge-base [2ms]
2024-09-12 08:35:03.243 [info] > git for-each-ref --format=%(refname)%00%(upstream:short)%00%(objectname)%00%(upstream:track)%00%(upstream:remotename)%00%(upstream:remoteref) refs/heads/origin/main refs/remotes/origin/main [2ms]
2024-09-12 08:35:03.871 [info] > git check-ignore -v -z --stdin [4ms]
2024-09-12 08:35:03.874 [info] > git check-ignore -v -z --stdin [3ms]
2024-09-12 08:35:04.534 [info] > git config --get commit.template [4ms]
2024-09-12 08:35:04.537 [info] > git for-each-ref --format=%(refname)%00%(upstream:short)%00%(objectname)%00%(upstream:track)%00%(upstream:remotename)%00%(upstream:remoteref) refs/heads/main refs/remotes/main [3ms]
2024-09-12 08:35:04.547 [info] > git status -z -uall [1ms]
2024-09-12 08:35:04.556 [info] > git for-each-ref --format=%(refname)%00%(upstream:short)%00%(objectname)%00%(upstream:track)%00%(upstream:remotename)%00%(upstream:remoteref) refs/heads/main refs/remotes/main [5ms]
2024-09-12 08:35:04.559 [info] > git config --local branch.main.vscode-merge-base [2ms]
2024-09-12 08:35:04.562 [info] > git for-each-ref --format=%(refname)%00%(upstream:short)%00%(objectname)%00%(upstream:track)%00%(upstream:remotename)%00%(upstream:remoteref) refs/heads/origin/main refs/remotes/origin/main [2ms]
2024-09-12 08:35:05.341 [info] > git log --format=%H%n%aN%n%aE%n%at%n%ct%n%P%n%D%n%B -z --shortstat --diff-merges=first-parent -n50 --skip=0 --topo-order --decorate=full 4631ff989dbbb1997857b3fe074c730fadb12ccd [2045ms]
2024-09-12 08:35:05.490 [info] > git log --format=%H%n%aN%n%aE%n%at%n%ct%n%P%n%D%n%B -z --shortstat --diff-merges=first-parent -n50 --skip=0 --topo-order --decorate=full 58d8c72d6385e441a798b675d9cfab47811bfc9f c0050f5f1d5df16171b4d22d8365d4eb5d703ecb [4ms]
2024-09-12 08:35:07.236 [info] > git for-each-ref --format=%(refname)%00%(upstream:short)%00%(objectname)%00%(upstream:track)%00%(upstream:remotename)%00%(upstream:remoteref) refs/heads/master refs/remotes/master [0ms]
2024-09-12 08:35:07.236 [info] > git config --get commit.template [9ms]
2024-09-12 08:35:07.252 [info] > git status -z -uall [15ms]
2024-09-12 08:35:07.259 [info] > git for-each-ref --format=%(refname)%00%(upstream:short)%00%(objectname)%00%(upstream:track)%00%(upstream:remotename)%00%(upstream:remoteref) refs/heads/master refs/remotes/master [5ms]
2024-09-12 08:35:07.262 [info] > git config --local branch.master.vscode-merge-base [1ms]
2024-09-12 08:35:07.262 [warning] [Git][config] git config failed: Failed to execute git
2024-09-12 08:35:07.264 [info] > git reflog master --grep-reflog=branch: Created from *. [1ms]
2024-09-12 08:35:07.267 [info] > git symbolic-ref --short refs/remotes/origin/HEAD [2ms]
2024-09-12 08:35:07.267 [info] fatal: ref refs/remotes/origin/HEAD is not a symbolic ref
2024-09-12 08:35:12.266 [info] > git config --get commit.template [3ms]
2024-09-12 08:35:12.280 [info] > git for-each-ref --format=%(refname)%00%(upstream:short)%00%(objectname)%00%(upstream:track)%00%(upstream:remotename)%00%(upstream:remoteref) refs/heads/master refs/remotes/master [15ms]
2024-09-12 08:35:12.296 [info] > git status -z -uall [13ms]
2024-09-12 08:35:12.301 [info] > git for-each-ref --format=%(refname)%00%(upstream:short)%00%(objectname)%00%(upstream:track)%00%(upstream:remotename)%00%(upstream:remoteref) refs/heads/master refs/remotes/master [4ms]
2024-09-12 08:35:12.303 [info] > git config --local branch.master.vscode-merge-base [1ms]
2024-09-12 08:35:12.303 [warning] [Git][config] git config failed: Failed to execute git
2024-09-12 08:35:12.306 [info] > git reflog master --grep-reflog=branch: Created from *. [1ms]
2024-09-12 08:35:12.308 [info] > git symbolic-ref --short refs/remotes/origin/HEAD [1ms]
2024-09-12 08:35:12.308 [info] fatal: ref refs/remotes/origin/HEAD is not a symbolic ref
2024-09-12 08:35:17.305 [info] > git config --get commit.template [3ms]
2024-09-12 08:35:17.306 [info] > git for-each-ref --format=%(refname)%00%(upstream:short)%00%(objectname)%00%(upstream:track)%00%(upstream:remotename)%00%(upstream:remoteref) refs/heads/master refs/remotes/master [2ms]
2024-09-12 08:35:17.321 [info] > git status -z -uall [14ms]
2024-09-12 08:35:17.332 [info] > git for-each-ref --format=%(refname)%00%(upstream:short)%00%(objectname)%00%(upstream:track)%00%(upstream:remotename)%00%(upstream:remoteref) refs/heads/master refs/remotes/master [9ms]
2024-09-12 08:35:17.335 [info] > git config --local branch.master.vscode-merge-base [2ms]
2024-09-12 08:35:17.335 [warning] [Git][config] git config failed: Failed to execute git
2024-09-12 08:35:17.340 [info] > git reflog master --grep-reflog=branch: Created from *. [3ms]
2024-09-12 08:35:17.342 [info] > git symbolic-ref --short refs/remotes/origin/HEAD [1ms]
2024-09-12 08:35:17.342 [info] fatal: ref refs/remotes/origin/HEAD is not a symbolic ref
2024-09-12 08:35:21.857 [info] > git check-ignore -v -z --stdin [3ms]
2024-09-12 08:35:22.339 [info] > git config --get commit.template [3ms]
2024-09-12 08:35:22.341 [info] > git for-each-ref --format=%(refname)%00%(upstream:short)%00%(objectname)%00%(upstream:track)%00%(upstream:remotename)%00%(upstream:remoteref) refs/heads/master refs/remotes/master [1ms]
2024-09-12 08:35:22.356 [info] > git status -z -uall [14ms]
2024-09-12 08:35:22.362 [info] > git for-each-ref --format=%(refname)%00%(upstream:short)%00%(objectname)%00%(upstream:track)%00%(upstream:remotename)%00%(upstream:remoteref) refs/heads/master refs/remotes/master [4ms]
2024-09-12 08:35:22.365 [info] > git config --local branch.master.vscode-merge-base [1ms]
2024-09-12 08:35:22.365 [warning] [Git][config] git config failed: Failed to execute git
2024-09-12 08:35:22.368 [info] > git reflog master --grep-reflog=branch: Created from *. [2ms]
2024-09-12 08:35:22.371 [info] > git symbolic-ref --short refs/remotes/origin/HEAD [2ms]
2024-09-12 08:35:22.371 [info] fatal: ref refs/remotes/origin/HEAD is not a symbolic ref
